[2020-11-20 13:43:41.910] [renderer3] [error] no identifier found: Error: no identifier found
	at handleResponse (/root/.vscode/extensions/golang.go-0.18.1/dist/goMain.js:73541:48)
	at processMessageQueue (/root/.vscode/extensions/golang.go-0.18.1/dist/goMain.js:73356:17)
	at Immediate.<anonymous> (/root/.vscode/extensions/golang.go-0.18.1/dist/goMain.js:73340:13)
	at processImmediate (internal/timers.js:439:21)
[2020-11-20 13:45:57.693] [renderer3] [error] Illegal argument: range: Error: Illegal argument: range
	at Object.t.illegalArgument (/snap/code/50/usr/share/code/resources/app/out/vs/workbench/services/extensions/node/extensionHostProcess.js:10:662)
	at new ae (/snap/code/50/usr/share/code/resources/app/out/vs/workbench/services/extensions/node/extensionHostProcess.js:531:110)
	at new ae (/snap/code/50/usr/share/code/resources/app/out/vs/workbench/services/extensions/node/extensionHostProcess.js:511:436)
	at new ProtocolDocumentLink (/root/.vscode/extensions/golang.go-0.18.1/dist/goMain.js:49420:9)
	at asDocumentLink (/root/.vscode/extensions/golang.go-0.18.1/dist/goMain.js:78637:20)
	at Array.map (<anonymous>)
	at asDocumentLinks (/root/.vscode/extensions/golang.go-0.18.1/dist/goMain.js:78650:22)
[2020-11-20 13:48:39.784] [renderer3] [error] invalid pos: Error: invalid pos
	at handleResponse (/root/.vscode/extensions/golang.go-0.18.1/dist/goMain.js:73541:48)
	at processMessageQueue (/root/.vscode/extensions/golang.go-0.18.1/dist/goMain.js:73356:17)
	at Immediate.<anonymous> (/root/.vscode/extensions/golang.go-0.18.1/dist/goMain.js:73340:13)
	at processImmediate (internal/timers.js:439:21)
[2020-11-20 13:50:20.868] [renderer3] [error] no identifier found: Error: no identifier found
	at handleResponse (/root/.vscode/extensions/golang.go-0.18.1/dist/goMain.js:73541:48)
	at processMessageQueue (/root/.vscode/extensions/golang.go-0.18.1/dist/goMain.js:73356:17)
	at Immediate.<anonymous> (/root/.vscode/extensions/golang.go-0.18.1/dist/goMain.js:73340:13)
	at processImmediate (internal/timers.js:439:21)
[2020-11-20 13:50:31.518] [renderer3] [error] invalid pos: Error: invalid pos
	at handleResponse (/root/.vscode/extensions/golang.go-0.18.1/dist/goMain.js:73541:48)
	at processMessageQueue (/root/.vscode/extensions/golang.go-0.18.1/dist/goMain.js:73356:17)
	at Immediate.<anonymous> (/root/.vscode/extensions/golang.go-0.18.1/dist/goMain.js:73340:13)
	at processImmediate (internal/timers.js:439:21)
[2020-11-20 13:50:33.848] [renderer3] [error] invalid pos: Error: invalid pos
	at handleResponse (/root/.vscode/extensions/golang.go-0.18.1/dist/goMain.js:73541:48)
	at processMessageQueue (/root/.vscode/extensions/golang.go-0.18.1/dist/goMain.js:73356:17)
	at Immediate.<anonymous> (/root/.vscode/extensions/golang.go-0.18.1/dist/goMain.js:73340:13)
	at processImmediate (internal/timers.js:439:21)
[2020-11-20 13:50:35.647] [renderer3] [error] invalid pos: Error: invalid pos
	at handleResponse (/root/.vscode/extensions/golang.go-0.18.1/dist/goMain.js:73541:48)
	at processMessageQueue (/root/.vscode/extensions/golang.go-0.18.1/dist/goMain.js:73356:17)
	at Immediate.<anonymous> (/root/.vscode/extensions/golang.go-0.18.1/dist/goMain.js:73340:13)
	at processImmediate (internal/timers.js:439:21)
[2020-11-20 13:50:52.267] [renderer3] [error] invalid pos: Error: invalid pos
	at handleResponse (/root/.vscode/extensions/golang.go-0.18.1/dist/goMain.js:73541:48)
	at processMessageQueue (/root/.vscode/extensions/golang.go-0.18.1/dist/goMain.js:73356:17)
	at Immediate.<anonymous> (/root/.vscode/extensions/golang.go-0.18.1/dist/goMain.js:73340:13)
	at processImmediate (internal/timers.js:439:21)
[2020-11-20 13:52:07.179] [renderer3] [error] invalid pos: Error: invalid pos
	at handleResponse (/root/.vscode/extensions/golang.go-0.18.1/dist/goMain.js:73541:48)
	at processMessageQueue (/root/.vscode/extensions/golang.go-0.18.1/dist/goMain.js:73356:17)
	at Immediate.<anonymous> (/root/.vscode/extensions/golang.go-0.18.1/dist/goMain.js:73340:13)
	at processImmediate (internal/timers.js:439:21)
[2020-11-20 13:52:34.258] [renderer3] [error] no identifier found: Error: no identifier found
	at handleResponse (/root/.vscode/extensions/golang.go-0.18.1/dist/goMain.js:73541:48)
	at processMessageQueue (/root/.vscode/extensions/golang.go-0.18.1/dist/goMain.js:73356:17)
	at Immediate.<anonymous> (/root/.vscode/extensions/golang.go-0.18.1/dist/goMain.js:73340:13)
	at processImmediate (internal/timers.js:439:21)
[2020-11-20 13:53:42.659] [renderer3] [error] no identifier found: Error: no identifier found
	at handleResponse (/root/.vscode/extensions/golang.go-0.18.1/dist/goMain.js:73541:48)
	at processMessageQueue (/root/.vscode/extensions/golang.go-0.18.1/dist/goMain.js:73356:17)
	at Immediate.<anonymous> (/root/.vscode/extensions/golang.go-0.18.1/dist/goMain.js:73340:13)
	at processImmediate (internal/timers.js:439:21)
[2020-11-20 13:54:17.653] [renderer3] [error] no identifier found: Error: no identifier found
	at handleResponse (/root/.vscode/extensions/golang.go-0.18.1/dist/goMain.js:73541:48)
	at processMessageQueue (/root/.vscode/extensions/golang.go-0.18.1/dist/goMain.js:73356:17)
	at Immediate.<anonymous> (/root/.vscode/extensions/golang.go-0.18.1/dist/goMain.js:73340:13)
	at processImmediate (internal/timers.js:439:21)
[2020-11-20 13:54:54.336] [renderer3] [error] no object found for ident BorrwC: no object found: Error: no object found for ident BorrwC: no object found
	at handleResponse (/root/.vscode/extensions/golang.go-0.18.1/dist/goMain.js:73541:48)
	at processMessageQueue (/root/.vscode/extensions/golang.go-0.18.1/dist/goMain.js:73356:17)
	at Immediate.<anonymous> (/root/.vscode/extensions/golang.go-0.18.1/dist/goMain.js:73340:13)
	at processImmediate (internal/timers.js:439:21)
[2020-11-20 13:54:54.458] [renderer3] [error] no identifier found: Error: no identifier found
	at handleResponse (/root/.vscode/extensions/golang.go-0.18.1/dist/goMain.js:73541:48)
	at processMessageQueue (/root/.vscode/extensions/golang.go-0.18.1/dist/goMain.js:73356:17)
	at Immediate.<anonymous> (/root/.vscode/extensions/golang.go-0.18.1/dist/goMain.js:73340:13)
	at processImmediate (internal/timers.js:439:21)
[2020-11-20 13:55:08.621] [renderer3] [error] no identifier found: Error: no identifier found
	at handleResponse (/root/.vscode/extensions/golang.go-0.18.1/dist/goMain.js:73541:48)
	at processMessageQueue (/root/.vscode/extensions/golang.go-0.18.1/dist/goMain.js:73356:17)
	at Immediate.<anonymous> (/root/.vscode/extensions/golang.go-0.18.1/dist/goMain.js:73340:13)
	at processImmediate (internal/timers.js:439:21)
[2020-11-20 13:58:35.375] [renderer3] [error] invalid pos: Error: invalid pos
	at handleResponse (/root/.vscode/extensions/golang.go-0.18.1/dist/goMain.js:73541:48)
	at processMessageQueue (/root/.vscode/extensions/golang.go-0.18.1/dist/goMain.js:73356:17)
	at Immediate.<anonymous> (/root/.vscode/extensions/golang.go-0.18.1/dist/goMain.js:73340:13)
	at processImmediate (internal/timers.js:439:21)
[2020-11-20 13:59:36.433] [renderer3] [error] no object found for ident data: no object found: Error: no object found for ident data: no object found
	at handleResponse (/root/.vscode/extensions/golang.go-0.18.1/dist/goMain.js:73541:48)
	at processMessageQueue (/root/.vscode/extensions/golang.go-0.18.1/dist/goMain.js:73356:17)
	at Immediate.<anonymous> (/root/.vscode/extensions/golang.go-0.18.1/dist/goMain.js:73340:13)
	at processImmediate (internal/timers.js:439:21)
[2020-11-20 13:59:48.712] [renderer3] [error] no object found for ident data: no object found: Error: no object found for ident data: no object found
	at handleResponse (/root/.vscode/extensions/golang.go-0.18.1/dist/goMain.js:73541:48)
	at processMessageQueue (/root/.vscode/extensions/golang.go-0.18.1/dist/goMain.js:73356:17)
	at Immediate.<anonymous> (/root/.vscode/extensions/golang.go-0.18.1/dist/goMain.js:73340:13)
	at processImmediate (internal/timers.js:439:21)
[2020-11-20 13:59:52.708] [renderer3] [error] no identifier found: Error: no identifier found
	at handleResponse (/root/.vscode/extensions/golang.go-0.18.1/dist/goMain.js:73541:48)
	at processMessageQueue (/root/.vscode/extensions/golang.go-0.18.1/dist/goMain.js:73356:17)
	at Immediate.<anonymous> (/root/.vscode/extensions/golang.go-0.18.1/dist/goMain.js:73340:13)
	at processImmediate (internal/timers.js:439:21)
[2020-11-20 13:59:57.962] [renderer3] [error] no object found for ident data: no object found: Error: no object found for ident data: no object found
	at handleResponse (/root/.vscode/extensions/golang.go-0.18.1/dist/goMain.js:73541:48)
	at processMessageQueue (/root/.vscode/extensions/golang.go-0.18.1/dist/goMain.js:73356:17)
	at Immediate.<anonymous> (/root/.vscode/extensions/golang.go-0.18.1/dist/goMain.js:73340:13)
	at processImmediate (internal/timers.js:439:21)
[2020-11-20 13:59:58.396] [renderer3] [error] no identifier found: Error: no identifier found
	at handleResponse (/root/.vscode/extensions/golang.go-0.18.1/dist/goMain.js:73541:48)
	at processMessageQueue (/root/.vscode/extensions/golang.go-0.18.1/dist/goMain.js:73356:17)
	at Immediate.<anonymous> (/root/.vscode/extensions/golang.go-0.18.1/dist/goMain.js:73340:13)
	at processImmediate (internal/timers.js:439:21)
[2020-11-20 13:59:59.653] [renderer3] [error] no identifier found: Error: no identifier found
	at handleResponse (/root/.vscode/extensions/golang.go-0.18.1/dist/goMain.js:73541:48)
	at processMessageQueue (/root/.vscode/extensions/golang.go-0.18.1/dist/goMain.js:73356:17)
	at Immediate.<anonymous> (/root/.vscode/extensions/golang.go-0.18.1/dist/goMain.js:73340:13)
	at processImmediate (internal/timers.js:439:21)
[2020-11-20 14:00:45.927] [renderer3] [error] invalid pos: Error: invalid pos
	at handleResponse (/root/.vscode/extensions/golang.go-0.18.1/dist/goMain.js:73541:48)
	at processMessageQueue (/root/.vscode/extensions/golang.go-0.18.1/dist/goMain.js:73356:17)
	at Immediate.<anonymous> (/root/.vscode/extensions/golang.go-0.18.1/dist/goMain.js:73340:13)
	at processImmediate (internal/timers.js:439:21)
[2020-11-20 14:00:47.901] [renderer3] [error] no object found for ident _: no object found: Error: no object found for ident _: no object found
	at handleResponse (/root/.vscode/extensions/golang.go-0.18.1/dist/goMain.js:73541:48)
	at processMessageQueue (/root/.vscode/extensions/golang.go-0.18.1/dist/goMain.js:73356:17)
	at Immediate.<anonymous> (/root/.vscode/extensions/golang.go-0.18.1/dist/goMain.js:73340:13)
	at processImmediate (internal/timers.js:439:21)
[2020-11-20 14:03:43.807] [renderer3] [warning] {"name":"Error","message":"28:89: expected ';', found ','"}
[2020-11-20 14:03:49.122] [renderer3] [error] no identifier found: Error: no identifier found
	at handleResponse (/root/.vscode/extensions/golang.go-0.18.1/dist/goMain.js:73541:48)
	at processMessageQueue (/root/.vscode/extensions/golang.go-0.18.1/dist/goMain.js:73356:17)
	at Immediate.<anonymous> (/root/.vscode/extensions/golang.go-0.18.1/dist/goMain.js:73340:13)
	at processImmediate (internal/timers.js:439:21)
[2020-11-20 14:07:53.213] [renderer3] [error] no identifier found: Error: no identifier found
	at handleResponse (/root/.vscode/extensions/golang.go-0.18.1/dist/goMain.js:73541:48)
	at processMessageQueue (/root/.vscode/extensions/golang.go-0.18.1/dist/goMain.js:73356:17)
	at Immediate.<anonymous> (/root/.vscode/extensions/golang.go-0.18.1/dist/goMain.js:73340:13)
	at processImmediate (internal/timers.js:439:21)
[2020-11-20 14:09:02.596] [renderer3] [error] no identifier found: Error: no identifier found
	at handleResponse (/root/.vscode/extensions/golang.go-0.18.1/dist/goMain.js:73541:48)
	at processMessageQueue (/root/.vscode/extensions/golang.go-0.18.1/dist/goMain.js:73356:17)
	at Immediate.<anonymous> (/root/.vscode/extensions/golang.go-0.18.1/dist/goMain.js:73340:13)
	at processImmediate (internal/timers.js:439:21)
[2020-11-20 14:09:08.688] [renderer3] [error] no identifier found: Error: no identifier found
	at handleResponse (/root/.vscode/extensions/golang.go-0.18.1/dist/goMain.js:73541:48)
	at processMessageQueue (/root/.vscode/extensions/golang.go-0.18.1/dist/goMain.js:73356:17)
	at Immediate.<anonymous> (/root/.vscode/extensions/golang.go-0.18.1/dist/goMain.js:73340:13)
	at processImmediate (internal/timers.js:439:21)
[2020-11-20 14:12:32.286] [renderer3] [error] no identifier found: Error: no identifier found
	at handleResponse (/root/.vscode/extensions/golang.go-0.18.1/dist/goMain.js:73541:48)
	at processMessageQueue (/root/.vscode/extensions/golang.go-0.18.1/dist/goMain.js:73356:17)
	at Immediate.<anonymous> (/root/.vscode/extensions/golang.go-0.18.1/dist/goMain.js:73340:13)
	at processImmediate (internal/timers.js:439:21)
[2020-11-20 14:20:03.160] [renderer3] [error] no object found for ident GetBooksByID: no object found: Error: no object found for ident GetBooksByID: no object found
	at handleResponse (/root/.vscode/extensions/golang.go-0.18.1/dist/goMain.js:73541:48)
	at processMessageQueue (/root/.vscode/extensions/golang.go-0.18.1/dist/goMain.js:73356:17)
	at Immediate.<anonymous> (/root/.vscode/extensions/golang.go-0.18.1/dist/goMain.js:73340:13)
	at processImmediate (internal/timers.js:439:21)
[2020-11-20 14:22:57.836] [renderer3] [error] no identifier found: Error: no identifier found
	at handleResponse (/root/.vscode/extensions/golang.go-0.18.1/dist/goMain.js:73541:48)
	at processMessageQueue (/root/.vscode/extensions/golang.go-0.18.1/dist/goMain.js:73356:17)
	at Immediate.<anonymous> (/root/.vscode/extensions/golang.go-0.18.1/dist/goMain.js:73340:13)
	at processImmediate (internal/timers.js:439:21)
[2020-11-20 14:23:22.542] [renderer3] [error] invalid pos: Error: invalid pos
	at handleResponse (/root/.vscode/extensions/golang.go-0.18.1/dist/goMain.js:73541:48)
	at processMessageQueue (/root/.vscode/extensions/golang.go-0.18.1/dist/goMain.js:73356:17)
	at Immediate.<anonymous> (/root/.vscode/extensions/golang.go-0.18.1/dist/goMain.js:73340:13)
	at processImmediate (internal/timers.js:439:21)
[2020-11-20 14:23:50.410] [renderer3] [error] no identifier found: Error: no identifier found
	at handleResponse (/root/.vscode/extensions/golang.go-0.18.1/dist/goMain.js:73541:48)
	at processMessageQueue (/root/.vscode/extensions/golang.go-0.18.1/dist/goMain.js:73356:17)
	at Immediate.<anonymous> (/root/.vscode/extensions/golang.go-0.18.1/dist/goMain.js:73340:13)
	at processImmediate (internal/timers.js:439:21)
[2020-11-20 14:27:47.413] [renderer3] [error] no identifier found: Error: no identifier found
	at handleResponse (/root/.vscode/extensions/golang.go-0.18.1/dist/goMain.js:73541:48)
	at processMessageQueue (/root/.vscode/extensions/golang.go-0.18.1/dist/goMain.js:73356:17)
	at Immediate.<anonymous> (/root/.vscode/extensions/golang.go-0.18.1/dist/goMain.js:73340:13)
	at processImmediate (internal/timers.js:439:21)
[2020-11-20 14:27:53.482] [renderer3] [error] no identifier found: Error: no identifier found
	at handleResponse (/root/.vscode/extensions/golang.go-0.18.1/dist/goMain.js:73541:48)
	at processMessageQueue (/root/.vscode/extensions/golang.go-0.18.1/dist/goMain.js:73356:17)
	at Immediate.<anonymous> (/root/.vscode/extensions/golang.go-0.18.1/dist/goMain.js:73340:13)
	at processImmediate (internal/timers.js:439:21)
[2020-11-20 14:27:55.212] [renderer3] [error] no identifier found: Error: no identifier found
	at handleResponse (/root/.vscode/extensions/golang.go-0.18.1/dist/goMain.js:73541:48)
	at processMessageQueue (/root/.vscode/extensions/golang.go-0.18.1/dist/goMain.js:73356:17)
	at Immediate.<anonymous> (/root/.vscode/extensions/golang.go-0.18.1/dist/goMain.js:73340:13)
	at processImmediate (internal/timers.js:439:21)
[2020-11-20 14:27:55.418] [renderer3] [error] no object found for ident GetBookByID: no object found: Error: no object found for ident GetBookByID: no object found
	at handleResponse (/root/.vscode/extensions/golang.go-0.18.1/dist/goMain.js:73541:48)
	at processMessageQueue (/root/.vscode/extensions/golang.go-0.18.1/dist/goMain.js:73356:17)
	at Immediate.<anonymous> (/root/.vscode/extensions/golang.go-0.18.1/dist/goMain.js:73340:13)
	at processImmediate (internal/timers.js:439:21)
[2020-11-20 14:38:05.628] [renderer3] [error] no object found for ident BorrowC: no object found: Error: no object found for ident BorrowC: no object found
	at handleResponse (/root/.vscode/extensions/golang.go-0.18.1/dist/goMain.js:73541:48)
	at processMessageQueue (/root/.vscode/extensions/golang.go-0.18.1/dist/goMain.js:73356:17)
	at Immediate.<anonymous> (/root/.vscode/extensions/golang.go-0.18.1/dist/goMain.js:73340:13)
	at processImmediate (internal/timers.js:439:21)
[2020-11-20 14:38:05.720] [renderer3] [error] no object found for ident BorrowDetail: no object found: Error: no object found for ident BorrowDetail: no object found
	at handleResponse (/root/.vscode/extensions/golang.go-0.18.1/dist/goMain.js:73541:48)
	at processMessageQueue (/root/.vscode/extensions/golang.go-0.18.1/dist/goMain.js:73356:17)
	at Immediate.<anonymous> (/root/.vscode/extensions/golang.go-0.18.1/dist/goMain.js:73340:13)
	at processImmediate (internal/timers.js:439:21)
[2020-11-20 14:38:06.740] [renderer3] [error] no object found for ident GetBookByID: no object found: Error: no object found for ident GetBookByID: no object found
	at handleResponse (/root/.vscode/extensions/golang.go-0.18.1/dist/goMain.js:73541:48)
	at processMessageQueue (/root/.vscode/extensions/golang.go-0.18.1/dist/goMain.js:73356:17)
	at Immediate.<anonymous> (/root/.vscode/extensions/golang.go-0.18.1/dist/goMain.js:73340:13)
	at processImmediate (internal/timers.js:439:21)
[2020-11-20 14:38:09.402] [renderer3] [error] no object found for ident GetBookByID: no object found: Error: no object found for ident GetBookByID: no object found
	at handleResponse (/root/.vscode/extensions/golang.go-0.18.1/dist/goMain.js:73541:48)
	at processMessageQueue (/root/.vscode/extensions/golang.go-0.18.1/dist/goMain.js:73356:17)
	at Immediate.<anonymous> (/root/.vscode/extensions/golang.go-0.18.1/dist/goMain.js:73340:13)
	at processImmediate (internal/timers.js:439:21)
[2020-11-20 14:58:07.398] [renderer3] [error] no identifier found: Error: no identifier found
	at handleResponse (/root/.vscode/extensions/golang.go-0.18.1/dist/goMain.js:73541:48)
	at processMessageQueue (/root/.vscode/extensions/golang.go-0.18.1/dist/goMain.js:73356:17)
	at Immediate.<anonymous> (/root/.vscode/extensions/golang.go-0.18.1/dist/goMain.js:73340:13)
	at processImmediate (internal/timers.js:439:21)
[2020-11-20 14:58:17.732] [renderer3] [error] no object found for ident GetNewestBook: no object found: Error: no object found for ident GetNewestBook: no object found
	at handleResponse (/root/.vscode/extensions/golang.go-0.18.1/dist/goMain.js:73541:48)
	at processMessageQueue (/root/.vscode/extensions/golang.go-0.18.1/dist/goMain.js:73356:17)
	at Immediate.<anonymous> (/root/.vscode/extensions/golang.go-0.18.1/dist/goMain.js:73340:13)
	at processImmediate (internal/timers.js:439:21)
[2020-11-20 15:26:18.249] [renderer3] [error] no identifier found: Error: no identifier found
	at handleResponse (/root/.vscode/extensions/golang.go-0.18.1/dist/goMain.js:73541:48)
	at processMessageQueue (/root/.vscode/extensions/golang.go-0.18.1/dist/goMain.js:73356:17)
	at Immediate.<anonymous> (/root/.vscode/extensions/golang.go-0.18.1/dist/goMain.js:73340:13)
	at processImmediate (internal/timers.js:439:21)
[2020-11-20 15:30:57.478] [renderer3] [error] no object found for ident InputBorrowd: no object found: Error: no object found for ident InputBorrowd: no object found
	at handleResponse (/root/.vscode/extensions/golang.go-0.18.1/dist/goMain.js:73541:48)
	at processMessageQueue (/root/.vscode/extensions/golang.go-0.18.1/dist/goMain.js:73356:17)
	at Immediate.<anonymous> (/root/.vscode/extensions/golang.go-0.18.1/dist/goMain.js:73340:13)
	at processImmediate (internal/timers.js:439:21)
[2020-11-20 15:31:01.169] [renderer3] [error] context canceled: Error: context canceled
	at handleResponse (/root/.vscode/extensions/golang.go-0.18.1/dist/goMain.js:73541:48)
	at processMessageQueue (/root/.vscode/extensions/golang.go-0.18.1/dist/goMain.js:73356:17)
	at Immediate.<anonymous> (/root/.vscode/extensions/golang.go-0.18.1/dist/goMain.js:73340:13)
	at processImmediate (internal/timers.js:439:21)
[2020-11-20 15:34:03.719] [renderer3] [error] no identifier found: Error: no identifier found
	at handleResponse (/root/.vscode/extensions/golang.go-0.18.1/dist/goMain.js:73541:48)
	at processMessageQueue (/root/.vscode/extensions/golang.go-0.18.1/dist/goMain.js:73356:17)
	at Immediate.<anonymous> (/root/.vscode/extensions/golang.go-0.18.1/dist/goMain.js:73340:13)
	at processImmediate (internal/timers.js:439:21)
[2020-11-20 15:36:15.112] [renderer3] [error] no identifier found: Error: no identifier found
	at handleResponse (/root/.vscode/extensions/golang.go-0.18.1/dist/goMain.js:73541:48)
	at processMessageQueue (/root/.vscode/extensions/golang.go-0.18.1/dist/goMain.js:73356:17)
	at Immediate.<anonymous> (/root/.vscode/extensions/golang.go-0.18.1/dist/goMain.js:73340:13)
	at processImmediate (internal/timers.js:439:21)
[2020-11-20 15:38:54.972] [renderer3] [error] no identifier found: Error: no identifier found
	at handleResponse (/root/.vscode/extensions/golang.go-0.18.1/dist/goMain.js:73541:48)
	at processMessageQueue (/root/.vscode/extensions/golang.go-0.18.1/dist/goMain.js:73356:17)
	at Immediate.<anonymous> (/root/.vscode/extensions/golang.go-0.18.1/dist/goMain.js:73340:13)
	at processImmediate (internal/timers.js:439:21)
[2020-11-20 15:42:07.537] [renderer3] [error] no object found for ident CreateBook: no object found: Error: no object found for ident CreateBook: no object found
	at handleResponse (/root/.vscode/extensions/golang.go-0.18.1/dist/goMain.js:73541:48)
	at processMessageQueue (/root/.vscode/extensions/golang.go-0.18.1/dist/goMain.js:73356:17)
	at Immediate.<anonymous> (/root/.vscode/extensions/golang.go-0.18.1/dist/goMain.js:73340:13)
	at processImmediate (internal/timers.js:439:21)
[2020-11-20 15:42:09.082] [renderer3] [error] no identifier found: Error: no identifier found
	at handleResponse (/root/.vscode/extensions/golang.go-0.18.1/dist/goMain.js:73541:48)
	at processMessageQueue (/root/.vscode/extensions/golang.go-0.18.1/dist/goMain.js:73356:17)
	at Immediate.<anonymous> (/root/.vscode/extensions/golang.go-0.18.1/dist/goMain.js:73340:13)
	at processImmediate (internal/timers.js:439:21)
[2020-11-20 15:42:15.960] [renderer3] [error] no identifier found: Error: no identifier found
	at handleResponse (/root/.vscode/extensions/golang.go-0.18.1/dist/goMain.js:73541:48)
	at processMessageQueue (/root/.vscode/extensions/golang.go-0.18.1/dist/goMain.js:73356:17)
	at Immediate.<anonymous> (/root/.vscode/extensions/golang.go-0.18.1/dist/goMain.js:73340:13)
	at processImmediate (internal/timers.js:439:21)
[2020-11-20 15:42:55.176] [renderer3] [error] no identifier found: Error: no identifier found
	at handleResponse (/root/.vscode/extensions/golang.go-0.18.1/dist/goMain.js:73541:48)
	at processMessageQueue (/root/.vscode/extensions/golang.go-0.18.1/dist/goMain.js:73356:17)
	at Immediate.<anonymous> (/root/.vscode/extensions/golang.go-0.18.1/dist/goMain.js:73340:13)
	at processImmediate (internal/timers.js:439:21)
[2020-11-20 15:43:13.285] [renderer3] [error] no identifier found: Error: no identifier found
	at handleResponse (/root/.vscode/extensions/golang.go-0.18.1/dist/goMain.js:73541:48)
	at processMessageQueue (/root/.vscode/extensions/golang.go-0.18.1/dist/goMain.js:73356:17)
	at Immediate.<anonymous> (/root/.vscode/extensions/golang.go-0.18.1/dist/goMain.js:73340:13)
	at processImmediate (internal/timers.js:439:21)
[2020-11-20 15:43:22.610] [renderer3] [error] no identifier found: Error: no identifier found
	at handleResponse (/root/.vscode/extensions/golang.go-0.18.1/dist/goMain.js:73541:48)
	at processMessageQueue (/root/.vscode/extensions/golang.go-0.18.1/dist/goMain.js:73356:17)
	at Immediate.<anonymous> (/root/.vscode/extensions/golang.go-0.18.1/dist/goMain.js:73340:13)
	at processImmediate (internal/timers.js:439:21)
[2020-11-20 15:43:37.678] [renderer3] [error] no identifier found: Error: no identifier found
	at handleResponse (/root/.vscode/extensions/golang.go-0.18.1/dist/goMain.js:73541:48)
	at processMessageQueue (/root/.vscode/extensions/golang.go-0.18.1/dist/goMain.js:73356:17)
	at Immediate.<anonymous> (/root/.vscode/extensions/golang.go-0.18.1/dist/goMain.js:73340:13)
	at processImmediate (internal/timers.js:439:21)
[2020-11-20 15:43:54.558] [renderer3] [error] no identifier found: Error: no identifier found
	at handleResponse (/root/.vscode/extensions/golang.go-0.18.1/dist/goMain.js:73541:48)
	at processMessageQueue (/root/.vscode/extensions/golang.go-0.18.1/dist/goMain.js:73356:17)
	at Immediate.<anonymous> (/root/.vscode/extensions/golang.go-0.18.1/dist/goMain.js:73340:13)
	at processImmediate (internal/timers.js:439:21)
[2020-11-20 15:44:08.794] [renderer3] [error] no identifier found: Error: no identifier found
	at handleResponse (/root/.vscode/extensions/golang.go-0.18.1/dist/goMain.js:73541:48)
	at processMessageQueue (/root/.vscode/extensions/golang.go-0.18.1/dist/goMain.js:73356:17)
	at Immediate.<anonymous> (/root/.vscode/extensions/golang.go-0.18.1/dist/goMain.js:73340:13)
	at processImmediate (internal/timers.js:439:21)
[2020-11-20 15:47:03.302] [renderer3] [error] no identifier found: Error: no identifier found
	at handleResponse (/root/.vscode/extensions/golang.go-0.18.1/dist/goMain.js:73541:48)
	at processMessageQueue (/root/.vscode/extensions/golang.go-0.18.1/dist/goMain.js:73356:17)
	at Immediate.<anonymous> (/root/.vscode/extensions/golang.go-0.18.1/dist/goMain.js:73340:13)
	at processImmediate (internal/timers.js:439:21)
[2020-11-20 15:47:30.857] [renderer3] [error] no identifier found: Error: no identifier found
	at handleResponse (/root/.vscode/extensions/golang.go-0.18.1/dist/goMain.js:73541:48)
	at processMessageQueue (/root/.vscode/extensions/golang.go-0.18.1/dist/goMain.js:73356:17)
	at Immediate.<anonymous> (/root/.vscode/extensions/golang.go-0.18.1/dist/goMain.js:73340:13)
	at processImmediate (internal/timers.js:439:21)
[2020-11-20 15:47:56.055] [renderer3] [error] no identifier found: Error: no identifier found
	at handleResponse (/root/.vscode/extensions/golang.go-0.18.1/dist/goMain.js:73541:48)
	at processMessageQueue (/root/.vscode/extensions/golang.go-0.18.1/dist/goMain.js:73356:17)
	at Immediate.<anonymous> (/root/.vscode/extensions/golang.go-0.18.1/dist/goMain.js:73340:13)
	at processImmediate (internal/timers.js:439:21)
[2020-11-20 15:51:18.546] [renderer3] [error] no identifier found: Error: no identifier found
	at handleResponse (/root/.vscode/extensions/golang.go-0.18.1/dist/goMain.js:73541:48)
	at processMessageQueue (/root/.vscode/extensions/golang.go-0.18.1/dist/goMain.js:73356:17)
	at Immediate.<anonymous> (/root/.vscode/extensions/golang.go-0.18.1/dist/goMain.js:73340:13)
	at processImmediate (internal/timers.js:439:21)
[2020-11-20 15:52:29.825] [renderer3] [error] no identifier found: Error: no identifier found
	at handleResponse (/root/.vscode/extensions/golang.go-0.18.1/dist/goMain.js:73541:48)
	at processMessageQueue (/root/.vscode/extensions/golang.go-0.18.1/dist/goMain.js:73356:17)
	at Immediate.<anonymous> (/root/.vscode/extensions/golang.go-0.18.1/dist/goMain.js:73340:13)
	at processImmediate (internal/timers.js:439:21)
[2020-11-20 15:52:47.595] [renderer3] [error] no object found for ident book: no object found: Error: no object found for ident book: no object found
	at handleResponse (/root/.vscode/extensions/golang.go-0.18.1/dist/goMain.js:73541:48)
	at processMessageQueue (/root/.vscode/extensions/golang.go-0.18.1/dist/goMain.js:73356:17)
	at Immediate.<anonymous> (/root/.vscode/extensions/golang.go-0.18.1/dist/goMain.js:73340:13)
	at processImmediate (internal/timers.js:439:21)
[2020-11-20 15:54:21.782] [renderer3] [error] no object found for ident d: no object found: Error: no object found for ident d: no object found
	at handleResponse (/root/.vscode/extensions/golang.go-0.18.1/dist/goMain.js:73541:48)
	at processMessageQueue (/root/.vscode/extensions/golang.go-0.18.1/dist/goMain.js:73356:17)
	at Immediate.<anonymous> (/root/.vscode/extensions/golang.go-0.18.1/dist/goMain.js:73340:13)
	at processImmediate (internal/timers.js:439:21)
[2020-11-20 15:59:58.931] [renderer3] [error] no object found for ident CreatBook: no object found: Error: no object found for ident CreatBook: no object found
	at handleResponse (/root/.vscode/extensions/golang.go-0.18.1/dist/goMain.js:73541:48)
	at processMessageQueue (/root/.vscode/extensions/golang.go-0.18.1/dist/goMain.js:73356:17)
	at Immediate.<anonymous> (/root/.vscode/extensions/golang.go-0.18.1/dist/goMain.js:73340:13)
	at processImmediate (internal/timers.js:439:21)
[2020-11-20 16:00:00.615] [renderer3] [error] no object found for ident CreatBook: no object found: Error: no object found for ident CreatBook: no object found
	at handleResponse (/root/.vscode/extensions/golang.go-0.18.1/dist/goMain.js:73541:48)
	at processMessageQueue (/root/.vscode/extensions/golang.go-0.18.1/dist/goMain.js:73356:17)
	at Immediate.<anonymous> (/root/.vscode/extensions/golang.go-0.18.1/dist/goMain.js:73340:13)
	at processImmediate (internal/timers.js:439:21)
[2020-11-20 16:05:38.222] [renderer3] [error] no identifier found: Error: no identifier found
	at handleResponse (/root/.vscode/extensions/golang.go-0.18.1/dist/goMain.js:73541:48)
	at processMessageQueue (/root/.vscode/extensions/golang.go-0.18.1/dist/goMain.js:73356:17)
	at Immediate.<anonymous> (/root/.vscode/extensions/golang.go-0.18.1/dist/goMain.js:73340:13)
	at processImmediate (internal/timers.js:439:21)
[2020-11-20 16:05:53.553] [renderer3] [error] no identifier found: Error: no identifier found
	at handleResponse (/root/.vscode/extensions/golang.go-0.18.1/dist/goMain.js:73541:48)
	at processMessageQueue (/root/.vscode/extensions/golang.go-0.18.1/dist/goMain.js:73356:17)
	at Immediate.<anonymous> (/root/.vscode/extensions/golang.go-0.18.1/dist/goMain.js:73340:13)
	at processImmediate (internal/timers.js:439:21)
[2020-11-20 16:07:17.807] [renderer3] [error] no identifier found: Error: no identifier found
	at handleResponse (/root/.vscode/extensions/golang.go-0.18.1/dist/goMain.js:73541:48)
	at processMessageQueue (/root/.vscode/extensions/golang.go-0.18.1/dist/goMain.js:73356:17)
	at Immediate.<anonymous> (/root/.vscode/extensions/golang.go-0.18.1/dist/goMain.js:73340:13)
	at processImmediate (internal/timers.js:439:21)
[2020-11-20 16:10:50.686] [renderer3] [error] no identifier found: Error: no identifier found
	at handleResponse (/root/.vscode/extensions/golang.go-0.18.1/dist/goMain.js:73541:48)
	at processMessageQueue (/root/.vscode/extensions/golang.go-0.18.1/dist/goMain.js:73356:17)
	at Immediate.<anonymous> (/root/.vscode/extensions/golang.go-0.18.1/dist/goMain.js:73340:13)
	at processImmediate (internal/timers.js:439:21)
[2020-11-20 16:10:51.701] [renderer3] [error] no identifier found: Error: no identifier found
	at handleResponse (/root/.vscode/extensions/golang.go-0.18.1/dist/goMain.js:73541:48)
	at processMessageQueue (/root/.vscode/extensions/golang.go-0.18.1/dist/goMain.js:73356:17)
	at Immediate.<anonymous> (/root/.vscode/extensions/golang.go-0.18.1/dist/goMain.js:73340:13)
	at processImmediate (internal/timers.js:439:21)
[2020-11-20 16:15:00.689] [renderer3] [error] no identifier found: Error: no identifier found
	at handleResponse (/root/.vscode/extensions/golang.go-0.18.1/dist/goMain.js:73541:48)
	at processMessageQueue (/root/.vscode/extensions/golang.go-0.18.1/dist/goMain.js:73356:17)
	at Immediate.<anonymous> (/root/.vscode/extensions/golang.go-0.18.1/dist/goMain.js:73340:13)
	at processImmediate (internal/timers.js:439:21)
[2020-11-20 16:15:03.520] [renderer3] [error] no identifier found: Error: no identifier found
	at handleResponse (/root/.vscode/extensions/golang.go-0.18.1/dist/goMain.js:73541:48)
	at processMessageQueue (/root/.vscode/extensions/golang.go-0.18.1/dist/goMain.js:73356:17)
	at Immediate.<anonymous> (/root/.vscode/extensions/golang.go-0.18.1/dist/goMain.js:73340:13)
	at processImmediate (internal/timers.js:439:21)
[2020-11-20 16:15:08.380] [renderer3] [error] no identifier found: Error: no identifier found
	at handleResponse (/root/.vscode/extensions/golang.go-0.18.1/dist/goMain.js:73541:48)
	at processMessageQueue (/root/.vscode/extensions/golang.go-0.18.1/dist/goMain.js:73356:17)
	at Immediate.<anonymous> (/root/.vscode/extensions/golang.go-0.18.1/dist/goMain.js:73340:13)
	at processImmediate (internal/timers.js:439:21)
[2020-11-20 16:15:21.681] [renderer3] [error] no object found for ident Update: no object found: Error: no object found for ident Update: no object found
	at handleResponse (/root/.vscode/extensions/golang.go-0.18.1/dist/goMain.js:73541:48)
	at processMessageQueue (/root/.vscode/extensions/golang.go-0.18.1/dist/goMain.js:73356:17)
	at Immediate.<anonymous> (/root/.vscode/extensions/golang.go-0.18.1/dist/goMain.js:73340:13)
	at processImmediate (internal/timers.js:439:21)
[2020-11-20 16:15:22.307] [renderer3] [error] no object found for ident UpdateBook: no object found: Error: no object found for ident UpdateBook: no object found
	at handleResponse (/root/.vscode/extensions/golang.go-0.18.1/dist/goMain.js:73541:48)
	at processMessageQueue (/root/.vscode/extensions/golang.go-0.18.1/dist/goMain.js:73356:17)
	at Immediate.<anonymous> (/root/.vscode/extensions/golang.go-0.18.1/dist/goMain.js:73340:13)
	at processImmediate (internal/timers.js:439:21)
[2020-11-20 16:17:02.045] [renderer3] [error] no identifier found: Error: no identifier found
	at handleResponse (/root/.vscode/extensions/golang.go-0.18.1/dist/goMain.js:73541:48)
	at processMessageQueue (/root/.vscode/extensions/golang.go-0.18.1/dist/goMain.js:73356:17)
	at Immediate.<anonymous> (/root/.vscode/extensions/golang.go-0.18.1/dist/goMain.js:73340:13)
	at processImmediate (internal/timers.js:439:21)
[2020-11-20 16:20:20.411] [renderer3] [error] invalid pos: Error: invalid pos
	at handleResponse (/root/.vscode/extensions/golang.go-0.18.1/dist/goMain.js:73541:48)
	at processMessageQueue (/root/.vscode/extensions/golang.go-0.18.1/dist/goMain.js:73356:17)
	at Immediate.<anonymous> (/root/.vscode/extensions/golang.go-0.18.1/dist/goMain.js:73340:13)
	at processImmediate (internal/timers.js:439:21)
[2020-11-20 16:20:25.452] [renderer3] [error] invalid pos: Error: invalid pos
	at handleResponse (/root/.vscode/extensions/golang.go-0.18.1/dist/goMain.js:73541:48)
	at processMessageQueue (/root/.vscode/extensions/golang.go-0.18.1/dist/goMain.js:73356:17)
	at Immediate.<anonymous> (/root/.vscode/extensions/golang.go-0.18.1/dist/goMain.js:73340:13)
	at processImmediate (internal/timers.js:439:21)
[2020-11-20 16:20:28.227] [renderer3] [error] invalid pos: Error: invalid pos
	at handleResponse (/root/.vscode/extensions/golang.go-0.18.1/dist/goMain.js:73541:48)
	at processMessageQueue (/root/.vscode/extensions/golang.go-0.18.1/dist/goMain.js:73356:17)
	at Immediate.<anonymous> (/root/.vscode/extensions/golang.go-0.18.1/dist/goMain.js:73340:13)
	at processImmediate (internal/timers.js:439:21)
[2020-11-20 16:20:29.233] [renderer3] [error] invalid pos: Error: invalid pos
	at handleResponse (/root/.vscode/extensions/golang.go-0.18.1/dist/goMain.js:73541:48)
	at processMessageQueue (/root/.vscode/extensions/golang.go-0.18.1/dist/goMain.js:73356:17)
	at Immediate.<anonymous> (/root/.vscode/extensions/golang.go-0.18.1/dist/goMain.js:73340:13)
	at processImmediate (internal/timers.js:439:21)
[2020-11-20 16:20:30.545] [renderer3] [error] invalid pos: Error: invalid pos
	at handleResponse (/root/.vscode/extensions/golang.go-0.18.1/dist/goMain.js:73541:48)
	at processMessageQueue (/root/.vscode/extensions/golang.go-0.18.1/dist/goMain.js:73356:17)
	at Immediate.<anonymous> (/root/.vscode/extensions/golang.go-0.18.1/dist/goMain.js:73340:13)
	at processImmediate (internal/timers.js:439:21)
[2020-11-20 16:20:32.465] [renderer3] [error] invalid pos: Error: invalid pos
	at handleResponse (/root/.vscode/extensions/golang.go-0.18.1/dist/goMain.js:73541:48)
	at processMessageQueue (/root/.vscode/extensions/golang.go-0.18.1/dist/goMain.js:73356:17)
	at Immediate.<anonymous> (/root/.vscode/extensions/golang.go-0.18.1/dist/goMain.js:73340:13)
	at processImmediate (internal/timers.js:439:21)
[2020-11-20 16:21:22.992] [renderer3] [error] invalid pos: Error: invalid pos
	at handleResponse (/root/.vscode/extensions/golang.go-0.18.1/dist/goMain.js:73541:48)
	at processMessageQueue (/root/.vscode/extensions/golang.go-0.18.1/dist/goMain.js:73356:17)
	at Immediate.<anonymous> (/root/.vscode/extensions/golang.go-0.18.1/dist/goMain.js:73340:13)
	at processImmediate (internal/timers.js:439:21)
[2020-11-20 16:21:25.415] [renderer3] [error] invalid pos: Error: invalid pos
	at handleResponse (/root/.vscode/extensions/golang.go-0.18.1/dist/goMain.js:73541:48)
	at processMessageQueue (/root/.vscode/extensions/golang.go-0.18.1/dist/goMain.js:73356:17)
	at Immediate.<anonymous> (/root/.vscode/extensions/golang.go-0.18.1/dist/goMain.js:73340:13)
	at processImmediate (internal/timers.js:439:21)
[2020-11-20 16:22:20.722] [renderer3] [error] invalid pos: Error: invalid pos
	at handleResponse (/root/.vscode/extensions/golang.go-0.18.1/dist/goMain.js:73541:48)
	at processMessageQueue (/root/.vscode/extensions/golang.go-0.18.1/dist/goMain.js:73356:17)
	at Immediate.<anonymous> (/root/.vscode/extensions/golang.go-0.18.1/dist/goMain.js:73340:13)
	at processImmediate (internal/timers.js:439:21)
[2020-11-20 16:24:29.594] [renderer3] [error] no object found for ident UpdateBook: no object found: Error: no object found for ident UpdateBook: no object found
	at handleResponse (/root/.vscode/extensions/golang.go-0.18.1/dist/goMain.js:73541:48)
	at processMessageQueue (/root/.vscode/extensions/golang.go-0.18.1/dist/goMain.js:73356:17)
	at Immediate.<anonymous> (/root/.vscode/extensions/golang.go-0.18.1/dist/goMain.js:73340:13)
	at processImmediate (internal/timers.js:439:21)
[2020-11-20 16:24:30.095] [renderer3] [error] no identifier found: Error: no identifier found
	at handleResponse (/root/.vscode/extensions/golang.go-0.18.1/dist/goMain.js:73541:48)
	at processMessageQueue (/root/.vscode/extensions/golang.go-0.18.1/dist/goMain.js:73356:17)
	at Immediate.<anonymous> (/root/.vscode/extensions/golang.go-0.18.1/dist/goMain.js:73340:13)
	at processImmediate (internal/timers.js:439:21)
[2020-11-20 16:29:58.319] [renderer3] [error] invalid pos: Error: invalid pos
	at handleResponse (/root/.vscode/extensions/golang.go-0.18.1/dist/goMain.js:73541:48)
	at processMessageQueue (/root/.vscode/extensions/golang.go-0.18.1/dist/goMain.js:73356:17)
	at Immediate.<anonymous> (/root/.vscode/extensions/golang.go-0.18.1/dist/goMain.js:73340:13)
	at processImmediate (internal/timers.js:439:21)
[2020-11-20 16:30:10.890] [renderer3] [error] context canceled: Error: context canceled
	at handleResponse (/root/.vscode/extensions/golang.go-0.18.1/dist/goMain.js:73541:48)
	at processMessageQueue (/root/.vscode/extensions/golang.go-0.18.1/dist/goMain.js:73356:17)
	at Immediate.<anonymous> (/root/.vscode/extensions/golang.go-0.18.1/dist/goMain.js:73340:13)
	at processImmediate (internal/timers.js:439:21)
[2020-11-20 16:30:16.398] [renderer3] [error] invalid pos: Error: invalid pos
	at handleResponse (/root/.vscode/extensions/golang.go-0.18.1/dist/goMain.js:73541:48)
	at processMessageQueue (/root/.vscode/extensions/golang.go-0.18.1/dist/goMain.js:73356:17)
	at Immediate.<anonymous> (/root/.vscode/extensions/golang.go-0.18.1/dist/goMain.js:73340:13)
	at processImmediate (internal/timers.js:439:21)
