Looking for git in: git
Using git 2.25.1 from git
> git rev-parse --git-dir
Open repository: /home/aziz/works/newBukuduit/bukuduit-go
> git status -z -u
> git symbolic-ref --short HEAD
> git rev-parse dev
> git rev-parse --symbolic-full-name dev@{u}
> git rev-list --left-right dev...refs/remotes/origin/dev
> git for-each-ref --sort -committerdate --format %(refname) %(objectname)
> git remote --verbose
> git config --get commit.template
> git check-ignore -v -z --stdin
> git check-ignore -v -z --stdin
> git check-ignore -v -z --stdin
> git show --textconv :server/handlers/authentication_handler.go
> git ls-files --stage -- /home/aziz/works/newBukuduit/bukuduit-go/server/handlers/authentication_handler.go
> git cat-file -s 65d27484af91a69c538150a7a16b4c0435538782
> git show --textconv :server/main.go
> git ls-files --stage -- /home/aziz/works/newBukuduit/bukuduit-go/server/main.go
> git cat-file -s 421a71e0894fbeb58ecf025e28c06bc535cd999d
> git check-ignore -v -z --stdin
> git check-ignore -v -z --stdin
> git check-ignore -v -z --stdin
> git check-ignore -v -z --stdin
> git show --textconv :server/bootstrap/routes/authentication_route.go
> git ls-files --stage -- /home/aziz/works/newBukuduit/bukuduit-go/server/bootstrap/routes/authentication_route.go
> git cat-file -s 05f6f332906d5636a410f518e69e01a1f5ef007c
> git show --textconv :server/handlers/authentication_handler.go
> git ls-files --stage -- /home/aziz/works/newBukuduit/bukuduit-go/server/handlers/authentication_handler.go
> git cat-file -s 65d27484af91a69c538150a7a16b4c0435538782
> git show --textconv :usecase/authentication_usecase.go
> git ls-files --stage -- /home/aziz/works/newBukuduit/bukuduit-go/usecase/authentication_usecase.go
> git cat-file -s 78f612a7bc30de2e56302225c7fd02f005c6773e
> git check-ignore -v -z --stdin
> git show --textconv :helpers/jwe/jwe.go
> git ls-files --stage -- /home/aziz/works/newBukuduit/bukuduit-go/helpers/jwe/jwe.go
> git cat-file -s 08e9b42f1947c5d44665eda46012d82ca09d554b
> git check-ignore -v -z --stdin
> git show --textconv :server/bootstrap/routes/authentication_route.go
> git ls-files --stage -- /home/aziz/works/newBukuduit/bukuduit-go/server/bootstrap/routes/authentication_route.go
> git cat-file -s 05f6f332906d5636a410f518e69e01a1f5ef007c
> git show --textconv :server/handlers/authentication_handler.go
> git ls-files --stage -- /home/aziz/works/newBukuduit/bukuduit-go/server/handlers/authentication_handler.go
> git cat-file -s 65d27484af91a69c538150a7a16b4c0435538782
> git show --textconv :usecase/authentication_usecase.go
> git ls-files --stage -- /home/aziz/works/newBukuduit/bukuduit-go/usecase/authentication_usecase.go
> git cat-file -s 78f612a7bc30de2e56302225c7fd02f005c6773e
