[2020-11-19 11:01:18.727] [exthost] [info] extension host started
[2020-11-19 11:01:18.751] [exthost] [info] ExtensionService#_doActivateExtension vscode.microsoft-authentication {"startup":false,"extensionId":{"value":"vscode.microsoft-authentication","_lower":"vscode.microsoft-authentication"},"activationEvent":"onAuthenticationRequest:microsoft"}
[2020-11-19 11:01:18.751] [exthost] [info] ExtensionService#loadCommonJSModule file:///snap/code/50/usr/share/code/resources/app/extensions/microsoft-authentication/dist/extension.js
[2020-11-19 11:01:18.762] [exthost] [info] ExtensionService#_doActivateExtension vscode.debug-auto-launch {"startup":true,"extensionId":{"value":"vscode.debug-auto-launch","_lower":"vscode.debug-auto-launch"},"activationEvent":"*"}
[2020-11-19 11:01:18.762] [exthost] [info] ExtensionService#loadCommonJSModule file:///snap/code/50/usr/share/code/resources/app/extensions/debug-auto-launch/dist/extension
[2020-11-19 11:01:18.764] [exthost] [info] ExtensionService#_doActivateExtension vscode.emmet {"startup":true,"extensionId":{"value":"vscode.emmet","_lower":"vscode.emmet"},"activationEvent":"*"}
[2020-11-19 11:01:18.764] [exthost] [info] ExtensionService#loadCommonJSModule file:///snap/code/50/usr/share/code/resources/app/extensions/emmet/dist/node/emmetNodeMain
[2020-11-19 11:01:18.782] [exthost] [info] ExtensionService#_doActivateExtension vscode.git {"startup":true,"extensionId":{"value":"vscode.github","_lower":"vscode.github"},"activationEvent":"*"}
[2020-11-19 11:01:18.782] [exthost] [info] ExtensionService#loadCommonJSModule file:///snap/code/50/usr/share/code/resources/app/extensions/git/dist/main
[2020-11-19 11:01:18.812] [exthost] [info] ExtensionService#_doActivateExtension vscode.merge-conflict {"startup":true,"extensionId":{"value":"vscode.merge-conflict","_lower":"vscode.merge-conflict"},"activationEvent":"*"}
[2020-11-19 11:01:18.812] [exthost] [info] ExtensionService#loadCommonJSModule file:///snap/code/50/usr/share/code/resources/app/extensions/merge-conflict/dist/mergeConflictMain
[2020-11-19 11:01:18.814] [exthost] [info] ExtensionService#_doActivateExtension vscode.search-result {"startup":true,"extensionId":{"value":"vscode.search-result","_lower":"vscode.search-result"},"activationEvent":"*"}
[2020-11-19 11:01:18.814] [exthost] [info] ExtensionService#loadCommonJSModule file:///snap/code/50/usr/share/code/resources/app/extensions/search-result/dist/extension.js
[2020-11-19 11:01:18.855] [exthost] [info] ExtensionService#_doActivateExtension vscode.github {"startup":true,"extensionId":{"value":"vscode.github","_lower":"vscode.github"},"activationEvent":"*"}
[2020-11-19 11:01:18.855] [exthost] [info] ExtensionService#loadCommonJSModule file:///snap/code/50/usr/share/code/resources/app/extensions/github/dist/extension.js
[2020-11-19 11:01:18.878] [exthost] [info] eager extensions activated
[2020-11-19 11:01:18.880] [exthost] [info] ExtensionService#_doActivateExtension ms-vscode.js-debug {"startup":false,"extensionId":{"value":"ms-vscode.js-debug","_lower":"ms-vscode.js-debug"},"activationEvent":"onCommand:extension.js-debug.clearAutoAttachVariables"}
[2020-11-19 11:01:18.880] [exthost] [info] ExtensionService#loadCommonJSModule file:///snap/code/50/usr/share/code/resources/app/extensions/ms-vscode.js-debug/src/extension.js
[2020-11-19 11:01:19.025] [exthost] [info] ExtensionService#_doActivateExtension vscode.github-authentication {"startup":false,"extensionId":{"value":"vscode.github-authentication","_lower":"vscode.github-authentication"},"activationEvent":"onAuthenticationRequest:github"}
[2020-11-19 11:01:19.025] [exthost] [info] ExtensionService#loadCommonJSModule file:///snap/code/50/usr/share/code/resources/app/extensions/github-authentication/dist/extension.js
[2020-11-19 11:01:31.666] [exthost] [info] extension host started
[2020-11-19 11:01:31.698] [exthost] [info] ExtensionService#_doActivateExtension vscode.microsoft-authentication {"startup":false,"extensionId":{"value":"vscode.microsoft-authentication","_lower":"vscode.microsoft-authentication"},"activationEvent":"onAuthenticationRequest:microsoft"}
[2020-11-19 11:01:31.699] [exthost] [info] ExtensionService#loadCommonJSModule file:///snap/code/50/usr/share/code/resources/app/extensions/microsoft-authentication/dist/extension.js
[2020-11-19 11:01:31.704] [exthost] [info] ExtensionService#_doActivateExtension vscode.debug-auto-launch {"startup":true,"extensionId":{"value":"vscode.debug-auto-launch","_lower":"vscode.debug-auto-launch"},"activationEvent":"*"}
[2020-11-19 11:01:31.704] [exthost] [info] ExtensionService#loadCommonJSModule file:///snap/code/50/usr/share/code/resources/app/extensions/debug-auto-launch/dist/extension
[2020-11-19 11:01:31.705] [exthost] [info] ExtensionService#_doActivateExtension vscode.emmet {"startup":true,"extensionId":{"value":"vscode.emmet","_lower":"vscode.emmet"},"activationEvent":"*"}
[2020-11-19 11:01:31.706] [exthost] [info] ExtensionService#loadCommonJSModule file:///snap/code/50/usr/share/code/resources/app/extensions/emmet/dist/node/emmetNodeMain
[2020-11-19 11:01:31.713] [exthost] [info] ExtensionService#_doActivateExtension vscode.git {"startup":true,"extensionId":{"value":"vscode.github","_lower":"vscode.github"},"activationEvent":"*"}
[2020-11-19 11:01:31.713] [exthost] [info] ExtensionService#loadCommonJSModule file:///snap/code/50/usr/share/code/resources/app/extensions/git/dist/main
[2020-11-19 11:01:31.724] [exthost] [info] ExtensionService#_doActivateExtension vscode.merge-conflict {"startup":true,"extensionId":{"value":"vscode.merge-conflict","_lower":"vscode.merge-conflict"},"activationEvent":"*"}
[2020-11-19 11:01:31.724] [exthost] [info] ExtensionService#loadCommonJSModule file:///snap/code/50/usr/share/code/resources/app/extensions/merge-conflict/dist/mergeConflictMain
[2020-11-19 11:01:31.726] [exthost] [info] ExtensionService#_doActivateExtension vscode.search-result {"startup":true,"extensionId":{"value":"vscode.search-result","_lower":"vscode.search-result"},"activationEvent":"*"}
[2020-11-19 11:01:31.726] [exthost] [info] ExtensionService#loadCommonJSModule file:///snap/code/50/usr/share/code/resources/app/extensions/search-result/dist/extension.js
[2020-11-19 11:01:31.774] [exthost] [info] ExtensionService#_doActivateExtension vscode.github {"startup":true,"extensionId":{"value":"vscode.github","_lower":"vscode.github"},"activationEvent":"*"}
[2020-11-19 11:01:31.774] [exthost] [info] ExtensionService#loadCommonJSModule file:///snap/code/50/usr/share/code/resources/app/extensions/github/dist/extension.js
[2020-11-19 11:01:31.799] [exthost] [info] ExtensionService#_doActivateExtension ms-vscode.js-debug {"startup":false,"extensionId":{"value":"ms-vscode.js-debug","_lower":"ms-vscode.js-debug"},"activationEvent":"onCommand:extension.js-debug.clearAutoAttachVariables"}
[2020-11-19 11:01:31.799] [exthost] [info] ExtensionService#loadCommonJSModule file:///snap/code/50/usr/share/code/resources/app/extensions/ms-vscode.js-debug/src/extension.js
[2020-11-19 11:01:31.858] [exthost] [info] ExtensionService#_doActivateExtension golang.go {"startup":true,"extensionId":{"value":"golang.go","_lower":"golang.go"},"activationEvent":"workspaceContains:**/*.go"}
[2020-11-19 11:01:31.858] [exthost] [info] ExtensionService#loadCommonJSModule file:///root/.vscode/extensions/golang.go-0.18.1/dist/goMain.js
[2020-11-19 11:01:31.973] [exthost] [info] eager extensions activated
[2020-11-19 11:01:32.001] [exthost] [info] ExtensionService#_doActivateExtension vscode.github-authentication {"startup":false,"extensionId":{"value":"vscode.github-authentication","_lower":"vscode.github-authentication"},"activationEvent":"onAuthenticationRequest:github"}
[2020-11-19 11:01:32.001] [exthost] [info] ExtensionService#loadCommonJSModule file:///snap/code/50/usr/share/code/resources/app/extensions/github-authentication/dist/extension.js
[2020-11-19 11:01:39.636] [exthost] [info] ExtensionService#_doActivateExtension vscode.configuration-editing {"startup":false,"extensionId":{"value":"vscode.configuration-editing","_lower":"vscode.configuration-editing"},"activationEvent":"onLanguage:jsonc"}
[2020-11-19 11:01:39.636] [exthost] [info] ExtensionService#loadCommonJSModule file:///snap/code/50/usr/share/code/resources/app/extensions/configuration-editing/dist/configurationEditingMain
[2020-11-19 11:01:39.640] [exthost] [info] ExtensionService#_doActivateExtension vscode.json-language-features {"startup":false,"extensionId":{"value":"vscode.json-language-features","_lower":"vscode.json-language-features"},"activationEvent":"onLanguage:jsonc"}
[2020-11-19 11:01:39.640] [exthost] [info] ExtensionService#loadCommonJSModule file:///snap/code/50/usr/share/code/resources/app/extensions/json-language-features/client/dist/node/jsonClientMain
[2020-11-19 11:01:39.664] [exthost] [info] ExtensionService#_doActivateExtension vscode.typescript-language-features {"startup":false,"extensionId":{"value":"vscode.typescript-language-features","_lower":"vscode.typescript-language-features"},"activationEvent":"onLanguage:jsonc"}
[2020-11-19 11:01:39.664] [exthost] [info] ExtensionService#loadCommonJSModule file:///snap/code/50/usr/share/code/resources/app/extensions/typescript-language-features/dist/extension
[2020-11-19 11:01:39.883] [exthost] [error] [golang.go] provider FAILED
[2020-11-19 11:01:39.892] [exthost] [error] Canceled: Canceled
	at LanguageClient.makeCancelError (/root/.vscode/extensions/golang.go-0.18.1/dist/goMain.js:13142:24)
	at LanguageClient.handleFailedRequest (/root/.vscode/extensions/golang.go-0.18.1/dist/goMain.js:13132:28)
	at /root/.vscode/extensions/golang.go-0.18.1/dist/goMain.js:11706:39
[2020-11-19 11:18:24.869] [exthost] [error] [golang.go] provider FAILED
[2020-11-19 11:18:24.892] [exthost] [error] Error: no imported package for city/utils
	at handleResponse (/root/.vscode/extensions/golang.go-0.18.1/dist/goMain.js:73541:48)
	at processMessageQueue (/root/.vscode/extensions/golang.go-0.18.1/dist/goMain.js:73356:17)
	at Immediate.<anonymous> (/root/.vscode/extensions/golang.go-0.18.1/dist/goMain.js:73340:13)
	at processImmediate (internal/timers.js:439:21)
[2020-11-19 11:32:43.070] [exthost] [error] [golang.go] provider FAILED
[2020-11-19 11:32:43.071] [exthost] [error] Error: no imported package for city/app
	at handleResponse (/root/.vscode/extensions/golang.go-0.18.1/dist/goMain.js:73541:48)
	at processMessageQueue (/root/.vscode/extensions/golang.go-0.18.1/dist/goMain.js:73356:17)
	at Immediate.<anonymous> (/root/.vscode/extensions/golang.go-0.18.1/dist/goMain.js:73340:13)
	at processImmediate (internal/timers.js:439:21)
[2020-11-19 11:35:07.016] [exthost] [error] [golang.go] provider FAILED
[2020-11-19 11:35:07.016] [exthost] [error] Error: no supported code action to execute for file:///root/go/src/city/go.sum, wanted []
	at handleResponse (/root/.vscode/extensions/golang.go-0.18.1/dist/goMain.js:73541:48)
	at processMessageQueue (/root/.vscode/extensions/golang.go-0.18.1/dist/goMain.js:73356:17)
	at Immediate.<anonymous> (/root/.vscode/extensions/golang.go-0.18.1/dist/goMain.js:73340:13)
	at processImmediate (internal/timers.js:439:21)
[2020-11-19 11:35:27.744] [exthost] [error] [golang.go] provider FAILED
[2020-11-19 11:35:27.745] [exthost] [error] Canceled: Canceled
	at LanguageClient.makeCancelError (/root/.vscode/extensions/golang.go-0.18.1/dist/goMain.js:13142:24)
	at LanguageClient.handleFailedRequest (/root/.vscode/extensions/golang.go-0.18.1/dist/goMain.js:13132:28)
	at /root/.vscode/extensions/golang.go-0.18.1/dist/goMain.js:12080:39
[2020-11-19 11:35:27.745] [exthost] [error] [golang.go] provider FAILED
[2020-11-19 11:35:27.745] [exthost] [error] Canceled: Canceled
	at LanguageClient.makeCancelError (/root/.vscode/extensions/golang.go-0.18.1/dist/goMain.js:13142:24)
	at LanguageClient.handleFailedRequest (/root/.vscode/extensions/golang.go-0.18.1/dist/goMain.js:13132:28)
	at /root/.vscode/extensions/golang.go-0.18.1/dist/goMain.js:11814:39
[2020-11-19 11:35:27.746] [exthost] [error] [golang.go] provider FAILED
[2020-11-19 11:35:27.746] [exthost] [error] Canceled: Canceled
	at LanguageClient.makeCancelError (/root/.vscode/extensions/golang.go-0.18.1/dist/goMain.js:13142:24)
	at LanguageClient.handleFailedRequest (/root/.vscode/extensions/golang.go-0.18.1/dist/goMain.js:13132:28)
	at /root/.vscode/extensions/golang.go-0.18.1/dist/goMain.js:11706:39
	at runMicrotasks (<anonymous>)
	at runNextTicks (internal/process/task_queues.js:59:5)
	at processImmediate (internal/timers.js:412:9)
[2020-11-19 11:35:27.746] [exthost] [error] [golang.go] provider FAILED
[2020-11-19 11:35:27.746] [exthost] [error] Canceled: Canceled
	at LanguageClient.makeCancelError (/root/.vscode/extensions/golang.go-0.18.1/dist/goMain.js:13142:24)
	at LanguageClient.handleFailedRequest (/root/.vscode/extensions/golang.go-0.18.1/dist/goMain.js:13132:28)
	at /root/.vscode/extensions/golang.go-0.18.1/dist/goMain.js:79308:39
[2020-11-19 11:35:27.746] [exthost] [error] [golang.go] provider FAILED
[2020-11-19 11:35:27.747] [exthost] [error] Canceled: Canceled
	at LanguageClient.makeCancelError (/root/.vscode/extensions/golang.go-0.18.1/dist/goMain.js:13142:24)
	at LanguageClient.handleFailedRequest (/root/.vscode/extensions/golang.go-0.18.1/dist/goMain.js:13132:28)
	at /root/.vscode/extensions/golang.go-0.18.1/dist/goMain.js:11848:39
	at runMicrotasks (<anonymous>)
	at runNextTicks (internal/process/task_queues.js:59:5)
	at processImmediate (internal/timers.js:412:9)
[2020-11-19 11:42:10.938] [exthost] [error] [golang.go] provider FAILED
[2020-11-19 11:42:10.939] [exthost] [error] Error: no identifier found
	at handleResponse (/root/.vscode/extensions/golang.go-0.18.1/dist/goMain.js:73541:48)
	at processMessageQueue (/root/.vscode/extensions/golang.go-0.18.1/dist/goMain.js:73356:17)
	at Immediate.<anonymous> (/root/.vscode/extensions/golang.go-0.18.1/dist/goMain.js:73340:13)
	at processImmediate (internal/timers.js:439:21)
[2020-11-19 11:42:11.189] [exthost] [error] [golang.go] provider FAILED
[2020-11-19 11:42:11.189] [exthost] [error] Error: no identifier found
	at handleResponse (/root/.vscode/extensions/golang.go-0.18.1/dist/goMain.js:73541:48)
	at processMessageQueue (/root/.vscode/extensions/golang.go-0.18.1/dist/goMain.js:73356:17)
	at Immediate.<anonymous> (/root/.vscode/extensions/golang.go-0.18.1/dist/goMain.js:73340:13)
	at processImmediate (internal/timers.js:439:21)
[2020-11-19 11:44:05.434] [exthost] [error] [golang.go] provider FAILED
[2020-11-19 11:44:05.434] [exthost] [error] Error: no object found for ident Use: no object found
	at handleResponse (/root/.vscode/extensions/golang.go-0.18.1/dist/goMain.js:73541:48)
	at processMessageQueue (/root/.vscode/extensions/golang.go-0.18.1/dist/goMain.js:73356:17)
	at Immediate.<anonymous> (/root/.vscode/extensions/golang.go-0.18.1/dist/goMain.js:73340:13)
	at processImmediate (internal/timers.js:439:21)
