[Info  - 11:01:39 AM] 2020/11/19 11:01:39 go env for /root/go/src/city
(root /root/go/src)
(go version go version go1.13.8 linux/amd64)
(valid build configuration = true)
(build flags: [])
GONOSUMDB=
GOMODCACHE=
GOPRIVATE=
GOROOT=/usr/lib/go-1.13
GOSUMDB=sum.golang.org
GOCACHE=/root/.cache/go-build
GOMOD=/root/go/src/go.mod
GO111MODULE=
GOFLAGS=
GONOPROXY=
GOINSECURE=
GOPATH=/root/go
GOPROXY=https://proxy.golang.org,direct


[Error - 11:01:39 AM] 2020/11/19 11:01:39 go/packages.Load: go [-e -json -compiled=true -test=true -export=false -deps=true -find=false -- builtin city/...]: exit status 1: build city/city: cannot load city/app: malformed module path "city/app": missing dot in first path element

	snapshot=0
	directory=/root/go/src
	query=[builtin city/...]
	packages=0

[Error - 11:01:39 AM] 2020/11/19 11:01:39 initial workspace load failed: source error list:
	file:///root/go/src/go.mod:0:0-0:11: go [-e -json -compiled=true -test=true -export=false -deps=true -find=false -- builtin city/...]: exit status 1: build city/city: cannot load city/app: malformed module path "city/app": missing dot in first path element


[Error - 11:01:39 AM] 2020/11/19 11:01:39 warning: diagnose go.mod: source error list:
	file:///root/go/src/go.mod:0:0-0:11: go [-e -json -compiled=true -test=true -export=false -deps=true -find=false -- builtin city/...]: exit status 1: build city/city: cannot load city/app: malformed module path "city/app": missing dot in first path element

	directory=/root/go/src/city
	snapshot=0

[Info  - 11:01:40 AM] 2020/11/19 11:01:40 go/packages.Load
	snapshot=1
	directory=/root/go/src
	query=[file=/root/go/src/city/main.go]
	packages=1

[Info  - 11:01:40 AM] 2020/11/19 11:01:40 go/packages.Load
	snapshot=1
	package_path="/root/go/src/city/main.go"
	files=[/root/go/src/city/main.go]

[Info  - 11:01:40 AM] 2020/11/19 11:01:40 go/packages.Load
	snapshot=1
	directory=/root/go/src
	query=[file=/root/go/src/city/main.go]
	packages=1

[Info  - 11:01:40 AM] 2020/11/19 11:01:40 go/packages.Load
	snapshot=1
	package_path="/root/go/src/city/main.go"
	files=[/root/go/src/city/main.go]

[Info  - 11:02:09 AM] 2020/11/19 11:02:09 background imports cache refresh starting

[Info  - 11:02:10 AM] 2020/11/19 11:02:10 background refresh finished after 122.572265ms

[Info  - 11:04:38 AM] 2020/11/19 11:04:38 background imports cache refresh starting

[Info  - 11:04:38 AM] 2020/11/19 11:04:38 background refresh finished after 27.543392ms

[Info  - 11:07:52 AM] 2020/11/19 11:07:52 background imports cache refresh starting

[Info  - 11:07:52 AM] 2020/11/19 11:07:52 background refresh finished after 23.051017ms

[Info  - 11:09:04 AM] 2020/11/19 11:09:04 background imports cache refresh starting

[Info  - 11:09:04 AM] 2020/11/19 11:09:04 background refresh finished after 23.183044ms

[Info  - 11:10:09 AM] 2020/11/19 11:10:09 background imports cache refresh starting

[Info  - 11:10:09 AM] 2020/11/19 11:10:09 background refresh finished after 18.032188ms

[Info  - 11:12:00 AM] 2020/11/19 11:12:00 background imports cache refresh starting

[Info  - 11:12:00 AM] 2020/11/19 11:12:00 background refresh finished after 10.442624ms

[Info  - 11:13:28 AM] 2020/11/19 11:13:28 background imports cache refresh starting

[Info  - 11:13:28 AM] 2020/11/19 11:13:28 background refresh finished after 8.08559ms

[Info  - 11:14:42 AM] 2020/11/19 11:14:42 go/packages.Load
	snapshot=3
	directory=/root/go/src
	query=[file=/root/go/src/city/app/auth.go]
	packages=1

[Info  - 11:14:42 AM] 2020/11/19 11:14:42 go/packages.Load
	snapshot=3
	package_path="city/city/app"
	files=[/root/go/src/city/app/auth.go]

[Error - 11:14:43 AM] 2020/11/19 11:14:42 city/city/app: no dep handle for city/utils: no metadata for city/utils
	snapshot=3

[Info  - 11:14:43 AM] 2020/11/19 11:14:43 go/packages.Load
	snapshot=3
	package_path="city/city/app"
	files=[/root/go/src/city/app/auth.go]

[Info  - 11:14:43 AM] 2020/11/19 11:14:43 go/packages.Load
	snapshot=3
	directory=/root/go/src
	query=[file=/root/go/src/city/app/auth.go]
	packages=1

[Error - 11:14:43 AM] 2020/11/19 11:14:43 city/city/app: no dep handle for city/utils: no metadata for city/utils
	snapshot=3

[Info  - 11:15:13 AM] 2020/11/19 11:15:13 background imports cache refresh starting

[Info  - 11:15:13 AM] 2020/11/19 11:15:13 background refresh finished after 24.403938ms

[Error - 11:18:24 AM] Request textDocument/definition failed.
  Message: no imported package for city/utils
  Code: 0 
[Info  - 11:18:54 AM] 2020/11/19 11:18:54 background imports cache refresh starting

[Info  - 11:18:54 AM] 2020/11/19 11:18:54 background refresh finished after 11.73251ms

[Info  - 11:24:46 AM] 2020/11/19 11:24:46 background imports cache refresh starting

[Info  - 11:24:46 AM] 2020/11/19 11:24:46 background refresh finished after 11.640253ms

[Info  - 11:28:06 AM] 2020/11/19 11:28:06 go/packages.Load
	snapshot=4
	directory=/root/go/src
	query=[file=/root/go/src/city/main.go]
	packages=1

[Info  - 11:28:06 AM] 2020/11/19 11:28:06 go/packages.Load
	snapshot=4
	package_path="/root/go/src/city/main.go"
	files=[/root/go/src/city/main.go]

[Info  - 11:28:20 AM] 2020/11/19 11:28:20 go/packages.Load
	snapshot=5
	directory=/root/go/src
	query=[file=/root/go/src/city/main.go]
	packages=1

[Info  - 11:28:20 AM] 2020/11/19 11:28:20 go/packages.Load
	snapshot=5
	package_path="/root/go/src/city/main.go"
	files=[/root/go/src/city/main.go]

[Error - 11:30:45 AM] 2020/11/19 11:30:45 city/city/app: no dep handle for city/utils: no metadata for city/utils
	snapshot=6

[Error - 11:30:45 AM] 2020/11/19 11:30:45 city/city/app: no dep handle for city/utils: no metadata for city/utils
	snapshot=7

[Error - 11:30:45 AM] 2020/11/19 11:30:45 city/city/app: no dep handle for city/utils: no metadata for city/utils
	snapshot=8

[Error - 11:30:45 AM] 2020/11/19 11:30:45 city/city/app: no dep handle for city/utils: no metadata for city/utils
	snapshot=9

[Error - 11:30:47 AM] 2020/11/19 11:30:47 city/city/app: no dep handle for city/utils: no metadata for city/utils
	snapshot=10

[Error - 11:30:48 AM] 2020/11/19 11:30:48 city/city/app: no dep handle for city/utils: no metadata for city/utils
	snapshot=11

[Error - 11:30:53 AM] 2020/11/19 11:30:53 city/city/app: no dep handle for city/utils: no metadata for city/utils
	snapshot=12

[Error - 11:30:53 AM] 2020/11/19 11:30:53 city/city/app: no dep handle for city/utils: no metadata for city/utils
	snapshot=13

[Error - 11:30:54 AM] 2020/11/19 11:30:54 city/city/app: no dep handle for city/utils: no metadata for city/utils
	snapshot=14

[Error - 11:30:54 AM] 2020/11/19 11:30:54 city/city/app: no dep handle for city/utils: no metadata for city/utils
	snapshot=15

[Info  - 11:31:10 AM] 2020/11/19 11:31:10 background imports cache refresh starting

[Info  - 11:31:10 AM] 2020/11/19 11:31:10 background refresh finished after 9.767841ms

[Info  - 11:31:45 AM] 2020/11/19 11:31:45 background imports cache refresh starting

[Info  - 11:31:45 AM] 2020/11/19 11:31:45 background refresh finished after 12.12396ms

[Error - 11:32:43 AM] Request textDocument/definition failed.
  Message: no imported package for city/app
  Code: 0 
[Info  - 11:32:49 AM] 2020/11/19 11:32:49 background imports cache refresh starting

[Info  - 11:32:49 AM] 2020/11/19 11:32:49 background refresh finished after 24.553729ms

[Info  - 11:34:07 AM] 2020/11/19 11:34:07 background imports cache refresh starting

[Info  - 11:34:07 AM] 2020/11/19 11:34:07 background refresh finished after 8.174338ms

[Error - 11:34:33 AM] 2020/11/19 11:34:33 code lens tidy failed: -modfile is unsupported for this Go version

[Error - 11:35:07 AM] Request textDocument/codeAction failed.
  Message: no supported code action to execute for file:///root/go/src/city/go.sum, wanted []
  Code: 0 
[Error - 11:35:10 AM] 2020/11/19 11:35:10 code lens tidy failed: -modfile is unsupported for this Go version

[Info  - 11:35:28 AM] 2020/11/19 11:35:28 go/packages.Load
	snapshot=28
	directory=/root/go/src
	query=[file=/root/go/src/city/models/model.go]
	packages=1

[Info  - 11:35:28 AM] 2020/11/19 11:35:28 go/packages.Load
	snapshot=28
	package_path="command-line-arguments"
	files=[/root/go/src/city/models/model.go]

[Error - 11:35:28 AM] 2020/11/19 11:35:28 DocumentSymbols failed: getting file for DocumentSymbols: no parsed file for file:///root/go/src/city/models/model.go in command-line-arguments
	URI=file:///root/go/src/city/models/model.go

[Error - 11:35:28 AM] 2020/11/19 11:35:28 no highlight: getting file for Highlight: no parsed file for file:///root/go/src/city/models/model.go in command-line-arguments
	URI=file:///root/go/src/city/models/model.go

[Error - 11:35:36 AM] 2020/11/19 11:35:36 no highlight: getting file for Highlight: no parsed file for file:///root/go/src/city/models/model.go in command-line-arguments
	URI=file:///root/go/src/city/models/model.go

[Error - 11:35:39 AM] 2020/11/19 11:35:39 no highlight: getting file for Highlight: no parsed file for file:///root/go/src/city/models/model.go in command-line-arguments
	URI=file:///root/go/src/city/models/model.go

[Error - 11:35:42 AM] 2020/11/19 11:35:42 no highlight: getting file for Highlight: no parsed file for file:///root/go/src/city/models/model.go in command-line-arguments
	URI=file:///root/go/src/city/models/model.go

[Info  - 11:35:54 AM] 2020/11/19 11:35:54 background imports cache refresh starting

[Info  - 11:35:54 AM] 2020/11/19 11:35:54 background refresh finished after 6.083635ms

[Info  - 11:36:34 AM] 2020/11/19 11:36:34 go/packages.Load
	snapshot=28
	directory=/root/go/src
	query=[file=/root/go/src/city/models/base.go file=/root/go/src/city/models/model.go]
	packages=1

[Info  - 11:36:34 AM] 2020/11/19 11:36:34 go/packages.Load
	snapshot=28
	package_path="command-line-arguments"
	files=[/root/go/src/city/models/base.go]

[Error - 11:37:35 AM] 2020/11/19 11:37:35 no highlight: getting file for Highlight: no parsed file for file:///root/go/src/city/models/model.go in command-line-arguments
	URI=file:///root/go/src/city/models/model.go

[Info  - 11:38:05 AM] 2020/11/19 11:38:05 background imports cache refresh starting

[Info  - 11:38:05 AM] 2020/11/19 11:38:05 background refresh finished after 10.13064ms

[Info  - 11:41:24 AM] 2020/11/19 11:41:24 background imports cache refresh starting

[Info  - 11:41:24 AM] 2020/11/19 11:41:24 background refresh finished after 10.033085ms

[Error - 11:42:10 AM] Request textDocument/definition failed.
  Message: no identifier found
  Code: 0 
[Error - 11:42:11 AM] Request textDocument/definition failed.
  Message: no identifier found
  Code: 0 
[Info  - 11:42:24 AM] 2020/11/19 11:42:24 background imports cache refresh starting

[Info  - 11:42:24 AM] 2020/11/19 11:42:24 background refresh finished after 9.700728ms

[Info  - 11:43:00 AM] 2020/11/19 11:43:00 background imports cache refresh starting

[Info  - 11:43:00 AM] 2020/11/19 11:43:00 background refresh finished after 10.651173ms

[Info  - 11:43:31 AM] 2020/11/19 11:43:31 background imports cache refresh starting

[Info  - 11:43:31 AM] 2020/11/19 11:43:31 background refresh finished after 9.543775ms

[Error - 11:44:05 AM] Request textDocument/definition failed.
  Message: no object found for ident Use: no object found
  Code: 0 
[Info  - 11:44:28 AM] 2020/11/19 11:44:28 background imports cache refresh starting

[Info  - 11:44:28 AM] 2020/11/19 11:44:28 background refresh finished after 6.072973ms

[Info  - 11:44:58 AM] 2020/11/19 11:44:58 background imports cache refresh starting

[Info  - 11:44:58 AM] 2020/11/19 11:44:58 background refresh finished after 22.807802ms

[Info  - 11:45:52 AM] 2020/11/19 11:45:52 background imports cache refresh starting

[Info  - 11:45:52 AM] 2020/11/19 11:45:52 background refresh finished after 7.599288ms

[Info  - 11:46:36 AM] 2020/11/19 11:46:36 background imports cache refresh starting

[Info  - 11:46:36 AM] 2020/11/19 11:46:36 background refresh finished after 9.977224ms

[Info  - 11:48:15 AM] 2020/11/19 11:48:15 background imports cache refresh starting

[Info  - 11:48:15 AM] 2020/11/19 11:48:15 background refresh finished after 16.852391ms

[Error - 12:01:07 PM] 2020/11/19 12:01:07 city/city/app: no dep handle for city/utils: no metadata for city/utils
	snapshot=33

[Error - 12:01:07 PM] 2020/11/19 12:01:07 city/city/app: no dep handle for city/utils: no metadata for city/utils
	snapshot=34

[Error - 12:01:07 PM] 2020/11/19 12:01:07 city/city/app: no dep handle for city/utils: no metadata for city/utils
	snapshot=35

[Error - 12:01:08 PM] 2020/11/19 12:01:08 city/city/app: no dep handle for city/utils: no metadata for city/utils
	snapshot=36

[Error - 12:01:08 PM] 2020/11/19 12:01:08 city/city/app: no dep handle for city/utils: no metadata for city/utils
	snapshot=37

[Error - 12:01:08 PM] 2020/11/19 12:01:08 city/city/app: no dep handle for city/utils: no metadata for city/utils
	snapshot=37

[Error - 12:01:08 PM] 2020/11/19 12:01:08 city/city/app: no dep handle for city/utils: no metadata for city/utils
	snapshot=38

[Error - 12:01:08 PM] 2020/11/19 12:01:08 city/city/app: no dep handle for city/utils: no metadata for city/utils
	snapshot=38

[Error - 12:01:08 PM] 2020/11/19 12:01:08 city/city/app: no dep handle for city/utils: no metadata for city/utils
	snapshot=39

[Error - 12:01:10 PM] 2020/11/19 12:01:10 city/city/app: no dep handle for city/utils: no metadata for city/utils
	snapshot=40

[Error - 12:01:10 PM] 2020/11/19 12:01:10 city/city/app: no dep handle for city/utils: no metadata for city/utils
	snapshot=40

[Error - 12:01:10 PM] 2020/11/19 12:01:10 no completions found: this is a definition of var G invalid type
	position={87 5}

[Error - 12:01:10 PM] 2020/11/19 12:01:10 imports fixes: AllImportsFixes: /root/go/src/city/app/auth.go:88:5: missing variable type or initialization
	file="/root/go/src/city/app/auth.go"

[Error - 12:01:11 PM] 2020/11/19 12:01:11 city/city/app: no dep handle for city/utils: no metadata for city/utils
	snapshot=41

[Error - 12:01:11 PM] 2020/11/19 12:01:11 city/city/app: no dep handle for city/utils: no metadata for city/utils
	snapshot=42

[Error - 12:01:11 PM] 2020/11/19 12:01:11 city/city/app: no dep handle for city/utils: no metadata for city/utils
	snapshot=42

[Error - 12:01:11 PM] 2020/11/19 12:01:11 no completions found: this is a definition of var Gen invalid type
	position={87 7}

[Error - 12:01:11 PM] 2020/11/19 12:01:11 city/city/app: no dep handle for city/utils: no metadata for city/utils
	snapshot=43

[Error - 12:01:11 PM] 2020/11/19 12:01:11 city/city/app: no dep handle for city/utils: no metadata for city/utils
	snapshot=43

[Error - 12:01:11 PM] 2020/11/19 12:01:11 no completions found: this is a definition of var Gene invalid type
	position={87 8}

[Error - 12:01:11 PM] 2020/11/19 12:01:11 city/city/app: no dep handle for city/utils: no metadata for city/utils
	snapshot=44

[Error - 12:01:11 PM] 2020/11/19 12:01:11 city/city/app: no dep handle for city/utils: no metadata for city/utils
	snapshot=44

[Error - 12:01:11 PM] 2020/11/19 12:01:11 no completions found: this is a definition of var Gener invalid type
	position={87 9}

[Error - 12:01:11 PM] 2020/11/19 12:01:11 imports fixes: AllImportsFixes: /root/go/src/city/app/auth.go:88:5: missing variable type or initialization
	file="/root/go/src/city/app/auth.go"

[Error - 12:01:12 PM] 2020/11/19 12:01:12 city/city/app: no dep handle for city/utils: no metadata for city/utils
	snapshot=45

[Error - 12:01:12 PM] 2020/11/19 12:01:12 city/city/app: no dep handle for city/utils: no metadata for city/utils
	snapshot=45

[Error - 12:01:12 PM] 2020/11/19 12:01:12 no completions found: this is a definition of var Genera invalid type
	position={87 10}

[Error - 12:01:12 PM] 2020/11/19 12:01:12 city/city/app: no dep handle for city/utils: no metadata for city/utils
	snapshot=46

[Error - 12:01:12 PM] 2020/11/19 12:01:12 no completions found: this is a definition of var Generat invalid type
	position={87 11}

[Error - 12:01:12 PM] 2020/11/19 12:01:12 city/city/app: no dep handle for city/utils: no metadata for city/utils
	snapshot=47

[Error - 12:01:12 PM] 2020/11/19 12:01:12 city/city/app: no dep handle for city/utils: no metadata for city/utils
	snapshot=47

[Error - 12:01:12 PM] 2020/11/19 12:01:12 no completions found: this is a definition of var Generate invalid type
	position={87 12}

[Error - 12:01:12 PM] 2020/11/19 12:01:12 imports fixes: AllImportsFixes: /root/go/src/city/app/auth.go:88:5: missing variable type or initialization
	file="/root/go/src/city/app/auth.go"

[Error - 12:01:14 PM] 2020/11/19 12:01:14 city/city/app: no dep handle for city/utils: no metadata for city/utils
	snapshot=48

[Error - 12:01:14 PM] 2020/11/19 12:01:14 no completions found: this is a definition of var GenerateJ invalid type
	position={87 13}

[Error - 12:01:14 PM] 2020/11/19 12:01:14 city/city/app: no dep handle for city/utils: no metadata for city/utils
	snapshot=49

[Error - 12:01:14 PM] 2020/11/19 12:01:14 city/city/app: no dep handle for city/utils: no metadata for city/utils
	snapshot=49

[Error - 12:01:14 PM] 2020/11/19 12:01:14 no completions found: this is a definition of var GenerateJW invalid type
	position={87 14}

[Error - 12:01:14 PM] 2020/11/19 12:01:14 city/city/app: no dep handle for city/utils: no metadata for city/utils
	snapshot=50

[Error - 12:01:14 PM] 2020/11/19 12:01:14 city/city/app: no dep handle for city/utils: no metadata for city/utils
	snapshot=50

[Error - 12:01:14 PM] 2020/11/19 12:01:14 no completions found: this is a definition of var GenerateJWT invalid type
	position={87 15}

[Error - 12:01:14 PM] 2020/11/19 12:01:14 imports fixes: AllImportsFixes: /root/go/src/city/app/auth.go:88:5: missing variable type or initialization
	file="/root/go/src/city/app/auth.go"

[Error - 12:01:15 PM] 2020/11/19 12:01:15 city/city/app: no dep handle for city/utils: no metadata for city/utils
	snapshot=51

[Error - 12:01:15 PM] 2020/11/19 12:01:15 city/city/app: no dep handle for city/utils: no metadata for city/utils
	snapshot=52

[Error - 12:01:16 PM] 2020/11/19 12:01:16 city/city/app: no dep handle for city/utils: no metadata for city/utils
	snapshot=53

[Error - 12:01:16 PM] 2020/11/19 12:01:16 city/city/app: no dep handle for city/utils: no metadata for city/utils
	snapshot=54

[Error - 12:01:16 PM] 2020/11/19 12:01:16 city/city/app: no dep handle for city/utils: no metadata for city/utils
	snapshot=55

[Error - 12:01:17 PM] 2020/11/19 12:01:17 city/city/app: no dep handle for city/utils: no metadata for city/utils
	snapshot=56

[Error - 12:01:17 PM] 2020/11/19 12:01:17 city/city/app: no dep handle for city/utils: no metadata for city/utils
	snapshot=57

[Error - 12:01:18 PM] 2020/11/19 12:01:18 city/city/app: no dep handle for city/utils: no metadata for city/utils
	snapshot=58

[Error - 12:01:18 PM] 2020/11/19 12:01:18 city/city/app: no dep handle for city/utils: no metadata for city/utils
	snapshot=59

[Error - 12:01:18 PM] 2020/11/19 12:01:18 city/city/app: no dep handle for city/utils: no metadata for city/utils
	snapshot=59

[Error - 12:01:18 PM] 2020/11/19 12:01:18 city/city/app: no dep handle for city/utils: no metadata for city/utils
	snapshot=60

[Error - 12:01:18 PM] 2020/11/19 12:01:18 city/city/app: no dep handle for city/utils: no metadata for city/utils
	snapshot=60

[Error - 12:01:19 PM] 2020/11/19 12:01:19 city/city/app: no dep handle for city/utils: no metadata for city/utils
	snapshot=61

[Error - 12:01:19 PM] 2020/11/19 12:01:19 city/city/app: no dep handle for city/utils: no metadata for city/utils
	snapshot=61

[Error - 12:01:19 PM] 2020/11/19 12:01:19 imports fixes: AllImportsFixes: /root/go/src/city/app/auth.go:88:19: expected expression (and 4 more errors)
	file="/root/go/src/city/app/auth.go"

[Error - 12:01:19 PM] 2020/11/19 12:01:19 city/city/app: no dep handle for city/utils: no metadata for city/utils
	snapshot=62

[Info  - 12:01:30 PM] 2020/11/19 12:01:30 background imports cache refresh starting

[Info  - 12:01:30 PM] 2020/11/19 12:01:30 background refresh finished after 9.590443ms

[Error - 12:01:32 PM] 2020/11/19 12:01:32 city/city/app: no dep handle for city/utils: no metadata for city/utils
	snapshot=63

[Error - 12:01:39 PM] 2020/11/19 12:01:39 city/city/app: no dep handle for city/utils: no metadata for city/utils
	snapshot=64

[Info  - 12:02:02 PM] 2020/11/19 12:02:02 background imports cache refresh starting

[Info  - 12:02:02 PM] 2020/11/19 12:02:02 background refresh finished after 11.161211ms

[Error - 12:43:46 PM] 2020/11/19 12:43:46 city/city/app: no dep handle for city/utils: no metadata for city/utils
	snapshot=65

[Error - 12:43:46 PM] 2020/11/19 12:43:46 city/city/app: no dep handle for city/utils: no metadata for city/utils
	snapshot=66

[Error - 12:43:57 PM] 2020/11/19 12:43:57 city/city/app: no dep handle for city/utils: no metadata for city/utils
	snapshot=73

[Error - 12:43:57 PM] 2020/11/19 12:43:57 city/city/app: no dep handle for city/utils: no metadata for city/utils
	snapshot=74

[Error - 12:43:57 PM] 2020/11/19 12:43:57 city/city/app: no dep handle for city/utils: no metadata for city/utils
	snapshot=75

[Info  - 12:44:14 PM] 2020/11/19 12:44:14 background imports cache refresh starting

[Info  - 12:44:14 PM] 2020/11/19 12:44:14 background refresh finished after 27.036295ms

[Info  - 12:45:08 PM] 2020/11/19 12:45:08 background imports cache refresh starting

[Info  - 12:45:08 PM] 2020/11/19 12:45:08 background refresh finished after 10.674575ms

