[Info  - 1:41:54 PM] 2020/11/20 13:41:54 go env for /root/go/src/city
(root /root/go/src/city)
(go version go version go1.13.8 linux/amd64)
(valid build configuration = true)
(build flags: [])
GOFLAGS=
GOINSECURE=
GONOPROXY=
GOMODCACHE=
GONOSUMDB=
GOPATH=/root/go
GOPROXY=https://proxy.golang.org,direct
GOCACHE=/root/.cache/go-build
GOMOD=/root/go/src/city/go.mod
GOSUMDB=sum.golang.org
GOPRIVATE=
GOROOT=/usr/lib/go-1.13
GO111MODULE=


[Info  - 1:41:54 PM] 2020/11/20 13:41:54 go/packages.Load
	snapshot=0
	directory=/root/go/src/city
	query=[builtin city/...]
	packages=7

[Info  - 1:41:54 PM] 2020/11/20 13:41:54 go/packages.Load
	snapshot=0
	package_path="builtin"
	files=[/usr/lib/go-1.13/src/builtin/builtin.go]

[Info  - 1:41:54 PM] 2020/11/20 13:41:54 go/packages.Load
	snapshot=0
	package_path="city/mytoken"
	files=[/root/go/src/city/mytoken/jwt.go]

[Info  - 1:41:54 PM] 2020/11/20 13:41:54 go/packages.Load
	snapshot=0
	package_path="city/utils"
	files=[/root/go/src/city/utils/utils.go]

[Info  - 1:41:54 PM] 2020/11/20 13:41:54 go/packages.Load
	snapshot=0
	package_path="city/models"
	files=[/root/go/src/city/models/base.go /root/go/src/city/models/book.go /root/go/src/city/models/borrow.go /root/go/src/city/models/borrowd.go /root/go/src/city/models/db_host.go /root/go/src/city/models/model.go /root/go/src/city/models/srep.go /root/go/src/city/models/stock.go /root/go/src/city/models/users.go]

[Info  - 1:41:54 PM] 2020/11/20 13:41:54 go/packages.Load
	snapshot=0
	package_path="city/controllers"
	files=[/root/go/src/city/controllers/bookController.go /root/go/src/city/controllers/borrowController.go /root/go/src/city/controllers/borrowdController.go /root/go/src/city/controllers/cityController.go /root/go/src/city/controllers/srepController.go /root/go/src/city/controllers/stockController.go /root/go/src/city/controllers/usersController.go]

[Info  - 1:41:54 PM] 2020/11/20 13:41:54 go/packages.Load
	snapshot=0
	package_path="city"
	files=[/root/go/src/city/main.go]

[Info  - 1:41:54 PM] 2020/11/20 13:41:54 go/packages.Load
	snapshot=0
	package_path="city/app"
	files=[/root/go/src/city/app/auth.go]

[Error - 1:42:02 PM] 2020/11/20 13:42:02 DocumentSymbols failed: invalid pos
	URI=file:///root/go/src/city/controllers/borrowController.go

[Error - 1:42:17 PM] 2020/11/20 13:42:17 imports fixes: AllImportsFixes: /root/go/src/city/controllers/borrowController.go:19:1: expected operand, found '}' (and 3 more errors)
	file="/root/go/src/city/controllers/borrowController.go"

[Error - 1:42:17 PM] 2020/11/20 13:42:17 DocumentSymbols failed: invalid pos
	URI=file:///root/go/src/city/controllers/borrowController.go

[Error - 1:42:18 PM] 2020/11/20 13:42:18 DocumentSymbols failed: invalid pos
	URI=file:///root/go/src/city/controllers/borrowController.go

[Info  - 1:42:27 PM] 2020/11/20 13:42:27 background imports cache refresh starting

[Info  - 1:42:27 PM] 2020/11/20 13:42:27 background refresh finished after 98.553212ms

[Error - 1:42:33 PM] 2020/11/20 13:42:33 imports fixes: AllImportsFixes: /root/go/src/city/controllers/borrowController.go:19:1: expected operand, found '}' (and 3 more errors)
	file="/root/go/src/city/controllers/borrowController.go"

[Error - 1:42:33 PM] 2020/11/20 13:42:33 DocumentSymbols failed: invalid pos
	URI=file:///root/go/src/city/controllers/borrowController.go

[Error - 1:42:49 PM] 2020/11/20 13:42:49 imports fixes: AllImportsFixes: /root/go/src/city/controllers/borrowController.go:14:6: expected ';', found ':='
	file="/root/go/src/city/controllers/borrowController.go"

[Error - 1:42:50 PM] 2020/11/20 13:42:50 imports fixes: AllImportsFixes: /root/go/src/city/controllers/borrowController.go:14:6: expected ';', found ':='
	file="/root/go/src/city/controllers/borrowController.go"

[Error - 1:42:51 PM] 2020/11/20 13:42:51 imports fixes: AllImportsFixes: /root/go/src/city/controllers/borrowController.go:14:6: expected ';', found ':='
	file="/root/go/src/city/controllers/borrowController.go"

[Info  - 1:42:59 PM] 2020/11/20 13:42:59 background imports cache refresh starting

[Info  - 1:42:59 PM] 2020/11/20 13:42:59 background refresh finished after 17.035905ms

[Error - 1:43:03 PM] 2020/11/20 13:43:03 no completions found: this is a definition of package d ("city/models")
	position={3 2}

[Error - 1:43:07 PM] 2020/11/20 13:43:07 imports fixes: AllImportsFixes: /root/go/src/city/controllers/borrowController.go:14:6: expected ';', found ':='
	file="/root/go/src/city/controllers/borrowController.go"

[Error - 1:43:10 PM] 2020/11/20 13:43:10 no signature help: no signature help within a function declaration
	position={12 15}

[Info  - 1:43:32 PM] 2020/11/20 13:43:32 background imports cache refresh starting

[Info  - 1:43:32 PM] 2020/11/20 13:43:32 background refresh finished after 18.052807ms

[Error - 1:43:41 PM] Request textDocument/definition failed.
  Message: no identifier found
  Code: 0 
[Error - 1:43:54 PM] 2020/11/20 13:43:54 imports fixes: AllImportsFixes: /root/go/src/city/models/borrow.go:28:55: missing ',' in parameter list (and 2 more errors)
	file="/root/go/src/city/models/borrow.go"

[Error - 1:43:55 PM] 2020/11/20 13:43:55 imports fixes: AllImportsFixes: /root/go/src/city/models/borrow.go:28:59: missing ',' in parameter list (and 2 more errors)
	file="/root/go/src/city/models/borrow.go"

[Error - 1:43:56 PM] 2020/11/20 13:43:56 imports fixes: AllImportsFixes: /root/go/src/city/models/borrow.go:28:55: missing ',' in parameter list (and 2 more errors)
	file="/root/go/src/city/models/borrow.go"

[Error - 1:43:58 PM] 2020/11/20 13:43:58 imports fixes: AllImportsFixes: /root/go/src/city/models/borrow.go:28:52: missing ',' in parameter list (and 1 more errors)
	file="/root/go/src/city/models/borrow.go"

[Error - 1:43:58 PM] 2020/11/20 13:43:58 imports fixes: AllImportsFixes: /root/go/src/city/models/borrow.go:28:53: missing ',' in parameter list (and 1 more errors)
	file="/root/go/src/city/models/borrow.go"

[Error - 1:43:59 PM] 2020/11/20 13:43:59 imports fixes: AllImportsFixes: /root/go/src/city/models/borrow.go:28:57: missing ',' in parameter list (and 1 more errors)
	file="/root/go/src/city/models/borrow.go"

[Error - 1:44:00 PM] 2020/11/20 13:44:00 no signature help: cannot find an enclosing function
	position={27 56}

[Error - 1:44:05 PM] 2020/11/20 13:44:05 no completions found: this is a definition of var b invalid type
	position={27 58}

[Error - 1:44:06 PM] 2020/11/20 13:44:06 imports fixes: AllImportsFixes: /root/go/src/city/models/borrow.go:28:65: missing ',' in parameter list (and 2 more errors)
	file="/root/go/src/city/models/borrow.go"

[Error - 1:44:06 PM] 2020/11/20 13:44:06 no completions found: this is a definition of var boo invalid type
	position={27 60}

[Error - 1:44:07 PM] 2020/11/20 13:44:07 imports fixes: AllImportsFixes: /root/go/src/city/models/borrow.go:28:68: missing ',' in parameter list (and 2 more errors)
	file="/root/go/src/city/models/borrow.go"

[Error - 1:44:09 PM] 2020/11/20 13:44:09 imports fixes: AllImportsFixes: /root/go/src/city/models/borrow.go:28:71: missing ',' in parameter list (and 2 more errors)
	file="/root/go/src/city/models/borrow.go"

[Error - 1:44:10 PM] 2020/11/20 13:44:10 imports fixes: AllImportsFixes: /root/go/src/city/models/borrow.go:28:67: missing ',' in parameter list (and 1 more errors)
	file="/root/go/src/city/models/borrow.go"

[Error - 1:44:11 PM] 2020/11/20 13:44:11 imports fixes: AllImportsFixes: /root/go/src/city/models/borrow.go:28:68: missing ',' in parameter list (and 1 more errors)
	file="/root/go/src/city/models/borrow.go"

[Info  - 1:44:11 PM] 2020/11/20 13:44:11 background imports cache refresh starting

[Info  - 1:44:11 PM] 2020/11/20 13:44:11 background refresh finished after 17.426749ms

[Error - 1:44:13 PM] 2020/11/20 13:44:13 imports fixes: AllImportsFixes: /root/go/src/city/models/borrow.go:28:73: missing ',' in parameter list (and 1 more errors)
	file="/root/go/src/city/models/borrow.go"

[Error - 1:44:14 PM] 2020/11/20 13:44:14 no signature help: cannot find an enclosing function
	position={27 72}

[Error - 1:44:33 PM] 2020/11/20 13:44:33 imports fixes: AllImportsFixes: /root/go/src/city/controllers/borrowController.go:20:38: missing ',' in argument list
	file="/root/go/src/city/controllers/borrowController.go"

[Error - 1:44:34 PM] 2020/11/20 13:44:34 imports fixes: AllImportsFixes: /root/go/src/city/controllers/borrowController.go:20:44: missing ',' in argument list
	file="/root/go/src/city/controllers/borrowController.go"

[Error - 1:44:38 PM] 2020/11/20 13:44:38 imports fixes: AllImportsFixes: /root/go/src/city/controllers/borrowController.go:20:55: missing ',' in argument list
	file="/root/go/src/city/controllers/borrowController.go"

[Error - 1:44:40 PM] 2020/11/20 13:44:40 imports fixes: AllImportsFixes: /root/go/src/city/controllers/borrowController.go:20:63: missing ',' in argument list
	file="/root/go/src/city/controllers/borrowController.go"

[Error - 1:44:43 PM] 2020/11/20 13:44:43 imports fixes: AllImportsFixes: /root/go/src/city/controllers/borrowController.go:20:61: missing ',' in argument list
	file="/root/go/src/city/controllers/borrowController.go"

[Info  - 1:44:44 PM] 2020/11/20 13:44:44 background imports cache refresh starting

[Info  - 1:44:44 PM] 2020/11/20 13:44:44 background refresh finished after 17.795643ms

[Error - 1:44:45 PM] 2020/11/20 13:44:45 imports fixes: AllImportsFixes: /root/go/src/city/controllers/borrowController.go:20:58: missing ',' in argument list
	file="/root/go/src/city/controllers/borrowController.go"

[Error - 1:44:46 PM] 2020/11/20 13:44:46 imports fixes: AllImportsFixes: /root/go/src/city/controllers/borrowController.go:20:59: missing ',' in argument list
	file="/root/go/src/city/controllers/borrowController.go"

[Error - 1:44:48 PM] 2020/11/20 13:44:48 imports fixes: AllImportsFixes: /root/go/src/city/controllers/borrowController.go:20:80: missing ',' in argument list
	file="/root/go/src/city/controllers/borrowController.go"

[Info  - 1:45:15 PM] 2020/11/20 13:45:15 background imports cache refresh starting

[Info  - 1:45:15 PM] 2020/11/20 13:45:15 background refresh finished after 13.3206ms

[Info  - 1:45:45 PM] 2020/11/20 13:45:45 background imports cache refresh starting

[Info  - 1:45:45 PM] 2020/11/20 13:45:45 background refresh finished after 14.816455ms

[Error - 1:45:57 PM] 2020/11/20 13:45:57 imports fixes: AllImportsFixes: /root/go/src/city/controllers/borrowController.go:7:2: invalid import path: ""
	file="/root/go/src/city/controllers/borrowController.go"

[Info  - 1:45:59 PM] 2020/11/20 13:45:59 go/packages.Load
	snapshot=173
	directory=/root/go/src/city
	query=[city city/controllers]
	packages=2

[Info  - 1:45:59 PM] 2020/11/20 13:45:59 go/packages.Load
	snapshot=173
	package_path="city/controllers"
	files=[/root/go/src/city/controllers/bookController.go /root/go/src/city/controllers/borrowController.go /root/go/src/city/controllers/borrowdController.go /root/go/src/city/controllers/cityController.go /root/go/src/city/controllers/srepController.go /root/go/src/city/controllers/stockController.go /root/go/src/city/controllers/usersController.go]

[Error - 1:45:59 PM] 2020/11/20 13:45:59 city/controllers: no dep handle for c: no metadata for c
	snapshot=173

[Info  - 1:45:59 PM] 2020/11/20 13:45:59 go/packages.Load
	snapshot=173
	package_path="city"
	files=[/root/go/src/city/main.go]

[Info  - 1:45:59 PM] 2020/11/20 13:45:59 go/packages.Load
	snapshot=175
	directory=/root/go/src/city
	query=[city city/controllers]
	packages=2

[Info  - 1:45:59 PM] 2020/11/20 13:45:59 go/packages.Load
	snapshot=175
	package_path="city/controllers"
	files=[/root/go/src/city/controllers/bookController.go /root/go/src/city/controllers/borrowController.go /root/go/src/city/controllers/borrowdController.go /root/go/src/city/controllers/cityController.go /root/go/src/city/controllers/srepController.go /root/go/src/city/controllers/stockController.go /root/go/src/city/controllers/usersController.go]

[Error - 1:45:59 PM] 2020/11/20 13:45:59 city/controllers: no dep handle for cit: no metadata for cit
	snapshot=175

[Info  - 1:45:59 PM] 2020/11/20 13:45:59 go/packages.Load
	snapshot=175
	package_path="city"
	files=[/root/go/src/city/main.go]

[Info  - 1:45:59 PM] 2020/11/20 13:45:59 go/packages.Load
	snapshot=176
	directory=/root/go/src/city
	query=[city city/controllers]
	packages=2

[Info  - 1:45:59 PM] 2020/11/20 13:45:59 go/packages.Load
	snapshot=176
	package_path="city/controllers"
	files=[/root/go/src/city/controllers/bookController.go /root/go/src/city/controllers/borrowController.go /root/go/src/city/controllers/borrowdController.go /root/go/src/city/controllers/cityController.go /root/go/src/city/controllers/srepController.go /root/go/src/city/controllers/stockController.go /root/go/src/city/controllers/usersController.go]

[Info  - 1:45:59 PM] 2020/11/20 13:45:59 go/packages.Load
	snapshot=176
	package_path="city"
	files=[/root/go/src/city/main.go]

[Info  - 1:46:01 PM] 2020/11/20 13:46:01 go/packages.Load
	snapshot=179
	directory=/root/go/src/city
	query=[city/controllers]
	packages=1

[Info  - 1:46:01 PM] 2020/11/20 13:46:01 go/packages.Load
	snapshot=179
	package_path="city/controllers"
	files=[/root/go/src/city/controllers/bookController.go /root/go/src/city/controllers/borrowController.go /root/go/src/city/controllers/borrowdController.go /root/go/src/city/controllers/cityController.go /root/go/src/city/controllers/srepController.go /root/go/src/city/controllers/stockController.go /root/go/src/city/controllers/usersController.go]

[Error - 1:46:01 PM] 2020/11/20 13:46:01 city/controllers: no dep handle for city/ut: no metadata for city/ut
	snapshot=179

[Info  - 1:46:01 PM] 2020/11/20 13:46:01 go/packages.Load
	snapshot=180
	directory=/root/go/src/city
	query=[city/controllers]
	packages=1

[Error - 1:46:01 PM] 2020/11/20 13:46:01 city/controllers: no dep handle for city/uti: no metadata for city/uti
	snapshot=180

[Info  - 1:46:01 PM] 2020/11/20 13:46:01 go/packages.Load
	snapshot=180
	package_path="city/controllers"
	files=[/root/go/src/city/controllers/bookController.go /root/go/src/city/controllers/borrowController.go /root/go/src/city/controllers/borrowdController.go /root/go/src/city/controllers/cityController.go /root/go/src/city/controllers/srepController.go /root/go/src/city/controllers/stockController.go /root/go/src/city/controllers/usersController.go]

[Info  - 1:46:01 PM] 2020/11/20 13:46:01 go/packages.Load
	snapshot=182
	directory=/root/go/src/city
	query=[city/controllers]
	packages=1

[Info  - 1:46:01 PM] 2020/11/20 13:46:01 go/packages.Load
	snapshot=182
	package_path="city/controllers"
	files=[/root/go/src/city/controllers/bookController.go /root/go/src/city/controllers/borrowController.go /root/go/src/city/controllers/borrowdController.go /root/go/src/city/controllers/cityController.go /root/go/src/city/controllers/srepController.go /root/go/src/city/controllers/stockController.go /root/go/src/city/controllers/usersController.go]

[Error - 1:46:03 PM] 2020/11/20 13:46:03 no completions found: this is a definition of package u ("city/utils")
	position={6 2}

[Info  - 1:46:15 PM] 2020/11/20 13:46:15 background imports cache refresh starting

[Info  - 1:46:15 PM] 2020/11/20 13:46:15 background refresh finished after 16.99376ms

[Info  - 1:46:45 PM] 2020/11/20 13:46:45 background imports cache refresh starting

[Info  - 1:46:46 PM] 2020/11/20 13:46:46 background refresh finished after 50.263812ms

[Info  - 1:47:16 PM] 2020/11/20 13:47:16 background imports cache refresh starting

[Info  - 1:47:16 PM] 2020/11/20 13:47:16 background refresh finished after 14.854365ms

[Error - 1:47:26 PM] 2020/11/20 13:47:26 imports fixes: AllImportsFixes: /root/go/src/city/models/borrow.go:36:7: expected ';', found ':='
	file="/root/go/src/city/models/borrow.go"

[Error - 1:47:27 PM] 2020/11/20 13:47:27 imports fixes: AllImportsFixes: /root/go/src/city/models/borrow.go:36:7: expected ';', found ':='
	file="/root/go/src/city/models/borrow.go"

[Error - 1:47:28 PM] 2020/11/20 13:47:28 imports fixes: AllImportsFixes: /root/go/src/city/models/borrow.go:36:7: expected ';', found ':='
	file="/root/go/src/city/models/borrow.go"

[Error - 1:47:29 PM] 2020/11/20 13:47:29 imports fixes: AllImportsFixes: /root/go/src/city/models/borrow.go:36:7: expected ';', found ':='
	file="/root/go/src/city/models/borrow.go"

[Error - 1:47:33 PM] 2020/11/20 13:47:33 imports fixes: AllImportsFixes: /root/go/src/city/models/borrow.go:36:7: expected ';', found ':='
	file="/root/go/src/city/models/borrow.go"

[Info  - 1:47:49 PM] 2020/11/20 13:47:49 background imports cache refresh starting

[Info  - 1:47:49 PM] 2020/11/20 13:47:49 background refresh finished after 16.074717ms

[Error - 1:48:18 PM] 2020/11/20 13:48:18 imports fixes: AllImportsFixes: /root/go/src/city/models/borrow.go:37:7: expected ';', found ':='
	file="/root/go/src/city/models/borrow.go"

[Info  - 1:48:29 PM] 2020/11/20 13:48:29 background imports cache refresh starting

[Info  - 1:48:29 PM] 2020/11/20 13:48:29 background refresh finished after 52.929266ms

[Error - 1:48:32 PM] 2020/11/20 13:48:32 imports fixes: AllImportsFixes: /root/go/src/city/models/borrow.go:37:7: expected ';', found ':='
	file="/root/go/src/city/models/borrow.go"

[Error - 1:48:39 PM] Request textDocument/foldingRange failed.
  Message: invalid pos
  Code: 0 
[Error - 1:48:39 PM] 2020/11/20 13:48:39 imports fixes: AllImportsFixes: /root/go/src/city/models/borrow.go:35:38: expected operand, found ')' (and 8 more errors)
	file="/root/go/src/city/models/borrow.go"

[Error - 1:48:39 PM] 2020/11/20 13:48:39 DocumentSymbols failed: invalid pos
	URI=file:///root/go/src/city/models/borrow.go

[Info  - 1:49:01 PM] 2020/11/20 13:49:01 background imports cache refresh starting

[Info  - 1:49:01 PM] 2020/11/20 13:49:01 background refresh finished after 17.980995ms

[Info  - 1:49:36 PM] 2020/11/20 13:49:36 background imports cache refresh starting

[Info  - 1:49:36 PM] 2020/11/20 13:49:36 background refresh finished after 17.934477ms

[Info  - 1:50:12 PM] 2020/11/20 13:50:12 background imports cache refresh starting

[Info  - 1:50:12 PM] 2020/11/20 13:50:12 background refresh finished after 14.465169ms

[Error - 1:50:20 PM] Request textDocument/definition failed.
  Message: no identifier found
  Code: 0 
[Error - 1:50:31 PM] Request textDocument/foldingRange failed.
  Message: invalid pos
  Code: 0 
[Error - 1:50:31 PM] 2020/11/20 13:50:31 imports fixes: AllImportsFixes: /root/go/src/city/controllers/borrowController.go:27:1: expected operand, found '}' (and 5 more errors)
	file="/root/go/src/city/controllers/borrowController.go"

[Error - 1:50:31 PM] 2020/11/20 13:50:31 DocumentSymbols failed: invalid pos
	URI=file:///root/go/src/city/controllers/borrowController.go

[Error - 1:50:32 PM] Request textDocument/foldingRange failed.
  Message: invalid pos
  Code: 0 
[Error - 1:50:32 PM] 2020/11/20 13:50:32 DocumentSymbols failed: invalid pos
	URI=file:///root/go/src/city/controllers/borrowController.go

[Error - 1:50:33 PM] 2020/11/20 13:50:33 no signature help: no signature help within a function declaration
	position={22 7}

[Error - 1:50:33 PM] Request textDocument/foldingRange failed.
  Message: invalid pos
  Code: 0 
[Error - 1:50:33 PM] 2020/11/20 13:50:33 DocumentSymbols failed: invalid pos
	URI=file:///root/go/src/city/controllers/borrowController.go

[Error - 1:50:34 PM] 2020/11/20 13:50:34 imports fixes: AllImportsFixes: /root/go/src/city/controllers/borrowController.go:23:6: expected 1 expression
	file="/root/go/src/city/controllers/borrowController.go"

[Error - 1:50:35 PM] Request textDocument/foldingRange failed.
  Message: invalid pos
  Code: 0 
[Error - 1:50:35 PM] 2020/11/20 13:50:35 DocumentSymbols failed: invalid pos
	URI=file:///root/go/src/city/controllers/borrowController.go

[Error - 1:50:40 PM] 2020/11/20 13:50:40 imports fixes: AllImportsFixes: /root/go/src/city/controllers/borrowController.go:23:6: expected boolean or range expression, found assignment (missing parentheses around composite literal?)
	file="/root/go/src/city/controllers/borrowController.go"

[Error - 1:50:42 PM] 2020/11/20 13:50:42 imports fixes: AllImportsFixes: /root/go/src/city/controllers/borrowController.go:23:6: expected boolean or range expression, found assignment (missing parentheses around composite literal?)
	file="/root/go/src/city/controllers/borrowController.go"

[Error - 1:50:43 PM] 2020/11/20 13:50:43 imports fixes: AllImportsFixes: /root/go/src/city/controllers/borrowController.go:23:6: expected boolean or range expression, found assignment (missing parentheses around composite literal?) (and 1 more errors)
	file="/root/go/src/city/controllers/borrowController.go"

[Error - 1:50:46 PM] 2020/11/20 13:50:46 imports fixes: AllImportsFixes: /root/go/src/city/controllers/borrowController.go:23:6: expected boolean or range expression, found assignment (missing parentheses around composite literal?)
	file="/root/go/src/city/controllers/borrowController.go"

[Info  - 1:50:49 PM] 2020/11/20 13:50:49 background imports cache refresh starting

[Info  - 1:50:49 PM] 2020/11/20 13:50:49 background refresh finished after 17.005666ms

[Error - 1:50:49 PM] 2020/11/20 13:50:49 no signature help: cannot find signature for Fun *ast.SelectorExpr (&{Inputborrow BorrowdBook})
	position={22 37}

[Error - 1:50:49 PM] 2020/11/20 13:50:49 imports fixes: AllImportsFixes: /root/go/src/city/controllers/borrowController.go:26:20: expected '{', found newline (and 2 more errors)
	file="/root/go/src/city/controllers/borrowController.go"

[Error - 1:50:50 PM] 2020/11/20 13:50:50 DocumentSymbols failed: invalid pos
	URI=file:///root/go/src/city/controllers/borrowController.go

[Error - 1:50:50 PM] 2020/11/20 13:50:50 DocumentSymbols failed: invalid pos
	URI=file:///root/go/src/city/controllers/borrowController.go

[Error - 1:50:51 PM] 2020/11/20 13:50:51 imports fixes: AllImportsFixes: /root/go/src/city/controllers/borrowController.go:28:20: expected '{', found newline (and 2 more errors)
	file="/root/go/src/city/controllers/borrowController.go"

[Error - 1:50:52 PM] 2020/11/20 13:50:52 unable to compute error positions: no parsed file for  in city/controllers
	package="city/controllers"

[Error - 1:50:52 PM] Request textDocument/foldingRange failed.
  Message: invalid pos
  Code: 0 
[Error - 1:50:52 PM] 2020/11/20 13:50:52 unable to compute error positions: no parsed file for  in city/controllers
	package="city/controllers"

[Error - 1:50:52 PM] Request textDocument/foldingRange failed.
  Message: invalid pos
  Code: 0 
[Error - 1:50:52 PM] 2020/11/20 13:50:52 unable to compute error positions: no parsed file for  in city/controllers
	package="city/controllers"

[Error - 1:50:52 PM] Request textDocument/foldingRange failed.
  Message: invalid pos
  Code: 0 
[Error - 1:50:52 PM] 2020/11/20 13:50:52 DocumentSymbols failed: invalid pos
	URI=file:///root/go/src/city/controllers/borrowController.go

[Error - 1:50:53 PM] 2020/11/20 13:50:53 unable to compute error positions: no parsed file for  in city/controllers
	package="city/controllers"

[Error - 1:50:53 PM] Request textDocument/foldingRange failed.
  Message: invalid pos
  Code: 0 
[Error - 1:50:53 PM] 2020/11/20 13:50:53 imports fixes: AllImportsFixes: /root/go/src/city/controllers/borrowController.go:23:6: expected boolean or range expression, found assignment (missing parentheses around composite literal?) (and 10 more errors)
	file="/root/go/src/city/controllers/borrowController.go"

[Error - 1:50:53 PM] 2020/11/20 13:50:53 DocumentSymbols failed: invalid pos
	URI=file:///root/go/src/city/controllers/borrowController.go

[Error - 1:50:53 PM] 2020/11/20 13:50:53 imports fixes: AllImportsFixes: /root/go/src/city/controllers/borrowController.go:23:6: expected boolean or range expression, found assignment (missing parentheses around composite literal?)
	file="/root/go/src/city/controllers/borrowController.go"

[Error - 1:50:58 PM] 2020/11/20 13:50:58 imports fixes: AllImportsFixes: /root/go/src/city/controllers/borrowController.go:23:6: expected boolean or range expression, found assignment (missing parentheses around composite literal?)
	file="/root/go/src/city/controllers/borrowController.go"

[Error - 1:50:58 PM] 2020/11/20 13:50:58 imports fixes: AllImportsFixes: /root/go/src/city/controllers/borrowController.go:23:6: expected boolean or range expression, found assignment (missing parentheses around composite literal?)
	file="/root/go/src/city/controllers/borrowController.go"

[Error - 1:51:02 PM] 2020/11/20 13:51:02 imports fixes: AllImportsFixes: /root/go/src/city/controllers/borrowController.go:23:6: expected boolean or range expression, found assignment (missing parentheses around composite literal?)
	file="/root/go/src/city/controllers/borrowController.go"

[Error - 1:51:02 PM] 2020/11/20 13:51:02 imports fixes: AllImportsFixes: /root/go/src/city/controllers/borrowController.go:23:6: expected boolean or range expression, found assignment (missing parentheses around composite literal?)
	file="/root/go/src/city/controllers/borrowController.go"

[Error - 1:51:25 PM] 2020/11/20 13:51:25 imports fixes: AllImportsFixes: /root/go/src/city/controllers/borrowController.go:23:6: expected boolean or range expression, found assignment (missing parentheses around composite literal?)
	file="/root/go/src/city/controllers/borrowController.go"

[Error - 1:51:26 PM] 2020/11/20 13:51:26 imports fixes: AllImportsFixes: /root/go/src/city/controllers/borrowController.go:23:6: expected boolean or range expression, found assignment (missing parentheses around composite literal?)
	file="/root/go/src/city/controllers/borrowController.go"

[Error - 1:51:27 PM] 2020/11/20 13:51:27 imports fixes: AllImportsFixes: /root/go/src/city/controllers/borrowController.go:23:6: expected boolean or range expression, found assignment (missing parentheses around composite literal?)
	file="/root/go/src/city/controllers/borrowController.go"

[Info  - 1:51:58 PM] 2020/11/20 13:51:58 background imports cache refresh starting

[Info  - 1:51:58 PM] 2020/11/20 13:51:58 background refresh finished after 17.591981ms

[Error - 1:52:07 PM] Request textDocument/foldingRange failed.
  Message: invalid pos
  Code: 0 
[Info  - 1:52:29 PM] 2020/11/20 13:52:29 background imports cache refresh starting

[Info  - 1:52:29 PM] 2020/11/20 13:52:29 background refresh finished after 45.957476ms

[Error - 1:52:32 PM] 2020/11/20 13:52:32 imports fixes: AllImportsFixes: /root/go/src/city/models/borrow.go:28:58: expected 'IDENT', found 'ILLEGAL' (and 4 more errors)
	file="/root/go/src/city/models/borrow.go"

[Error - 1:52:34 PM] Request textDocument/definition failed.
  Message: no identifier found
  Code: 0 
[Error - 1:52:55 PM] 2020/11/20 13:52:55 imports fixes: AllImportsFixes: /root/go/src/city/controllers/borrowController.go:21:10: expected operand, found '.' (and 1 more errors)
	file="/root/go/src/city/controllers/borrowController.go"

[Error - 1:52:57 PM] 2020/11/20 13:52:57 imports fixes: AllImportsFixes: /root/go/src/city/controllers/borrowController.go:21:10: expected operand, found '.' (and 1 more errors)
	file="/root/go/src/city/controllers/borrowController.go"

[Info  - 1:53:01 PM] 2020/11/20 13:53:01 background imports cache refresh starting

[Info  - 1:53:01 PM] 2020/11/20 13:53:01 background refresh finished after 17.084022ms

[Info  - 1:53:35 PM] 2020/11/20 13:53:35 background imports cache refresh starting

[Info  - 1:53:35 PM] 2020/11/20 13:53:35 background refresh finished after 16.991891ms

[Error - 1:53:42 PM] Request textDocument/definition failed.
  Message: no identifier found
  Code: 0 
[Info  - 1:54:06 PM] 2020/11/20 13:54:06 background imports cache refresh starting

[Info  - 1:54:06 PM] 2020/11/20 13:54:06 background refresh finished after 17.01173ms

[Error - 1:54:17 PM] Request textDocument/definition failed.
  Message: no identifier found
  Code: 0 
[Error - 1:54:17 PM] Request textDocument/definition failed.
  Message: no identifier found
  Code: 0 
[Info  - 1:54:38 PM] 2020/11/20 13:54:38 background imports cache refresh starting

[Info  - 1:54:38 PM] 2020/11/20 13:54:38 background refresh finished after 16.892976ms

[Error - 1:54:54 PM] Request textDocument/definition failed.
  Message: no object found for ident BorrwC: no object found
  Code: 0 
[Error - 1:54:54 PM] Request textDocument/definition failed.
  Message: no identifier found
  Code: 0 
[Error - 1:55:08 PM] Request textDocument/definition failed.
  Message: no identifier found
  Code: 0 
[Info  - 1:55:09 PM] 2020/11/20 13:55:09 background imports cache refresh starting

[Info  - 1:55:09 PM] 2020/11/20 13:55:09 background refresh finished after 17.244536ms

[Info  - 1:56:00 PM] 2020/11/20 13:56:00 background imports cache refresh starting

[Info  - 1:56:00 PM] 2020/11/20 13:56:00 background refresh finished after 18.779712ms

[Info  - 1:56:57 PM] 2020/11/20 13:56:57 background imports cache refresh starting

[Info  - 1:56:57 PM] 2020/11/20 13:56:57 background refresh finished after 14.890375ms

[Info  - 1:57:43 PM] 2020/11/20 13:57:43 background imports cache refresh starting

[Info  - 1:57:43 PM] 2020/11/20 13:57:43 background refresh finished after 17.583205ms

[Error - 1:57:48 PM] 2020/11/20 13:57:48 no completions found: this is a definition of var b invalid type
	position={31 5}

[Error - 1:57:49 PM] 2020/11/20 13:57:49 imports fixes: AllImportsFixes: /root/go/src/city/controllers/borrowController.go:32:5: missing variable type or initialization
	file="/root/go/src/city/controllers/borrowController.go"

[Error - 1:57:49 PM] 2020/11/20 13:57:49 no completions found: this is a definition of var B invalid type
	position={31 5}

[Error - 1:57:50 PM] 2020/11/20 13:57:50 no completions found: this is a definition of var Bor invalid type
	position={31 7}

[Error - 1:57:51 PM] 2020/11/20 13:57:51 imports fixes: AllImportsFixes: /root/go/src/city/controllers/borrowController.go:32:5: missing variable type or initialization
	file="/root/go/src/city/controllers/borrowController.go"

[Error - 1:57:51 PM] 2020/11/20 13:57:51 no completions found: this is a definition of var BorrowPa invalid type
	position={31 12}

[Error - 1:57:51 PM] 2020/11/20 13:57:51 imports fixes: AllImportsFixes: /root/go/src/city/controllers/borrowController.go:32:5: missing variable type or initialization
	file="/root/go/src/city/controllers/borrowController.go"

[Error - 1:57:52 PM] 2020/11/20 13:57:52 imports fixes: AllImportsFixes: /root/go/src/city/controllers/borrowController.go:32:5: missing variable type or initialization
	file="/root/go/src/city/controllers/borrowController.go"

[Error - 1:57:53 PM] 2020/11/20 13:57:53 no completions found: this is a definition of var BorrowB invalid type
	position={31 11}

[Error - 1:57:53 PM] 2020/11/20 13:57:53 imports fixes: AllImportsFixes: /root/go/src/city/controllers/borrowController.go:32:5: missing variable type or initialization
	file="/root/go/src/city/controllers/borrowController.go"

[Error - 1:57:54 PM] 2020/11/20 13:57:54 imports fixes: AllImportsFixes: /root/go/src/city/controllers/borrowController.go:32:5: missing variable type or initialization
	file="/root/go/src/city/controllers/borrowController.go"

[Error - 1:57:58 PM] 2020/11/20 13:57:58 imports fixes: AllImportsFixes: /root/go/src/city/controllers/borrowController.go:32:18: expected ';', found 'EOF' (and 1 more errors)
	file="/root/go/src/city/controllers/borrowController.go"

[Error - 1:58:00 PM] 2020/11/20 13:58:00 imports fixes: AllImportsFixes: /root/go/src/city/controllers/borrowController.go:32:18: expected ';', found 'EOF' (and 1 more errors)
	file="/root/go/src/city/controllers/borrowController.go"

[Error - 1:58:01 PM] 2020/11/20 13:58:01 imports fixes: AllImportsFixes: /root/go/src/city/controllers/borrowController.go:32:18: expected ';', found 'EOF' (and 1 more errors)
	file="/root/go/src/city/controllers/borrowController.go"

[Error - 1:58:01 PM] 2020/11/20 13:58:01 imports fixes: AllImportsFixes: /root/go/src/city/controllers/borrowController.go:32:18: expected ';', found 'EOF' (and 1 more errors)
	file="/root/go/src/city/controllers/borrowController.go"

[Info  - 1:58:18 PM] 2020/11/20 13:58:18 background imports cache refresh starting

[Info  - 1:58:18 PM] 2020/11/20 13:58:18 background refresh finished after 17.669463ms

[Error - 1:58:35 PM] Request textDocument/foldingRange failed.
  Message: invalid pos
  Code: 0 
[Error - 1:58:35 PM] 2020/11/20 13:58:35 imports fixes: AllImportsFixes: /root/go/src/city/controllers/borrowController.go:42:9: expected statement, found '=' (and 4 more errors)
	file="/root/go/src/city/controllers/borrowController.go"

[Error - 1:58:35 PM] 2020/11/20 13:58:35 DocumentSymbols failed: invalid pos
	URI=file:///root/go/src/city/controllers/borrowController.go

[Info  - 1:58:57 PM] 2020/11/20 13:58:57 background imports cache refresh starting

[Info  - 1:58:57 PM] 2020/11/20 13:58:57 background refresh finished after 16.85253ms

[Info  - 1:59:29 PM] 2020/11/20 13:59:29 background imports cache refresh starting

[Info  - 1:59:29 PM] 2020/11/20 13:59:29 background refresh finished after 16.866954ms

[Error - 1:59:31 PM] 2020/11/20 13:59:31 no completions found: this is a definition
	position={41 3}

[Error - 1:59:36 PM] Request textDocument/definition failed.
  Message: no object found for ident data: no object found
  Code: 0 
[Error - 1:59:48 PM] Request textDocument/definition failed.
  Message: no object found for ident data: no object found
  Code: 0 
[Error - 1:59:49 PM] Request textDocument/definition failed.
  Message: no object found for ident data: no object found
  Code: 0 
[Error - 1:59:52 PM] Request textDocument/definition failed.
  Message: no identifier found
  Code: 0 
[Error - 1:59:52 PM] Request textDocument/definition failed.
  Message: no identifier found
  Code: 0 
[Error - 1:59:57 PM] Request textDocument/definition failed.
  Message: no object found for ident data: no object found
  Code: 0 
[Error - 1:59:58 PM] Request textDocument/definition failed.
  Message: no identifier found
  Code: 0 
[Error - 1:59:58 PM] Request textDocument/definition failed.
  Message: no identifier found
  Code: 0 
[Error - 1:59:59 PM] Request textDocument/definition failed.
  Message: no identifier found
  Code: 0 
[Info  - 2:00:00 PM] 2020/11/20 14:00:00 background imports cache refresh starting

[Info  - 2:00:00 PM] 2020/11/20 14:00:00 background refresh finished after 17.046054ms

[Info  - 2:00:31 PM] 2020/11/20 14:00:31 background imports cache refresh starting

[Info  - 2:00:31 PM] 2020/11/20 14:00:31 background refresh finished after 23.464265ms

[Error - 2:00:31 PM] 2020/11/20 14:00:31 DocumentSymbols failed: invalid pos
	URI=file:///root/go/src/city/controllers/borrowController.go

[Error - 2:00:34 PM] 2020/11/20 14:00:34 DocumentSymbols failed: invalid pos
	URI=file:///root/go/src/city/controllers/borrowController.go

[Error - 2:00:37 PM] 2020/11/20 14:00:37 no completions found: this is a definition of var d invalid type
	position={39 6}

[Error - 2:00:37 PM] 2020/11/20 14:00:37 no completions found: this is a definition of var dat invalid type
	position={39 8}

[Error - 2:00:38 PM] 2020/11/20 14:00:38 imports fixes: AllImportsFixes: /root/go/src/city/controllers/borrowController.go:41:2: expected '[', found 'for' (and 4 more errors)
	file="/root/go/src/city/controllers/borrowController.go"

[Error - 2:00:38 PM] 2020/11/20 14:00:38 DocumentSymbols failed: invalid pos
	URI=file:///root/go/src/city/controllers/borrowController.go

[Error - 2:00:39 PM] 2020/11/20 14:00:39 imports fixes: AllImportsFixes: /root/go/src/city/controllers/borrowController.go:40:15: expected type, found ']' (and 1 more errors)
	file="/root/go/src/city/controllers/borrowController.go"

[Error - 2:00:39 PM] 2020/11/20 14:00:39 imports fixes: AllImportsFixes: /root/go/src/city/controllers/borrowController.go:40:15: expected type, found ']' (and 1 more errors)
	file="/root/go/src/city/controllers/borrowController.go"

[Error - 2:00:41 PM] 2020/11/20 14:00:41 imports fixes: AllImportsFixes: /root/go/src/city/controllers/borrowController.go:40:21: expected type, found newline
	file="/root/go/src/city/controllers/borrowController.go"

[Error - 2:00:42 PM] 2020/11/20 14:00:42 imports fixes: AllImportsFixes: /root/go/src/city/controllers/borrowController.go:40:22: expected type, found newline
	file="/root/go/src/city/controllers/borrowController.go"

[Error - 2:00:45 PM] Request textDocument/foldingRange failed.
  Message: invalid pos
  Code: 0 
[Error - 2:00:45 PM] 2020/11/20 14:00:45 imports fixes: AllImportsFixes: /root/go/src/city/controllers/borrowController.go:41:2: expected '{', found 'for' (and 6 more errors)
	file="/root/go/src/city/controllers/borrowController.go"

[Error - 2:00:46 PM] 2020/11/20 14:00:46 DocumentSymbols failed: invalid pos
	URI=file:///root/go/src/city/controllers/borrowController.go

[Error - 2:00:47 PM] Request textDocument/definition failed.
  Message: no object found for ident _: no object found
  Code: 0 
[Info  - 2:01:01 PM] 2020/11/20 14:01:01 background imports cache refresh starting

[Info  - 2:01:01 PM] 2020/11/20 14:01:01 background refresh finished after 17.759953ms

[Info  - 2:01:32 PM] 2020/11/20 14:01:32 background imports cache refresh starting

[Info  - 2:01:32 PM] 2020/11/20 14:01:32 background refresh finished after 17.249127ms

[Info  - 2:02:22 PM] 2020/11/20 14:02:22 background imports cache refresh starting

[Info  - 2:02:22 PM] 2020/11/20 14:02:22 background refresh finished after 24.38561ms

[Error - 2:02:39 PM] 2020/11/20 14:02:39 imports fixes: AllImportsFixes: /root/go/src/city/models/borrow.go:36:2: expected identifier on left side of :=
	file="/root/go/src/city/models/borrow.go"

[Info  - 2:02:55 PM] 2020/11/20 14:02:55 background imports cache refresh starting

[Info  - 2:02:55 PM] 2020/11/20 14:02:55 background refresh finished after 22.441826ms

[Error - 2:03:12 PM] 2020/11/20 14:03:12 imports fixes: AllImportsFixes: /root/go/src/city/controllers/borrowController.go:24:22: expected operand, found ']' (and 4 more errors)
	file="/root/go/src/city/controllers/borrowController.go"

[Error - 2:03:12 PM] 2020/11/20 14:03:12 DocumentSymbols failed: invalid pos
	URI=file:///root/go/src/city/controllers/borrowController.go

[Error - 2:03:15 PM] 2020/11/20 14:03:15 imports fixes: AllImportsFixes: /root/go/src/city/controllers/borrowController.go:25:8: expected '==', found '='
	file="/root/go/src/city/controllers/borrowController.go"

[Info  - 2:03:26 PM] 2020/11/20 14:03:26 background imports cache refresh starting

[Info  - 2:03:26 PM] 2020/11/20 14:03:26 background refresh finished after 52.146412ms

[Error - 2:03:35 PM] 2020/11/20 14:03:35 no signature help: cannot find an enclosing function
	position={27 90}

[Error - 2:03:37 PM] 2020/11/20 14:03:37 imports fixes: AllImportsFixes: /root/go/src/city/models/borrow.go:28:89: expected ';', found ',' (and 1 more errors)
	file="/root/go/src/city/models/borrow.go"

[Error - 2:03:38 PM] 2020/11/20 14:03:38 imports fixes: AllImportsFixes: /root/go/src/city/models/borrow.go:28:89: expected ';', found ',' (and 1 more errors)
	file="/root/go/src/city/models/borrow.go"

[Error - 2:03:41 PM] 2020/11/20 14:03:41 imports fixes: AllImportsFixes: /root/go/src/city/models/borrow.go:28:89: expected ';', found ',' (and 1 more errors)
	file="/root/go/src/city/models/borrow.go"

[Error - 2:03:42 PM] 2020/11/20 14:03:42 imports fixes: AllImportsFixes: /root/go/src/city/models/borrow.go:28:89: expected ';', found ',' (and 1 more errors)
	file="/root/go/src/city/models/borrow.go"

[Error - 2:03:43 PM] 2020/11/20 14:03:43 imports fixes: AllImportsFixes: /root/go/src/city/models/borrow.go:28:89: expected ';', found ',' (and 1 more errors)
	file="/root/go/src/city/models/borrow.go"

[Error - 2:03:43 PM] 2020/11/20 14:03:43 imports fixes: AllImportsFixes: /root/go/src/city/models/borrow.go:28:89: expected ';', found ',' (and 1 more errors)
	file="/root/go/src/city/models/borrow.go"

[Error - 2:03:43 PM] Request textDocument/formatting failed.
  Message: 28:89: expected ';', found ','
  Code: 0 
[Error - 2:03:45 PM] 2020/11/20 14:03:45 imports fixes: AllImportsFixes: /root/go/src/city/models/borrow.go:28:89: expected ';', found ',' (and 1 more errors)
	file="/root/go/src/city/models/borrow.go"

[Error - 2:03:48 PM] 2020/11/20 14:03:48 imports fixes: AllImportsFixes: /root/go/src/city/models/borrow.go:28:89: expected ';', found ',' (and 1 more errors)
	file="/root/go/src/city/models/borrow.go"

[Error - 2:03:48 PM] 2020/11/20 14:03:48 imports fixes: AllImportsFixes: /root/go/src/city/models/borrow.go:28:89: expected ';', found ',' (and 1 more errors)
	file="/root/go/src/city/models/borrow.go"

[Error - 2:03:49 PM] Request textDocument/definition failed.
  Message: no identifier found
  Code: 0 
[Error - 2:03:50 PM] 2020/11/20 14:03:50 no signature help: cannot find an enclosing function
	position={27 67}

[Error - 2:03:50 PM] 2020/11/20 14:03:50 imports fixes: AllImportsFixes: /root/go/src/city/models/borrow.go:28:68: expected type, found '{' (and 7 more errors)
	file="/root/go/src/city/models/borrow.go"

[Info  - 2:03:58 PM] 2020/11/20 14:03:58 background imports cache refresh starting

[Info  - 2:03:58 PM] 2020/11/20 14:03:58 background refresh finished after 17.360975ms

[Error - 2:03:58 PM] 2020/11/20 14:03:58 analyses failed: analysis fillreturns for package city/models panicked: unknown basic type
	snapshot=640
	package="city/models"

[Info  - 2:03:58 PM] 2020/11/20 14:03:58 analysis panicked: unknown basic type
	package="city/models"

[Error - 2:04:03 PM] 2020/11/20 14:04:03 no signature help: cannot find an enclosing function
	position={32 14}

[Error - 2:04:07 PM] 2020/11/20 14:04:07 no signature help: cannot find an enclosing function
	position={38 13}

[Error - 2:04:07 PM] 2020/11/20 14:04:07 DocumentSymbols failed: invalid pos
	URI=file:///root/go/src/city/models/borrow.go

[Error - 2:04:24 PM] 2020/11/20 14:04:24 imports fixes: AllImportsFixes: /root/go/src/city/controllers/borrowController.go:25:8: expected '==', found '='
	file="/root/go/src/city/controllers/borrowController.go"

[Error - 2:04:24 PM] 2020/11/20 14:04:24 imports fixes: AllImportsFixes: /root/go/src/city/controllers/borrowController.go:25:8: expected '==', found '='
	file="/root/go/src/city/controllers/borrowController.go"

[Error - 2:04:28 PM] 2020/11/20 14:04:28 imports fixes: AllImportsFixes: /root/go/src/city/controllers/borrowController.go:25:8: expected '==', found '='
	file="/root/go/src/city/controllers/borrowController.go"

[Info  - 2:04:28 PM] 2020/11/20 14:04:28 background imports cache refresh starting

[Info  - 2:04:28 PM] 2020/11/20 14:04:28 background refresh finished after 17.51165ms

[Error - 2:04:29 PM] 2020/11/20 14:04:29 imports fixes: AllImportsFixes: /root/go/src/city/controllers/borrowController.go:25:8: expected '==', found '='
	file="/root/go/src/city/controllers/borrowController.go"

[Error - 2:04:32 PM] 2020/11/20 14:04:32 no signature help: no signature help within a function declaration
	position={20 6}

[Error - 2:04:35 PM] 2020/11/20 14:04:35 imports fixes: AllImportsFixes: /root/go/src/city/controllers/borrowController.go:25:8: expected '==', found '='
	file="/root/go/src/city/controllers/borrowController.go"

[Error - 2:04:40 PM] 2020/11/20 14:04:40 imports fixes: AllImportsFixes: /root/go/src/city/controllers/borrowController.go:25:8: expected '==', found '='
	file="/root/go/src/city/controllers/borrowController.go"

[Error - 2:04:44 PM] 2020/11/20 14:04:44 imports fixes: AllImportsFixes: /root/go/src/city/controllers/borrowController.go:25:8: expected '==', found '='
	file="/root/go/src/city/controllers/borrowController.go"

[Error - 2:04:45 PM] 2020/11/20 14:04:45 imports fixes: AllImportsFixes: /root/go/src/city/controllers/borrowController.go:25:8: expected '==', found '='
	file="/root/go/src/city/controllers/borrowController.go"

[Error - 2:04:46 PM] 2020/11/20 14:04:46 imports fixes: AllImportsFixes: /root/go/src/city/controllers/borrowController.go:25:8: expected '==', found '='
	file="/root/go/src/city/controllers/borrowController.go"

[Error - 2:04:48 PM] 2020/11/20 14:04:48 imports fixes: AllImportsFixes: /root/go/src/city/controllers/borrowController.go:25:8: expected '==', found '='
	file="/root/go/src/city/controllers/borrowController.go"

[Error - 2:04:50 PM] 2020/11/20 14:04:50 imports fixes: AllImportsFixes: /root/go/src/city/controllers/borrowController.go:25:8: expected '==', found '='
	file="/root/go/src/city/controllers/borrowController.go"

[Error - 2:04:50 PM] 2020/11/20 14:04:50 no signature help: no signature help within a function declaration
	position={20 7}

[Error - 2:04:54 PM] 2020/11/20 14:04:54 no completions found: this is a definition of var i *city/models.Borrow
	position={20 8}

[Error - 2:04:54 PM] 2020/11/20 14:04:54 imports fixes: AllImportsFixes: /root/go/src/city/controllers/borrowController.go:25:8: expected '==', found '='
	file="/root/go/src/city/controllers/borrowController.go"

[Error - 2:04:56 PM] 2020/11/20 14:04:56 no completions found: this is a definition of var i *city/models.Borrow
	position={20 8}

[Error - 2:04:56 PM] 2020/11/20 14:04:56 no completions found: this is a definition of var inse *city/models.Borrow
	position={20 11}

[Error - 2:04:56 PM] 2020/11/20 14:04:56 no completions found: this is a definition of var inser *city/models.Borrow
	position={20 12}

[Error - 2:04:56 PM] 2020/11/20 14:04:56 no completions found: this is a definition of var insert *city/models.Borrow
	position={20 13}

[Error - 2:04:56 PM] 2020/11/20 14:04:56 no completions found: this is a definition of var inserte *city/models.Borrow
	position={20 14}

[Error - 2:04:57 PM] 2020/11/20 14:04:57 no completions found: this is a definition of var inserted *city/models.Borrow
	position={20 15}

[Error - 2:04:57 PM] 2020/11/20 14:04:57 imports fixes: AllImportsFixes: /root/go/src/city/controllers/borrowController.go:25:8: expected '==', found '='
	file="/root/go/src/city/controllers/borrowController.go"

[Error - 2:04:57 PM] 2020/11/20 14:04:57 no completions found: this is a definition of var insertedD *city/models.Borrow
	position={20 16}

[Error - 2:04:58 PM] 2020/11/20 14:04:58 no completions found: this is a definition of var insertedDa *city/models.Borrow
	position={20 17}

[Error - 2:04:58 PM] 2020/11/20 14:04:58 no completions found: this is a definition of var insertedDat *city/models.Borrow
	position={20 18}

[Error - 2:04:58 PM] 2020/11/20 14:04:58 no completions found: this is a definition of var insertedData *city/models.Borrow
	position={20 19}

[Error - 2:04:58 PM] 2020/11/20 14:04:58 imports fixes: AllImportsFixes: /root/go/src/city/controllers/borrowController.go:25:8: expected '==', found '='
	file="/root/go/src/city/controllers/borrowController.go"

[Error - 2:04:59 PM] 2020/11/20 14:04:59 imports fixes: AllImportsFixes: /root/go/src/city/controllers/borrowController.go:25:8: expected '==', found '='
	file="/root/go/src/city/controllers/borrowController.go"

[Error - 2:05:00 PM] 2020/11/20 14:05:00 imports fixes: AllImportsFixes: /root/go/src/city/controllers/borrowController.go:25:8: expected '==', found '='
	file="/root/go/src/city/controllers/borrowController.go"

[Error - 2:05:01 PM] 2020/11/20 14:05:01 imports fixes: AllImportsFixes: /root/go/src/city/controllers/borrowController.go:25:8: expected '==', found '='
	file="/root/go/src/city/controllers/borrowController.go"

[Error - 2:05:02 PM] 2020/11/20 14:05:02 imports fixes: AllImportsFixes: /root/go/src/city/controllers/borrowController.go:25:8: expected '==', found '='
	file="/root/go/src/city/controllers/borrowController.go"

[Info  - 2:05:13 PM] 2020/11/20 14:05:13 background imports cache refresh starting

[Info  - 2:05:13 PM] 2020/11/20 14:05:13 background refresh finished after 45.734264ms

[Info  - 2:05:50 PM] 2020/11/20 14:05:50 background imports cache refresh starting

[Info  - 2:05:50 PM] 2020/11/20 14:05:50 background refresh finished after 14.230737ms

[Info  - 2:06:21 PM] 2020/11/20 14:06:21 background imports cache refresh starting

[Info  - 2:06:21 PM] 2020/11/20 14:06:21 background refresh finished after 16.679858ms

[Info  - 2:06:52 PM] 2020/11/20 14:06:52 background imports cache refresh starting

[Info  - 2:06:52 PM] 2020/11/20 14:06:52 background refresh finished after 16.737686ms

[Error - 2:07:53 PM] Request textDocument/definition failed.
  Message: no identifier found
  Code: 0 
[Info  - 2:08:04 PM] 2020/11/20 14:08:04 background imports cache refresh starting

[Info  - 2:08:04 PM] 2020/11/20 14:08:04 background refresh finished after 51.104769ms

[Error - 2:09:02 PM] Request textDocument/definition failed.
  Message: no identifier found
  Code: 0 
[Error - 2:09:02 PM] Request textDocument/definition failed.
  Message: no identifier found
  Code: 0 
[Error - 2:09:03 PM] Request textDocument/definition failed.
  Message: no identifier found
  Code: 0 
[Info  - 2:09:06 PM] 2020/11/20 14:09:06 background imports cache refresh starting

[Info  - 2:09:07 PM] 2020/11/20 14:09:07 background refresh finished after 48.804764ms

[Error - 2:09:08 PM] Request textDocument/definition failed.
  Message: no identifier found
  Code: 0 
[Info  - 2:09:38 PM] 2020/11/20 14:09:38 background imports cache refresh starting

[Info  - 2:09:38 PM] 2020/11/20 14:09:38 background refresh finished after 18.684602ms

[Info  - 2:10:08 PM] 2020/11/20 14:10:08 background imports cache refresh starting

[Info  - 2:10:08 PM] 2020/11/20 14:10:08 background refresh finished after 33.512538ms

[Error - 2:12:32 PM] Request textDocument/definition failed.
  Message: no identifier found
  Code: 0 
[Info  - 2:12:57 PM] 2020/11/20 14:12:57 background imports cache refresh starting

[Info  - 2:12:57 PM] 2020/11/20 14:12:57 background refresh finished after 39.768125ms

[Info  - 2:18:27 PM] 2020/11/20 14:18:27 background imports cache refresh starting

[Info  - 2:18:27 PM] 2020/11/20 14:18:27 background refresh finished after 44.748456ms

[Error - 2:18:34 PM] 2020/11/20 14:18:34 no completions found: this is a definition of var D invalid type
	position={50 5}

[Error - 2:18:34 PM] 2020/11/20 14:18:34 imports fixes: AllImportsFixes: /root/go/src/city/controllers/borrowController.go:51:5: missing variable type or initialization
	file="/root/go/src/city/controllers/borrowController.go"

[Error - 2:18:34 PM] 2020/11/20 14:18:34 no completions found: this is a definition of var Det invalid type
	position={50 7}

[Error - 2:18:34 PM] 2020/11/20 14:18:34 no completions found: this is a definition of var Deta invalid type
	position={50 8}

[Error - 2:18:34 PM] 2020/11/20 14:18:34 no completions found: this is a definition of var Detai invalid type
	position={50 9}

[Error - 2:18:35 PM] 2020/11/20 14:18:35 no completions found: this is a definition of var Detail invalid type
	position={50 10}

[Error - 2:18:35 PM] 2020/11/20 14:18:35 imports fixes: AllImportsFixes: /root/go/src/city/controllers/borrowController.go:51:5: missing variable type or initialization
	file="/root/go/src/city/controllers/borrowController.go"

[Error - 2:18:36 PM] 2020/11/20 14:18:36 no completions found: this is a definition of var DetailP invalid type
	position={50 11}

[Error - 2:18:36 PM] 2020/11/20 14:18:36 no completions found: this is a definition of var DetailPi invalid type
	position={50 12}

[Error - 2:18:36 PM] 2020/11/20 14:18:36 no completions found: this is a definition of var DetailPin invalid type
	position={50 13}

[Error - 2:18:36 PM] 2020/11/20 14:18:36 no completions found: this is a definition of var DetailPinj invalid type
	position={50 14}

[Error - 2:18:36 PM] 2020/11/20 14:18:36 no completions found: this is a definition of var DetailPinja invalid type
	position={50 15}

[Error - 2:18:36 PM] 2020/11/20 14:18:36 no completions found: this is a definition of var DetailPinjam invalid type
	position={50 16}

[Error - 2:18:36 PM] 2020/11/20 14:18:36 no completions found: this is a definition of var DetailPinjama invalid type
	position={50 17}

[Error - 2:18:36 PM] 2020/11/20 14:18:36 no completions found: this is a definition of var DetailPinjaman invalid type
	position={50 18}

[Error - 2:18:37 PM] 2020/11/20 14:18:37 imports fixes: AllImportsFixes: /root/go/src/city/controllers/borrowController.go:51:5: missing variable type or initialization
	file="/root/go/src/city/controllers/borrowController.go"

[Error - 2:18:39 PM] 2020/11/20 14:18:39 imports fixes: AllImportsFixes: /root/go/src/city/controllers/borrowController.go:51:5: missing variable type or initialization
	file="/root/go/src/city/controllers/borrowController.go"

[Error - 2:18:40 PM] 2020/11/20 14:18:40 imports fixes: AllImportsFixes: /root/go/src/city/controllers/borrowController.go:51:5: missing variable type or initialization
	file="/root/go/src/city/controllers/borrowController.go"

[Error - 2:18:41 PM] 2020/11/20 14:18:41 no completions found: this is a definition of var B invalid type
	position={50 5}

[Error - 2:18:42 PM] 2020/11/20 14:18:42 no completions found: this is a definition of var Bor invalid type
	position={50 7}

[Error - 2:18:42 PM] 2020/11/20 14:18:42 imports fixes: AllImportsFixes: /root/go/src/city/controllers/borrowController.go:51:5: missing variable type or initialization
	file="/root/go/src/city/controllers/borrowController.go"

[Error - 2:18:43 PM] 2020/11/20 14:18:43 no completions found: this is a definition of var BorrowDeta invalid type
	position={50 14}

[Error - 2:18:43 PM] 2020/11/20 14:18:43 no completions found: this is a definition of var BorrowDetai invalid type
	position={50 15}

[Error - 2:18:44 PM] 2020/11/20 14:18:44 no completions found: this is a definition of var BorrowDetail invalid type
	position={50 16}

[Error - 2:18:44 PM] 2020/11/20 14:18:44 imports fixes: AllImportsFixes: /root/go/src/city/controllers/borrowController.go:51:5: missing variable type or initialization
	file="/root/go/src/city/controllers/borrowController.go"

[Error - 2:18:46 PM] 2020/11/20 14:18:46 imports fixes: AllImportsFixes: /root/go/src/city/controllers/borrowController.go:51:20: expected expression (and 4 more errors)
	file="/root/go/src/city/controllers/borrowController.go"

[Info  - 2:18:58 PM] 2020/11/20 14:18:58 background imports cache refresh starting

[Info  - 2:18:58 PM] 2020/11/20 14:18:58 background refresh finished after 13.251139ms

[Error - 2:19:08 PM] 2020/11/20 14:19:08 imports fixes: AllImportsFixes: /root/go/src/city/models/borrow.go:43:5: expected '(', found 'EOF' (and 4 more errors)
	file="/root/go/src/city/models/borrow.go"

[Info  - 2:19:29 PM] 2020/11/20 14:19:29 background imports cache refresh starting

[Info  - 2:19:29 PM] 2020/11/20 14:19:29 background refresh finished after 50.627816ms

[Error - 2:20:03 PM] Request textDocument/definition failed.
  Message: no object found for ident GetBooksByID: no object found
  Code: 0 
[Info  - 2:20:14 PM] 2020/11/20 14:20:14 background imports cache refresh starting

[Info  - 2:20:14 PM] 2020/11/20 14:20:14 background refresh finished after 42.364558ms

[Info  - 2:20:44 PM] 2020/11/20 14:20:44 background imports cache refresh starting

[Info  - 2:20:44 PM] 2020/11/20 14:20:44 background refresh finished after 15.678302ms

[Error - 2:21:17 PM] 2020/11/20 14:21:17 no completions found: this is a definition of var b *Borrow
	position={43 2}

[Error - 2:21:18 PM] 2020/11/20 14:21:18 no completions found: this is a definition of var borro *Borrow
	position={43 6}

[Info  - 2:21:18 PM] 2020/11/20 14:21:18 background imports cache refresh starting

[Info  - 2:21:18 PM] 2020/11/20 14:21:18 background refresh finished after 43.165152ms

[Info  - 2:21:48 PM] 2020/11/20 14:21:48 background imports cache refresh starting

[Info  - 2:21:48 PM] 2020/11/20 14:21:48 background refresh finished after 17.365106ms

[Info  - 2:22:19 PM] 2020/11/20 14:22:19 background imports cache refresh starting

[Info  - 2:22:19 PM] 2020/11/20 14:22:19 background refresh finished after 41.518517ms

[Info  - 2:22:50 PM] 2020/11/20 14:22:50 background imports cache refresh starting

[Info  - 2:22:50 PM] 2020/11/20 14:22:50 background refresh finished after 17.475115ms

[Error - 2:22:57 PM] Request textDocument/definition failed.
  Message: no identifier found
  Code: 0 
[Error - 2:23:00 PM] 2020/11/20 14:23:00 imports fixes: AllImportsFixes: /root/go/src/city/models/borrow.go:50:21: expected ';', found borrow
	file="/root/go/src/city/models/borrow.go"

[Error - 2:23:02 PM] 2020/11/20 14:23:02 imports fixes: AllImportsFixes: /root/go/src/city/models/borrow.go:50:21: expected ';', found borrow
	file="/root/go/src/city/models/borrow.go"

[Error - 2:23:05 PM] 2020/11/20 14:23:05 no completions found: this is a definition of var borrowd *Borrow
	position={49 8}

[Info  - 2:23:20 PM] 2020/11/20 14:23:20 background imports cache refresh starting

[Info  - 2:23:20 PM] 2020/11/20 14:23:20 background refresh finished after 52.162655ms

[Error - 2:23:22 PM] Request textDocument/foldingRange failed.
  Message: invalid pos
  Code: 0 
[Error - 2:23:22 PM] 2020/11/20 14:23:22 imports fixes: AllImportsFixes: /root/go/src/city/models/borrow.go:51:66: expected operand, found ')' (and 16 more errors)
	file="/root/go/src/city/models/borrow.go"

[Error - 2:23:50 PM] Request textDocument/definition failed.
  Message: no identifier found
  Code: 0 
[Info  - 2:23:51 PM] 2020/11/20 14:23:51 background imports cache refresh starting

[Info  - 2:23:52 PM] 2020/11/20 14:23:52 background refresh finished after 18.422829ms

[Info  - 2:24:22 PM] 2020/11/20 14:24:22 background imports cache refresh starting

[Info  - 2:24:22 PM] 2020/11/20 14:24:22 background refresh finished after 26.649116ms

[Info  - 2:24:52 PM] 2020/11/20 14:24:52 background imports cache refresh starting

[Info  - 2:24:52 PM] 2020/11/20 14:24:52 background refresh finished after 33.915995ms

[Error - 2:24:55 PM] 2020/11/20 14:24:55 imports fixes: AllImportsFixes: /root/go/src/city/models/borrow.go:58:16: expected expression
	file="/root/go/src/city/models/borrow.go"

[Error - 2:24:56 PM] 2020/11/20 14:24:56 imports fixes: AllImportsFixes: /root/go/src/city/models/borrow.go:58:16: expected expression (and 2 more errors)
	file="/root/go/src/city/models/borrow.go"

[Info  - 2:25:22 PM] 2020/11/20 14:25:22 background imports cache refresh starting

[Info  - 2:25:22 PM] 2020/11/20 14:25:22 background refresh finished after 42.728294ms

[Error - 2:25:34 PM] 2020/11/20 14:25:34 no completions found: this is a definition of type D struct{BorrowCard Borrow "json:\"borrow_card\""; BorrowdBook []Borrowd "json:\"borrowd_book\""}
	position={27 6}

[Error - 2:25:35 PM] 2020/11/20 14:25:35 no completions found: this is a definition of type Det struct{BorrowCard Borrow "json:\"borrow_card\""; BorrowdBook []Borrowd "json:\"borrowd_book\""}
	position={27 8}

[Error - 2:25:36 PM] 2020/11/20 14:25:36 no completions found: this is a definition of type DetailsB struct{BorrowCard Borrow "json:\"borrow_card\""; BorrowdBook []Borrowd "json:\"borrowd_book\""}
	position={27 13}

[Error - 2:25:37 PM] 2020/11/20 14:25:37 no completions found: this is a definition of type DetailsBo struct{BorrowCard Borrow "json:\"borrow_card\""; BorrowdBook []Borrowd "json:\"borrowd_book\""}
	position={27 14}

[Error - 2:25:37 PM] 2020/11/20 14:25:37 no completions found: this is a definition of type DetailsBor struct{BorrowCard Borrow "json:\"borrow_card\""; BorrowdBook []Borrowd "json:\"borrowd_book\""}
	position={27 15}

[Error - 2:25:37 PM] 2020/11/20 14:25:37 no completions found: this is a definition of type DetailsBorr struct{BorrowCard Borrow "json:\"borrow_card\""; BorrowdBook []Borrowd "json:\"borrowd_book\""}
	position={27 16}

[Error - 2:25:37 PM] 2020/11/20 14:25:37 no completions found: this is a definition of type DetailsBorro struct{BorrowCard Borrow "json:\"borrow_card\""; BorrowdBook []Borrowd "json:\"borrowd_book\""}
	position={27 17}

[Error - 2:25:37 PM] 2020/11/20 14:25:37 no completions found: this is a definition of type DetailsBorrow struct{BorrowCard Borrow "json:\"borrow_card\""; BorrowdBook []Borrowd "json:\"borrowd_book\""}
	position={27 18}

[Info  - 2:26:00 PM] 2020/11/20 14:26:00 background imports cache refresh starting

[Info  - 2:26:00 PM] 2020/11/20 14:26:00 background refresh finished after 42.560723ms

[Info  - 2:26:32 PM] 2020/11/20 14:26:32 background imports cache refresh starting

[Info  - 2:26:32 PM] 2020/11/20 14:26:32 background refresh finished after 44.155228ms

[Info  - 2:27:02 PM] 2020/11/20 14:27:02 background imports cache refresh starting

[Info  - 2:27:02 PM] 2020/11/20 14:27:02 background refresh finished after 47.073912ms

[Info  - 2:27:07 PM] 2020/11/20 14:27:07 go/packages.Load
	snapshot=1004
	directory=/root/go/src/city
	query=[city/controllers]
	packages=1

[Info  - 2:27:07 PM] 2020/11/20 14:27:07 go/packages.Load
	snapshot=1004
	package_path="city/controllers"
	files=[/root/go/src/city/controllers/bookController.go /root/go/src/city/controllers/borrowController.go /root/go/src/city/controllers/borrowdController.go /root/go/src/city/controllers/cityController.go /root/go/src/city/controllers/srepController.go /root/go/src/city/controllers/stockController.go /root/go/src/city/controllers/usersController.go]

[Info  - 2:27:12 PM] 2020/11/20 14:27:12 go/packages.Load
	snapshot=1005
	directory=/root/go/src/city
	query=[city/controllers]
	packages=1

[Info  - 2:27:12 PM] 2020/11/20 14:27:12 go/packages.Load
	snapshot=1005
	package_path="city/controllers"
	files=[/root/go/src/city/controllers/bookController.go /root/go/src/city/controllers/borrowController.go /root/go/src/city/controllers/borrowdController.go /root/go/src/city/controllers/cityController.go /root/go/src/city/controllers/srepController.go /root/go/src/city/controllers/stockController.go /root/go/src/city/controllers/usersController.go]

[Error - 2:27:24 PM] 2020/11/20 14:27:24 no signature help: no signature help within a function declaration
	position={63 0}

[Error - 2:27:30 PM] 2020/11/20 14:27:30 no completions found: this is a definition of var b int
	position={58 2}

[Error - 2:27:31 PM] 2020/11/20 14:27:31 no completions found: this is a definition of var bor int
	position={58 4}

[Info  - 2:27:33 PM] 2020/11/20 14:27:33 background imports cache refresh starting

[Info  - 2:27:33 PM] 2020/11/20 14:27:33 background refresh finished after 46.557097ms

[Error - 2:27:47 PM] Request textDocument/definition failed.
  Message: no identifier found
  Code: 0 
[Error - 2:27:47 PM] Request textDocument/definition failed.
  Message: no identifier found
  Code: 0 
[Error - 2:27:53 PM] Request textDocument/definition failed.
  Message: no identifier found
  Code: 0 
[Error - 2:27:53 PM] Request textDocument/definition failed.
  Message: no identifier found
  Code: 0 
[Error - 2:27:54 PM] Request textDocument/definition failed.
  Message: no identifier found
  Code: 0 
[Error - 2:27:55 PM] Request textDocument/definition failed.
  Message: no identifier found
  Code: 0 
[Error - 2:27:55 PM] Request textDocument/definition failed.
  Message: no object found for ident GetBookByID: no object found
  Code: 0 
[Error - 2:27:56 PM] Request textDocument/definition failed.
  Message: no object found for ident GetBookByID: no object found
  Code: 0 
[Info  - 2:28:04 PM] 2020/11/20 14:28:04 background imports cache refresh starting

[Info  - 2:28:04 PM] 2020/11/20 14:28:04 background refresh finished after 34.362813ms

[Info  - 2:29:26 PM] 2020/11/20 14:29:26 background imports cache refresh starting

[Info  - 2:29:26 PM] 2020/11/20 14:29:26 background refresh finished after 36.433446ms

[Error - 2:38:05 PM] Request textDocument/definition failed.
  Message: no object found for ident BorrowC: no object found
  Code: 0 
[Error - 2:38:05 PM] Request textDocument/definition failed.
  Message: no object found for ident BorrowDetail: no object found
  Code: 0 
[Error - 2:38:05 PM] Request textDocument/definition failed.
  Message: no object found for ident BorrowDetail: no object found
  Code: 0 
[Error - 2:38:06 PM] Request textDocument/definition failed.
  Message: no object found for ident GetBookByID: no object found
  Code: 0 
[Error - 2:38:09 PM] Request textDocument/definition failed.
  Message: no object found for ident GetBookByID: no object found
  Code: 0 
[Info  - 2:38:39 PM] 2020/11/20 14:38:39 background imports cache refresh starting

[Info  - 2:38:39 PM] 2020/11/20 14:38:39 background refresh finished after 23.514328ms

