[2020-11-20 13:41:37.041] [exthost] [info] extension host started
[2020-11-20 13:41:37.052] [exthost] [info] ExtensionService#_doActivateExtension vscode.microsoft-authentication {"startup":false,"extensionId":{"value":"vscode.microsoft-authentication","_lower":"vscode.microsoft-authentication"},"activationEvent":"onAuthenticationRequest:microsoft"}
[2020-11-20 13:41:37.052] [exthost] [info] ExtensionService#loadCommonJSModule file:///snap/code/50/usr/share/code/resources/app/extensions/microsoft-authentication/dist/extension.js
[2020-11-20 13:41:37.057] [exthost] [info] ExtensionService#_doActivateExtension vscode.debug-auto-launch {"startup":true,"extensionId":{"value":"vscode.debug-auto-launch","_lower":"vscode.debug-auto-launch"},"activationEvent":"*"}
[2020-11-20 13:41:37.057] [exthost] [info] ExtensionService#loadCommonJSModule file:///snap/code/50/usr/share/code/resources/app/extensions/debug-auto-launch/dist/extension
[2020-11-20 13:41:37.059] [exthost] [info] ExtensionService#_doActivateExtension vscode.emmet {"startup":true,"extensionId":{"value":"vscode.emmet","_lower":"vscode.emmet"},"activationEvent":"*"}
[2020-11-20 13:41:37.059] [exthost] [info] ExtensionService#loadCommonJSModule file:///snap/code/50/usr/share/code/resources/app/extensions/emmet/dist/node/emmetNodeMain
[2020-11-20 13:41:37.066] [exthost] [info] ExtensionService#_doActivateExtension vscode.git {"startup":true,"extensionId":{"value":"vscode.github","_lower":"vscode.github"},"activationEvent":"*"}
[2020-11-20 13:41:37.066] [exthost] [info] ExtensionService#loadCommonJSModule file:///snap/code/50/usr/share/code/resources/app/extensions/git/dist/main
[2020-11-20 13:41:37.075] [exthost] [info] ExtensionService#_doActivateExtension vscode.merge-conflict {"startup":true,"extensionId":{"value":"vscode.merge-conflict","_lower":"vscode.merge-conflict"},"activationEvent":"*"}
[2020-11-20 13:41:37.075] [exthost] [info] ExtensionService#loadCommonJSModule file:///snap/code/50/usr/share/code/resources/app/extensions/merge-conflict/dist/mergeConflictMain
[2020-11-20 13:41:37.076] [exthost] [info] ExtensionService#_doActivateExtension vscode.search-result {"startup":true,"extensionId":{"value":"vscode.search-result","_lower":"vscode.search-result"},"activationEvent":"*"}
[2020-11-20 13:41:37.076] [exthost] [info] ExtensionService#loadCommonJSModule file:///snap/code/50/usr/share/code/resources/app/extensions/search-result/dist/extension.js
[2020-11-20 13:41:37.105] [exthost] [info] ExtensionService#_doActivateExtension vscode.github {"startup":true,"extensionId":{"value":"vscode.github","_lower":"vscode.github"},"activationEvent":"*"}
[2020-11-20 13:41:37.105] [exthost] [info] ExtensionService#loadCommonJSModule file:///snap/code/50/usr/share/code/resources/app/extensions/github/dist/extension.js
[2020-11-20 13:41:37.122] [exthost] [info] ExtensionService#_doActivateExtension ms-vscode.js-debug {"startup":false,"extensionId":{"value":"ms-vscode.js-debug","_lower":"ms-vscode.js-debug"},"activationEvent":"onCommand:extension.js-debug.clearAutoAttachVariables"}
[2020-11-20 13:41:37.122] [exthost] [info] ExtensionService#loadCommonJSModule file:///snap/code/50/usr/share/code/resources/app/extensions/ms-vscode.js-debug/src/extension.js
[2020-11-20 13:41:37.164] [exthost] [info] eager extensions activated
[2020-11-20 13:41:37.178] [exthost] [info] ExtensionService#_doActivateExtension vscode.github-authentication {"startup":false,"extensionId":{"value":"vscode.github-authentication","_lower":"vscode.github-authentication"},"activationEvent":"onAuthenticationRequest:github"}
[2020-11-20 13:41:37.179] [exthost] [info] ExtensionService#loadCommonJSModule file:///snap/code/50/usr/share/code/resources/app/extensions/github-authentication/dist/extension.js
[2020-11-20 13:41:54.402] [exthost] [info] extension host started
[2020-11-20 13:41:54.471] [exthost] [info] ExtensionService#_doActivateExtension vscode.microsoft-authentication {"startup":false,"extensionId":{"value":"vscode.microsoft-authentication","_lower":"vscode.microsoft-authentication"},"activationEvent":"onAuthenticationRequest:microsoft"}
[2020-11-20 13:41:54.471] [exthost] [info] ExtensionService#loadCommonJSModule file:///snap/code/50/usr/share/code/resources/app/extensions/microsoft-authentication/dist/extension.js
[2020-11-20 13:41:54.479] [exthost] [info] ExtensionService#_doActivateExtension golang.go {"startup":false,"extensionId":{"value":"golang.go","_lower":"golang.go"},"activationEvent":"onLanguage:go"}
[2020-11-20 13:41:54.479] [exthost] [info] ExtensionService#loadCommonJSModule file:///root/.vscode/extensions/golang.go-0.18.1/dist/goMain.js
[2020-11-20 13:41:54.519] [exthost] [info] ExtensionService#_doActivateExtension vscode.debug-auto-launch {"startup":true,"extensionId":{"value":"vscode.debug-auto-launch","_lower":"vscode.debug-auto-launch"},"activationEvent":"*"}
[2020-11-20 13:41:54.519] [exthost] [info] ExtensionService#loadCommonJSModule file:///snap/code/50/usr/share/code/resources/app/extensions/debug-auto-launch/dist/extension
[2020-11-20 13:41:54.520] [exthost] [info] ExtensionService#_doActivateExtension vscode.emmet {"startup":true,"extensionId":{"value":"vscode.emmet","_lower":"vscode.emmet"},"activationEvent":"*"}
[2020-11-20 13:41:54.521] [exthost] [info] ExtensionService#loadCommonJSModule file:///snap/code/50/usr/share/code/resources/app/extensions/emmet/dist/node/emmetNodeMain
[2020-11-20 13:41:54.527] [exthost] [info] ExtensionService#_doActivateExtension vscode.git {"startup":true,"extensionId":{"value":"vscode.github","_lower":"vscode.github"},"activationEvent":"*"}
[2020-11-20 13:41:54.527] [exthost] [info] ExtensionService#loadCommonJSModule file:///snap/code/50/usr/share/code/resources/app/extensions/git/dist/main
[2020-11-20 13:41:54.536] [exthost] [info] ExtensionService#_doActivateExtension vscode.merge-conflict {"startup":true,"extensionId":{"value":"vscode.merge-conflict","_lower":"vscode.merge-conflict"},"activationEvent":"*"}
[2020-11-20 13:41:54.537] [exthost] [info] ExtensionService#loadCommonJSModule file:///snap/code/50/usr/share/code/resources/app/extensions/merge-conflict/dist/mergeConflictMain
[2020-11-20 13:41:54.538] [exthost] [info] ExtensionService#_doActivateExtension vscode.search-result {"startup":true,"extensionId":{"value":"vscode.search-result","_lower":"vscode.search-result"},"activationEvent":"*"}
[2020-11-20 13:41:54.538] [exthost] [info] ExtensionService#loadCommonJSModule file:///snap/code/50/usr/share/code/resources/app/extensions/search-result/dist/extension.js
[2020-11-20 13:41:54.644] [exthost] [info] ExtensionService#_doActivateExtension vscode.github {"startup":true,"extensionId":{"value":"vscode.github","_lower":"vscode.github"},"activationEvent":"*"}
[2020-11-20 13:41:54.644] [exthost] [info] ExtensionService#loadCommonJSModule file:///snap/code/50/usr/share/code/resources/app/extensions/github/dist/extension.js
[2020-11-20 13:41:54.670] [exthost] [info] ExtensionService#_doActivateExtension ms-vscode.js-debug {"startup":false,"extensionId":{"value":"ms-vscode.js-debug","_lower":"ms-vscode.js-debug"},"activationEvent":"onCommand:extension.js-debug.clearAutoAttachVariables"}
[2020-11-20 13:41:54.671] [exthost] [info] ExtensionService#loadCommonJSModule file:///snap/code/50/usr/share/code/resources/app/extensions/ms-vscode.js-debug/src/extension.js
[2020-11-20 13:41:54.711] [exthost] [info] eager extensions activated
[2020-11-20 13:41:54.745] [exthost] [info] ExtensionService#_doActivateExtension vscode.github-authentication {"startup":false,"extensionId":{"value":"vscode.github-authentication","_lower":"vscode.github-authentication"},"activationEvent":"onAuthenticationRequest:github"}
[2020-11-20 13:41:54.746] [exthost] [info] ExtensionService#loadCommonJSModule file:///snap/code/50/usr/share/code/resources/app/extensions/github-authentication/dist/extension.js
[2020-11-20 13:43:41.887] [exthost] [error] [golang.go] provider FAILED
[2020-11-20 13:43:41.907] [exthost] [error] Error: no identifier found
	at handleResponse (/root/.vscode/extensions/golang.go-0.18.1/dist/goMain.js:73541:48)
	at processMessageQueue (/root/.vscode/extensions/golang.go-0.18.1/dist/goMain.js:73356:17)
	at Immediate.<anonymous> (/root/.vscode/extensions/golang.go-0.18.1/dist/goMain.js:73340:13)
	at processImmediate (internal/timers.js:439:21)
[2020-11-20 13:45:57.688] [exthost] [error] [golang.go] provider FAILED
[2020-11-20 13:45:57.693] [exthost] [error] Error: Illegal argument: range
	at Object.t.illegalArgument (/snap/code/50/usr/share/code/resources/app/out/vs/workbench/services/extensions/node/extensionHostProcess.js:10:662)
	at new ae (/snap/code/50/usr/share/code/resources/app/out/vs/workbench/services/extensions/node/extensionHostProcess.js:531:110)
	at new ae (/snap/code/50/usr/share/code/resources/app/out/vs/workbench/services/extensions/node/extensionHostProcess.js:511:436)
	at new ProtocolDocumentLink (/root/.vscode/extensions/golang.go-0.18.1/dist/goMain.js:49420:9)
	at asDocumentLink (/root/.vscode/extensions/golang.go-0.18.1/dist/goMain.js:78637:20)
	at Array.map (<anonymous>)
	at asDocumentLinks (/root/.vscode/extensions/golang.go-0.18.1/dist/goMain.js:78650:22)
[2020-11-20 13:48:39.781] [exthost] [error] [golang.go] provider FAILED
[2020-11-20 13:48:39.782] [exthost] [error] Error: invalid pos
	at handleResponse (/root/.vscode/extensions/golang.go-0.18.1/dist/goMain.js:73541:48)
	at processMessageQueue (/root/.vscode/extensions/golang.go-0.18.1/dist/goMain.js:73356:17)
	at Immediate.<anonymous> (/root/.vscode/extensions/golang.go-0.18.1/dist/goMain.js:73340:13)
	at processImmediate (internal/timers.js:439:21)
[2020-11-20 13:50:20.866] [exthost] [error] [golang.go] provider FAILED
[2020-11-20 13:50:20.867] [exthost] [error] Error: no identifier found
	at handleResponse (/root/.vscode/extensions/golang.go-0.18.1/dist/goMain.js:73541:48)
	at processMessageQueue (/root/.vscode/extensions/golang.go-0.18.1/dist/goMain.js:73356:17)
	at Immediate.<anonymous> (/root/.vscode/extensions/golang.go-0.18.1/dist/goMain.js:73340:13)
	at processImmediate (internal/timers.js:439:21)
[2020-11-20 13:50:31.517] [exthost] [error] [golang.go] provider FAILED
[2020-11-20 13:50:31.518] [exthost] [error] Error: invalid pos
	at handleResponse (/root/.vscode/extensions/golang.go-0.18.1/dist/goMain.js:73541:48)
	at processMessageQueue (/root/.vscode/extensions/golang.go-0.18.1/dist/goMain.js:73356:17)
	at Immediate.<anonymous> (/root/.vscode/extensions/golang.go-0.18.1/dist/goMain.js:73340:13)
	at processImmediate (internal/timers.js:439:21)
[2020-11-20 13:50:32.017] [exthost] [error] [golang.go] provider FAILED
[2020-11-20 13:50:32.018] [exthost] [error] Error: invalid pos
	at handleResponse (/root/.vscode/extensions/golang.go-0.18.1/dist/goMain.js:73541:48)
	at processMessageQueue (/root/.vscode/extensions/golang.go-0.18.1/dist/goMain.js:73356:17)
	at Immediate.<anonymous> (/root/.vscode/extensions/golang.go-0.18.1/dist/goMain.js:73340:13)
	at processImmediate (internal/timers.js:439:21)
[2020-11-20 13:50:33.847] [exthost] [error] [golang.go] provider FAILED
[2020-11-20 13:50:33.847] [exthost] [error] Error: invalid pos
	at handleResponse (/root/.vscode/extensions/golang.go-0.18.1/dist/goMain.js:73541:48)
	at processMessageQueue (/root/.vscode/extensions/golang.go-0.18.1/dist/goMain.js:73356:17)
	at Immediate.<anonymous> (/root/.vscode/extensions/golang.go-0.18.1/dist/goMain.js:73340:13)
	at processImmediate (internal/timers.js:439:21)
[2020-11-20 13:50:35.646] [exthost] [error] [golang.go] provider FAILED
[2020-11-20 13:50:35.646] [exthost] [error] Error: invalid pos
	at handleResponse (/root/.vscode/extensions/golang.go-0.18.1/dist/goMain.js:73541:48)
	at processMessageQueue (/root/.vscode/extensions/golang.go-0.18.1/dist/goMain.js:73356:17)
	at Immediate.<anonymous> (/root/.vscode/extensions/golang.go-0.18.1/dist/goMain.js:73340:13)
	at processImmediate (internal/timers.js:439:21)
[2020-11-20 13:50:52.266] [exthost] [error] [golang.go] provider FAILED
[2020-11-20 13:50:52.267] [exthost] [error] Error: invalid pos
	at handleResponse (/root/.vscode/extensions/golang.go-0.18.1/dist/goMain.js:73541:48)
	at processMessageQueue (/root/.vscode/extensions/golang.go-0.18.1/dist/goMain.js:73356:17)
	at Immediate.<anonymous> (/root/.vscode/extensions/golang.go-0.18.1/dist/goMain.js:73340:13)
	at processImmediate (internal/timers.js:439:21)
[2020-11-20 13:50:52.528] [exthost] [error] [golang.go] provider FAILED
[2020-11-20 13:50:52.528] [exthost] [error] Error: invalid pos
	at handleResponse (/root/.vscode/extensions/golang.go-0.18.1/dist/goMain.js:73541:48)
	at processMessageQueue (/root/.vscode/extensions/golang.go-0.18.1/dist/goMain.js:73356:17)
	at Immediate.<anonymous> (/root/.vscode/extensions/golang.go-0.18.1/dist/goMain.js:73340:13)
	at processImmediate (internal/timers.js:439:21)
[2020-11-20 13:50:52.806] [exthost] [error] [golang.go] provider FAILED
[2020-11-20 13:50:52.806] [exthost] [error] Error: invalid pos
	at handleResponse (/root/.vscode/extensions/golang.go-0.18.1/dist/goMain.js:73541:48)
	at processMessageQueue (/root/.vscode/extensions/golang.go-0.18.1/dist/goMain.js:73356:17)
	at Immediate.<anonymous> (/root/.vscode/extensions/golang.go-0.18.1/dist/goMain.js:73340:13)
	at processImmediate (internal/timers.js:439:21)
[2020-11-20 13:50:53.198] [exthost] [error] [golang.go] provider FAILED
[2020-11-20 13:50:53.199] [exthost] [error] Error: invalid pos
	at handleResponse (/root/.vscode/extensions/golang.go-0.18.1/dist/goMain.js:73541:48)
	at processMessageQueue (/root/.vscode/extensions/golang.go-0.18.1/dist/goMain.js:73356:17)
	at Immediate.<anonymous> (/root/.vscode/extensions/golang.go-0.18.1/dist/goMain.js:73340:13)
	at processImmediate (internal/timers.js:439:21)
[2020-11-20 13:52:07.178] [exthost] [error] [golang.go] provider FAILED
[2020-11-20 13:52:07.178] [exthost] [error] Error: invalid pos
	at handleResponse (/root/.vscode/extensions/golang.go-0.18.1/dist/goMain.js:73541:48)
	at processMessageQueue (/root/.vscode/extensions/golang.go-0.18.1/dist/goMain.js:73356:17)
	at Immediate.<anonymous> (/root/.vscode/extensions/golang.go-0.18.1/dist/goMain.js:73340:13)
	at processImmediate (internal/timers.js:439:21)
[2020-11-20 13:52:13.169] [exthost] [error] [golang.go] provider FAILED
[2020-11-20 13:52:13.169] [exthost] [error] Canceled: Canceled
	at LanguageClient.makeCancelError (/root/.vscode/extensions/golang.go-0.18.1/dist/goMain.js:13142:24)
	at LanguageClient.handleFailedRequest (/root/.vscode/extensions/golang.go-0.18.1/dist/goMain.js:13132:28)
	at /root/.vscode/extensions/golang.go-0.18.1/dist/goMain.js:11650:39
[2020-11-20 13:52:34.257] [exthost] [error] [golang.go] provider FAILED
[2020-11-20 13:52:34.257] [exthost] [error] Error: no identifier found
	at handleResponse (/root/.vscode/extensions/golang.go-0.18.1/dist/goMain.js:73541:48)
	at processMessageQueue (/root/.vscode/extensions/golang.go-0.18.1/dist/goMain.js:73356:17)
	at Immediate.<anonymous> (/root/.vscode/extensions/golang.go-0.18.1/dist/goMain.js:73340:13)
	at processImmediate (internal/timers.js:439:21)
[2020-11-20 13:53:42.658] [exthost] [error] [golang.go] provider FAILED
[2020-11-20 13:53:42.658] [exthost] [error] Error: no identifier found
	at handleResponse (/root/.vscode/extensions/golang.go-0.18.1/dist/goMain.js:73541:48)
	at processMessageQueue (/root/.vscode/extensions/golang.go-0.18.1/dist/goMain.js:73356:17)
	at Immediate.<anonymous> (/root/.vscode/extensions/golang.go-0.18.1/dist/goMain.js:73340:13)
	at processImmediate (internal/timers.js:439:21)
[2020-11-20 13:54:17.652] [exthost] [error] [golang.go] provider FAILED
[2020-11-20 13:54:17.652] [exthost] [error] Error: no identifier found
	at handleResponse (/root/.vscode/extensions/golang.go-0.18.1/dist/goMain.js:73541:48)
	at processMessageQueue (/root/.vscode/extensions/golang.go-0.18.1/dist/goMain.js:73356:17)
	at Immediate.<anonymous> (/root/.vscode/extensions/golang.go-0.18.1/dist/goMain.js:73340:13)
	at processImmediate (internal/timers.js:439:21)
[2020-11-20 13:54:17.752] [exthost] [error] [golang.go] provider FAILED
[2020-11-20 13:54:17.752] [exthost] [error] Error: no identifier found
	at handleResponse (/root/.vscode/extensions/golang.go-0.18.1/dist/goMain.js:73541:48)
	at processMessageQueue (/root/.vscode/extensions/golang.go-0.18.1/dist/goMain.js:73356:17)
	at Immediate.<anonymous> (/root/.vscode/extensions/golang.go-0.18.1/dist/goMain.js:73340:13)
	at processImmediate (internal/timers.js:439:21)
[2020-11-20 13:54:54.335] [exthost] [error] [golang.go] provider FAILED
[2020-11-20 13:54:54.335] [exthost] [error] Error: no object found for ident BorrwC: no object found
	at handleResponse (/root/.vscode/extensions/golang.go-0.18.1/dist/goMain.js:73541:48)
	at processMessageQueue (/root/.vscode/extensions/golang.go-0.18.1/dist/goMain.js:73356:17)
	at Immediate.<anonymous> (/root/.vscode/extensions/golang.go-0.18.1/dist/goMain.js:73340:13)
	at processImmediate (internal/timers.js:439:21)
[2020-11-20 13:54:54.457] [exthost] [error] [golang.go] provider FAILED
[2020-11-20 13:54:54.457] [exthost] [error] Error: no identifier found
	at handleResponse (/root/.vscode/extensions/golang.go-0.18.1/dist/goMain.js:73541:48)
	at processMessageQueue (/root/.vscode/extensions/golang.go-0.18.1/dist/goMain.js:73356:17)
	at Immediate.<anonymous> (/root/.vscode/extensions/golang.go-0.18.1/dist/goMain.js:73340:13)
	at processImmediate (internal/timers.js:439:21)
[2020-11-20 13:55:08.620] [exthost] [error] [golang.go] provider FAILED
[2020-11-20 13:55:08.620] [exthost] [error] Error: no identifier found
	at handleResponse (/root/.vscode/extensions/golang.go-0.18.1/dist/goMain.js:73541:48)
	at processMessageQueue (/root/.vscode/extensions/golang.go-0.18.1/dist/goMain.js:73356:17)
	at Immediate.<anonymous> (/root/.vscode/extensions/golang.go-0.18.1/dist/goMain.js:73340:13)
	at processImmediate (internal/timers.js:439:21)
[2020-11-20 13:58:35.373] [exthost] [error] [golang.go] provider FAILED
[2020-11-20 13:58:35.374] [exthost] [error] Error: invalid pos
	at handleResponse (/root/.vscode/extensions/golang.go-0.18.1/dist/goMain.js:73541:48)
	at processMessageQueue (/root/.vscode/extensions/golang.go-0.18.1/dist/goMain.js:73356:17)
	at Immediate.<anonymous> (/root/.vscode/extensions/golang.go-0.18.1/dist/goMain.js:73340:13)
	at processImmediate (internal/timers.js:439:21)
[2020-11-20 13:59:36.433] [exthost] [error] [golang.go] provider FAILED
[2020-11-20 13:59:36.433] [exthost] [error] Error: no object found for ident data: no object found
	at handleResponse (/root/.vscode/extensions/golang.go-0.18.1/dist/goMain.js:73541:48)
	at processMessageQueue (/root/.vscode/extensions/golang.go-0.18.1/dist/goMain.js:73356:17)
	at Immediate.<anonymous> (/root/.vscode/extensions/golang.go-0.18.1/dist/goMain.js:73340:13)
	at processImmediate (internal/timers.js:439:21)
[2020-11-20 13:59:48.711] [exthost] [error] [golang.go] provider FAILED
[2020-11-20 13:59:48.711] [exthost] [error] Error: no object found for ident data: no object found
	at handleResponse (/root/.vscode/extensions/golang.go-0.18.1/dist/goMain.js:73541:48)
	at processMessageQueue (/root/.vscode/extensions/golang.go-0.18.1/dist/goMain.js:73356:17)
	at Immediate.<anonymous> (/root/.vscode/extensions/golang.go-0.18.1/dist/goMain.js:73340:13)
	at processImmediate (internal/timers.js:439:21)
[2020-11-20 13:59:49.007] [exthost] [error] [golang.go] provider FAILED
[2020-11-20 13:59:49.007] [exthost] [error] Error: no object found for ident data: no object found
	at handleResponse (/root/.vscode/extensions/golang.go-0.18.1/dist/goMain.js:73541:48)
	at processMessageQueue (/root/.vscode/extensions/golang.go-0.18.1/dist/goMain.js:73356:17)
	at Immediate.<anonymous> (/root/.vscode/extensions/golang.go-0.18.1/dist/goMain.js:73340:13)
	at processImmediate (internal/timers.js:439:21)
[2020-11-20 13:59:52.707] [exthost] [error] [golang.go] provider FAILED
[2020-11-20 13:59:52.707] [exthost] [error] Error: no identifier found
	at handleResponse (/root/.vscode/extensions/golang.go-0.18.1/dist/goMain.js:73541:48)
	at processMessageQueue (/root/.vscode/extensions/golang.go-0.18.1/dist/goMain.js:73356:17)
	at Immediate.<anonymous> (/root/.vscode/extensions/golang.go-0.18.1/dist/goMain.js:73340:13)
	at processImmediate (internal/timers.js:439:21)
[2020-11-20 13:59:52.884] [exthost] [error] [golang.go] provider FAILED
[2020-11-20 13:59:52.885] [exthost] [error] Error: no identifier found
	at handleResponse (/root/.vscode/extensions/golang.go-0.18.1/dist/goMain.js:73541:48)
	at processMessageQueue (/root/.vscode/extensions/golang.go-0.18.1/dist/goMain.js:73356:17)
	at Immediate.<anonymous> (/root/.vscode/extensions/golang.go-0.18.1/dist/goMain.js:73340:13)
	at processImmediate (internal/timers.js:439:21)
[2020-11-20 13:59:57.961] [exthost] [error] [golang.go] provider FAILED
[2020-11-20 13:59:57.961] [exthost] [error] Error: no object found for ident data: no object found
	at handleResponse (/root/.vscode/extensions/golang.go-0.18.1/dist/goMain.js:73541:48)
	at processMessageQueue (/root/.vscode/extensions/golang.go-0.18.1/dist/goMain.js:73356:17)
	at Immediate.<anonymous> (/root/.vscode/extensions/golang.go-0.18.1/dist/goMain.js:73340:13)
	at processImmediate (internal/timers.js:439:21)
[2020-11-20 13:59:58.395] [exthost] [error] [golang.go] provider FAILED
[2020-11-20 13:59:58.395] [exthost] [error] Error: no identifier found
	at handleResponse (/root/.vscode/extensions/golang.go-0.18.1/dist/goMain.js:73541:48)
	at processMessageQueue (/root/.vscode/extensions/golang.go-0.18.1/dist/goMain.js:73356:17)
	at Immediate.<anonymous> (/root/.vscode/extensions/golang.go-0.18.1/dist/goMain.js:73340:13)
	at processImmediate (internal/timers.js:439:21)
[2020-11-20 13:59:58.494] [exthost] [error] [golang.go] provider FAILED
[2020-11-20 13:59:58.494] [exthost] [error] Error: no identifier found
	at handleResponse (/root/.vscode/extensions/golang.go-0.18.1/dist/goMain.js:73541:48)
	at processMessageQueue (/root/.vscode/extensions/golang.go-0.18.1/dist/goMain.js:73356:17)
	at Immediate.<anonymous> (/root/.vscode/extensions/golang.go-0.18.1/dist/goMain.js:73340:13)
	at processImmediate (internal/timers.js:439:21)
[2020-11-20 13:59:59.652] [exthost] [error] [golang.go] provider FAILED
[2020-11-20 13:59:59.652] [exthost] [error] Error: no identifier found
	at handleResponse (/root/.vscode/extensions/golang.go-0.18.1/dist/goMain.js:73541:48)
	at processMessageQueue (/root/.vscode/extensions/golang.go-0.18.1/dist/goMain.js:73356:17)
	at Immediate.<anonymous> (/root/.vscode/extensions/golang.go-0.18.1/dist/goMain.js:73340:13)
	at processImmediate (internal/timers.js:439:21)
[2020-11-20 14:00:43.126] [exthost] [error] [golang.go] provider FAILED
[2020-11-20 14:00:43.126] [exthost] [error] Canceled: Canceled
	at LanguageClient.makeCancelError (/root/.vscode/extensions/golang.go-0.18.1/dist/goMain.js:13142:24)
	at LanguageClient.handleFailedRequest (/root/.vscode/extensions/golang.go-0.18.1/dist/goMain.js:13132:28)
	at /root/.vscode/extensions/golang.go-0.18.1/dist/goMain.js:79308:39
[2020-11-20 14:00:43.127] [exthost] [error] [golang.go] provider FAILED
[2020-11-20 14:00:43.127] [exthost] [error] Canceled: Canceled
	at LanguageClient.makeCancelError (/root/.vscode/extensions/golang.go-0.18.1/dist/goMain.js:13142:24)
	at LanguageClient.handleFailedRequest (/root/.vscode/extensions/golang.go-0.18.1/dist/goMain.js:13132:28)
	at /root/.vscode/extensions/golang.go-0.18.1/dist/goMain.js:11814:39
	at runMicrotasks (<anonymous>)
	at runNextTicks (internal/process/task_queues.js:59:5)
	at processImmediate (internal/timers.js:412:9)
[2020-11-20 14:00:45.926] [exthost] [error] [golang.go] provider FAILED
[2020-11-20 14:00:45.926] [exthost] [error] Error: invalid pos
	at handleResponse (/root/.vscode/extensions/golang.go-0.18.1/dist/goMain.js:73541:48)
	at processMessageQueue (/root/.vscode/extensions/golang.go-0.18.1/dist/goMain.js:73356:17)
	at Immediate.<anonymous> (/root/.vscode/extensions/golang.go-0.18.1/dist/goMain.js:73340:13)
	at processImmediate (internal/timers.js:439:21)
[2020-11-20 14:00:47.900] [exthost] [error] [golang.go] provider FAILED
[2020-11-20 14:00:47.900] [exthost] [error] Error: no object found for ident _: no object found
	at handleResponse (/root/.vscode/extensions/golang.go-0.18.1/dist/goMain.js:73541:48)
	at processMessageQueue (/root/.vscode/extensions/golang.go-0.18.1/dist/goMain.js:73356:17)
	at Immediate.<anonymous> (/root/.vscode/extensions/golang.go-0.18.1/dist/goMain.js:73340:13)
	at processImmediate (internal/timers.js:439:21)
[2020-11-20 14:03:43.805] [exthost] [error] [golang.go] provider FAILED
[2020-11-20 14:03:43.805] [exthost] [error] Error: 28:89: expected ';', found ','
	at handleResponse (/root/.vscode/extensions/golang.go-0.18.1/dist/goMain.js:73541:48)
	at processMessageQueue (/root/.vscode/extensions/golang.go-0.18.1/dist/goMain.js:73356:17)
	at Immediate.<anonymous> (/root/.vscode/extensions/golang.go-0.18.1/dist/goMain.js:73340:13)
	at processImmediate (internal/timers.js:439:21)
[2020-11-20 14:03:49.121] [exthost] [error] [golang.go] provider FAILED
[2020-11-20 14:03:49.121] [exthost] [error] Error: no identifier found
	at handleResponse (/root/.vscode/extensions/golang.go-0.18.1/dist/goMain.js:73541:48)
	at processMessageQueue (/root/.vscode/extensions/golang.go-0.18.1/dist/goMain.js:73356:17)
	at Immediate.<anonymous> (/root/.vscode/extensions/golang.go-0.18.1/dist/goMain.js:73340:13)
	at processImmediate (internal/timers.js:439:21)
[2020-11-20 14:04:43.753] [exthost] [error] [golang.go] provider FAILED
[2020-11-20 14:04:43.753] [exthost] [error] Canceled: Canceled
	at LanguageClient.makeCancelError (/root/.vscode/extensions/golang.go-0.18.1/dist/goMain.js:13142:24)
	at LanguageClient.handleFailedRequest (/root/.vscode/extensions/golang.go-0.18.1/dist/goMain.js:13132:28)
	at /root/.vscode/extensions/golang.go-0.18.1/dist/goMain.js:11650:39
[2020-11-20 14:07:53.211] [exthost] [error] [golang.go] provider FAILED
[2020-11-20 14:07:53.211] [exthost] [error] Error: no identifier found
	at handleResponse (/root/.vscode/extensions/golang.go-0.18.1/dist/goMain.js:73541:48)
	at processMessageQueue (/root/.vscode/extensions/golang.go-0.18.1/dist/goMain.js:73356:17)
	at Immediate.<anonymous> (/root/.vscode/extensions/golang.go-0.18.1/dist/goMain.js:73340:13)
	at processImmediate (internal/timers.js:439:21)
[2020-11-20 14:09:02.594] [exthost] [error] [golang.go] provider FAILED
[2020-11-20 14:09:02.594] [exthost] [error] Error: no identifier found
	at handleResponse (/root/.vscode/extensions/golang.go-0.18.1/dist/goMain.js:73541:48)
	at processMessageQueue (/root/.vscode/extensions/golang.go-0.18.1/dist/goMain.js:73356:17)
	at Immediate.<anonymous> (/root/.vscode/extensions/golang.go-0.18.1/dist/goMain.js:73340:13)
	at processImmediate (internal/timers.js:439:21)
[2020-11-20 14:09:02.921] [exthost] [error] [golang.go] provider FAILED
[2020-11-20 14:09:02.922] [exthost] [error] Error: no identifier found
	at handleResponse (/root/.vscode/extensions/golang.go-0.18.1/dist/goMain.js:73541:48)
	at processMessageQueue (/root/.vscode/extensions/golang.go-0.18.1/dist/goMain.js:73356:17)
	at Immediate.<anonymous> (/root/.vscode/extensions/golang.go-0.18.1/dist/goMain.js:73340:13)
	at processImmediate (internal/timers.js:439:21)
[2020-11-20 14:09:03.122] [exthost] [error] [golang.go] provider FAILED
[2020-11-20 14:09:03.123] [exthost] [error] Error: no identifier found
	at handleResponse (/root/.vscode/extensions/golang.go-0.18.1/dist/goMain.js:73541:48)
	at processMessageQueue (/root/.vscode/extensions/golang.go-0.18.1/dist/goMain.js:73356:17)
	at Immediate.<anonymous> (/root/.vscode/extensions/golang.go-0.18.1/dist/goMain.js:73340:13)
	at processImmediate (internal/timers.js:439:21)
[2020-11-20 14:09:08.688] [exthost] [error] [golang.go] provider FAILED
[2020-11-20 14:09:08.688] [exthost] [error] Error: no identifier found
	at handleResponse (/root/.vscode/extensions/golang.go-0.18.1/dist/goMain.js:73541:48)
	at processMessageQueue (/root/.vscode/extensions/golang.go-0.18.1/dist/goMain.js:73356:17)
	at Immediate.<anonymous> (/root/.vscode/extensions/golang.go-0.18.1/dist/goMain.js:73340:13)
	at processImmediate (internal/timers.js:439:21)
[2020-11-20 14:12:32.285] [exthost] [error] [golang.go] provider FAILED
[2020-11-20 14:12:32.285] [exthost] [error] Error: no identifier found
	at handleResponse (/root/.vscode/extensions/golang.go-0.18.1/dist/goMain.js:73541:48)
	at processMessageQueue (/root/.vscode/extensions/golang.go-0.18.1/dist/goMain.js:73356:17)
	at Immediate.<anonymous> (/root/.vscode/extensions/golang.go-0.18.1/dist/goMain.js:73340:13)
	at processImmediate (internal/timers.js:439:21)
[2020-11-20 14:20:03.157] [exthost] [error] [golang.go] provider FAILED
[2020-11-20 14:20:03.157] [exthost] [error] Error: no object found for ident GetBooksByID: no object found
	at handleResponse (/root/.vscode/extensions/golang.go-0.18.1/dist/goMain.js:73541:48)
	at processMessageQueue (/root/.vscode/extensions/golang.go-0.18.1/dist/goMain.js:73356:17)
	at Immediate.<anonymous> (/root/.vscode/extensions/golang.go-0.18.1/dist/goMain.js:73340:13)
	at processImmediate (internal/timers.js:439:21)
[2020-11-20 14:22:57.833] [exthost] [error] [golang.go] provider FAILED
[2020-11-20 14:22:57.833] [exthost] [error] Error: no identifier found
	at handleResponse (/root/.vscode/extensions/golang.go-0.18.1/dist/goMain.js:73541:48)
	at processMessageQueue (/root/.vscode/extensions/golang.go-0.18.1/dist/goMain.js:73356:17)
	at Immediate.<anonymous> (/root/.vscode/extensions/golang.go-0.18.1/dist/goMain.js:73340:13)
	at processImmediate (internal/timers.js:439:21)
[2020-11-20 14:23:22.541] [exthost] [error] [golang.go] provider FAILED
[2020-11-20 14:23:22.541] [exthost] [error] Error: invalid pos
	at handleResponse (/root/.vscode/extensions/golang.go-0.18.1/dist/goMain.js:73541:48)
	at processMessageQueue (/root/.vscode/extensions/golang.go-0.18.1/dist/goMain.js:73356:17)
	at Immediate.<anonymous> (/root/.vscode/extensions/golang.go-0.18.1/dist/goMain.js:73340:13)
	at processImmediate (internal/timers.js:439:21)
[2020-11-20 14:23:50.409] [exthost] [error] [golang.go] provider FAILED
[2020-11-20 14:23:50.410] [exthost] [error] Error: no identifier found
	at handleResponse (/root/.vscode/extensions/golang.go-0.18.1/dist/goMain.js:73541:48)
	at processMessageQueue (/root/.vscode/extensions/golang.go-0.18.1/dist/goMain.js:73356:17)
	at Immediate.<anonymous> (/root/.vscode/extensions/golang.go-0.18.1/dist/goMain.js:73340:13)
	at processImmediate (internal/timers.js:439:21)
[2020-11-20 14:27:47.411] [exthost] [error] [golang.go] provider FAILED
[2020-11-20 14:27:47.411] [exthost] [error] Error: no identifier found
	at handleResponse (/root/.vscode/extensions/golang.go-0.18.1/dist/goMain.js:73541:48)
	at processMessageQueue (/root/.vscode/extensions/golang.go-0.18.1/dist/goMain.js:73356:17)
	at Immediate.<anonymous> (/root/.vscode/extensions/golang.go-0.18.1/dist/goMain.js:73340:13)
	at processImmediate (internal/timers.js:439:21)
[2020-11-20 14:27:47.510] [exthost] [error] [golang.go] provider FAILED
[2020-11-20 14:27:47.512] [exthost] [error] Error: no identifier found
	at handleResponse (/root/.vscode/extensions/golang.go-0.18.1/dist/goMain.js:73541:48)
	at processMessageQueue (/root/.vscode/extensions/golang.go-0.18.1/dist/goMain.js:73356:17)
	at Immediate.<anonymous> (/root/.vscode/extensions/golang.go-0.18.1/dist/goMain.js:73340:13)
	at processImmediate (internal/timers.js:439:21)
[2020-11-20 14:27:53.481] [exthost] [error] [golang.go] provider FAILED
[2020-11-20 14:27:53.481] [exthost] [error] Error: no identifier found
	at handleResponse (/root/.vscode/extensions/golang.go-0.18.1/dist/goMain.js:73541:48)
	at processMessageQueue (/root/.vscode/extensions/golang.go-0.18.1/dist/goMain.js:73356:17)
	at Immediate.<anonymous> (/root/.vscode/extensions/golang.go-0.18.1/dist/goMain.js:73340:13)
	at processImmediate (internal/timers.js:439:21)
[2020-11-20 14:27:53.922] [exthost] [error] [golang.go] provider FAILED
[2020-11-20 14:27:53.922] [exthost] [error] Error: no identifier found
	at handleResponse (/root/.vscode/extensions/golang.go-0.18.1/dist/goMain.js:73541:48)
	at processMessageQueue (/root/.vscode/extensions/golang.go-0.18.1/dist/goMain.js:73356:17)
	at Immediate.<anonymous> (/root/.vscode/extensions/golang.go-0.18.1/dist/goMain.js:73340:13)
	at processImmediate (internal/timers.js:439:21)
[2020-11-20 14:27:54.023] [exthost] [error] [golang.go] provider FAILED
[2020-11-20 14:27:54.023] [exthost] [error] Error: no identifier found
	at handleResponse (/root/.vscode/extensions/golang.go-0.18.1/dist/goMain.js:73541:48)
	at processMessageQueue (/root/.vscode/extensions/golang.go-0.18.1/dist/goMain.js:73356:17)
	at Immediate.<anonymous> (/root/.vscode/extensions/golang.go-0.18.1/dist/goMain.js:73340:13)
	at processImmediate (internal/timers.js:439:21)
[2020-11-20 14:27:55.211] [exthost] [error] [golang.go] provider FAILED
[2020-11-20 14:27:55.211] [exthost] [error] Error: no identifier found
	at handleResponse (/root/.vscode/extensions/golang.go-0.18.1/dist/goMain.js:73541:48)
	at processMessageQueue (/root/.vscode/extensions/golang.go-0.18.1/dist/goMain.js:73356:17)
	at Immediate.<anonymous> (/root/.vscode/extensions/golang.go-0.18.1/dist/goMain.js:73340:13)
	at processImmediate (internal/timers.js:439:21)
[2020-11-20 14:27:55.417] [exthost] [error] [golang.go] provider FAILED
[2020-11-20 14:27:55.417] [exthost] [error] Error: no object found for ident GetBookByID: no object found
	at handleResponse (/root/.vscode/extensions/golang.go-0.18.1/dist/goMain.js:73541:48)
	at processMessageQueue (/root/.vscode/extensions/golang.go-0.18.1/dist/goMain.js:73356:17)
	at Immediate.<anonymous> (/root/.vscode/extensions/golang.go-0.18.1/dist/goMain.js:73340:13)
	at processImmediate (internal/timers.js:439:21)
[2020-11-20 14:27:56.174] [exthost] [error] [golang.go] provider FAILED
[2020-11-20 14:27:56.174] [exthost] [error] Error: no object found for ident GetBookByID: no object found
	at handleResponse (/root/.vscode/extensions/golang.go-0.18.1/dist/goMain.js:73541:48)
	at processMessageQueue (/root/.vscode/extensions/golang.go-0.18.1/dist/goMain.js:73356:17)
	at Immediate.<anonymous> (/root/.vscode/extensions/golang.go-0.18.1/dist/goMain.js:73340:13)
	at processImmediate (internal/timers.js:439:21)
[2020-11-20 14:38:05.627] [exthost] [error] [golang.go] provider FAILED
[2020-11-20 14:38:05.627] [exthost] [error] Error: no object found for ident BorrowC: no object found
	at handleResponse (/root/.vscode/extensions/golang.go-0.18.1/dist/goMain.js:73541:48)
	at processMessageQueue (/root/.vscode/extensions/golang.go-0.18.1/dist/goMain.js:73356:17)
	at Immediate.<anonymous> (/root/.vscode/extensions/golang.go-0.18.1/dist/goMain.js:73340:13)
	at processImmediate (internal/timers.js:439:21)
[2020-11-20 14:38:05.719] [exthost] [error] [golang.go] provider FAILED
[2020-11-20 14:38:05.719] [exthost] [error] Error: no object found for ident BorrowDetail: no object found
	at handleResponse (/root/.vscode/extensions/golang.go-0.18.1/dist/goMain.js:73541:48)
	at processMessageQueue (/root/.vscode/extensions/golang.go-0.18.1/dist/goMain.js:73356:17)
	at Immediate.<anonymous> (/root/.vscode/extensions/golang.go-0.18.1/dist/goMain.js:73340:13)
	at processImmediate (internal/timers.js:439:21)
[2020-11-20 14:38:05.819] [exthost] [error] [golang.go] provider FAILED
[2020-11-20 14:38:05.819] [exthost] [error] Error: no object found for ident BorrowDetail: no object found
	at handleResponse (/root/.vscode/extensions/golang.go-0.18.1/dist/goMain.js:73541:48)
	at processMessageQueue (/root/.vscode/extensions/golang.go-0.18.1/dist/goMain.js:73356:17)
	at Immediate.<anonymous> (/root/.vscode/extensions/golang.go-0.18.1/dist/goMain.js:73340:13)
	at processImmediate (internal/timers.js:439:21)
[2020-11-20 14:38:06.740] [exthost] [error] [golang.go] provider FAILED
[2020-11-20 14:38:06.740] [exthost] [error] Error: no object found for ident GetBookByID: no object found
	at handleResponse (/root/.vscode/extensions/golang.go-0.18.1/dist/goMain.js:73541:48)
	at processMessageQueue (/root/.vscode/extensions/golang.go-0.18.1/dist/goMain.js:73356:17)
	at Immediate.<anonymous> (/root/.vscode/extensions/golang.go-0.18.1/dist/goMain.js:73340:13)
	at processImmediate (internal/timers.js:439:21)
[2020-11-20 14:38:09.401] [exthost] [error] [golang.go] provider FAILED
[2020-11-20 14:38:09.401] [exthost] [error] Error: no object found for ident GetBookByID: no object found
	at handleResponse (/root/.vscode/extensions/golang.go-0.18.1/dist/goMain.js:73541:48)
	at processMessageQueue (/root/.vscode/extensions/golang.go-0.18.1/dist/goMain.js:73356:17)
	at Immediate.<anonymous> (/root/.vscode/extensions/golang.go-0.18.1/dist/goMain.js:73340:13)
	at processImmediate (internal/timers.js:439:21)
[2020-11-20 14:38:17.219] [exthost] [error] [golang.go] provider FAILED
[2020-11-20 14:38:17.219] [exthost] [error] Canceled: Canceled
	at LanguageClient.makeCancelError (/root/.vscode/extensions/golang.go-0.18.1/dist/goMain.js:13142:24)
	at LanguageClient.handleFailedRequest (/root/.vscode/extensions/golang.go-0.18.1/dist/goMain.js:13132:28)
	at /root/.vscode/extensions/golang.go-0.18.1/dist/goMain.js:11650:39
[2020-11-20 14:40:45.995] [exthost] [warning] [Decorations] CAPPING events from decorations provider vscode.git 350
[2020-11-20 14:53:13.962] [exthost] [warning] [Decorations] CAPPING events from decorations provider vscode.git 350
[2020-11-20 14:58:02.079] [exthost] [error] [golang.go] provider FAILED
[2020-11-20 14:58:02.079] [exthost] [error] Canceled: Canceled
	at LanguageClient.makeCancelError (/root/.vscode/extensions/golang.go-0.18.1/dist/goMain.js:13142:24)
	at LanguageClient.handleFailedRequest (/root/.vscode/extensions/golang.go-0.18.1/dist/goMain.js:13132:28)
	at /root/.vscode/extensions/golang.go-0.18.1/dist/goMain.js:11650:39
[2020-11-20 14:58:07.394] [exthost] [error] [golang.go] provider FAILED
[2020-11-20 14:58:07.395] [exthost] [error] Error: no identifier found
	at handleResponse (/root/.vscode/extensions/golang.go-0.18.1/dist/goMain.js:73541:48)
	at processMessageQueue (/root/.vscode/extensions/golang.go-0.18.1/dist/goMain.js:73356:17)
	at Immediate.<anonymous> (/root/.vscode/extensions/golang.go-0.18.1/dist/goMain.js:73340:13)
	at processImmediate (internal/timers.js:439:21)
[2020-11-20 14:58:07.489] [exthost] [error] [golang.go] provider FAILED
[2020-11-20 14:58:07.489] [exthost] [error] Error: no identifier found
	at handleResponse (/root/.vscode/extensions/golang.go-0.18.1/dist/goMain.js:73541:48)
	at processMessageQueue (/root/.vscode/extensions/golang.go-0.18.1/dist/goMain.js:73356:17)
	at Immediate.<anonymous> (/root/.vscode/extensions/golang.go-0.18.1/dist/goMain.js:73340:13)
	at processImmediate (internal/timers.js:439:21)
[2020-11-20 14:58:17.731] [exthost] [error] [golang.go] provider FAILED
[2020-11-20 14:58:17.732] [exthost] [error] Error: no object found for ident GetNewestBook: no object found
	at handleResponse (/root/.vscode/extensions/golang.go-0.18.1/dist/goMain.js:73541:48)
	at processMessageQueue (/root/.vscode/extensions/golang.go-0.18.1/dist/goMain.js:73356:17)
	at Immediate.<anonymous> (/root/.vscode/extensions/golang.go-0.18.1/dist/goMain.js:73340:13)
	at processImmediate (internal/timers.js:439:21)
[2020-11-20 15:26:18.248] [exthost] [error] [golang.go] provider FAILED
[2020-11-20 15:26:18.248] [exthost] [error] Error: no identifier found
	at handleResponse (/root/.vscode/extensions/golang.go-0.18.1/dist/goMain.js:73541:48)
	at processMessageQueue (/root/.vscode/extensions/golang.go-0.18.1/dist/goMain.js:73356:17)
	at Immediate.<anonymous> (/root/.vscode/extensions/golang.go-0.18.1/dist/goMain.js:73340:13)
	at processImmediate (internal/timers.js:439:21)
[2020-11-20 15:29:39.918] [exthost] [error] [golang.go] provider FAILED
[2020-11-20 15:29:39.918] [exthost] [error] Canceled: Canceled
	at LanguageClient.makeCancelError (/root/.vscode/extensions/golang.go-0.18.1/dist/goMain.js:13142:24)
	at LanguageClient.handleFailedRequest (/root/.vscode/extensions/golang.go-0.18.1/dist/goMain.js:13132:28)
	at /root/.vscode/extensions/golang.go-0.18.1/dist/goMain.js:79308:39
[2020-11-20 15:30:57.477] [exthost] [error] [golang.go] provider FAILED
[2020-11-20 15:30:57.477] [exthost] [error] Error: no object found for ident InputBorrowd: no object found
	at handleResponse (/root/.vscode/extensions/golang.go-0.18.1/dist/goMain.js:73541:48)
	at processMessageQueue (/root/.vscode/extensions/golang.go-0.18.1/dist/goMain.js:73356:17)
	at Immediate.<anonymous> (/root/.vscode/extensions/golang.go-0.18.1/dist/goMain.js:73340:13)
	at processImmediate (internal/timers.js:439:21)
[2020-11-20 15:31:01.167] [exthost] [error] [golang.go] provider FAILED
[2020-11-20 15:31:01.168] [exthost] [error] Error: context canceled
	at handleResponse (/root/.vscode/extensions/golang.go-0.18.1/dist/goMain.js:73541:48)
	at processMessageQueue (/root/.vscode/extensions/golang.go-0.18.1/dist/goMain.js:73356:17)
	at Immediate.<anonymous> (/root/.vscode/extensions/golang.go-0.18.1/dist/goMain.js:73340:13)
	at processImmediate (internal/timers.js:439:21)
[2020-11-20 15:31:01.168] [exthost] [error] [golang.go] provider FAILED
[2020-11-20 15:31:01.168] [exthost] [error] Canceled: Canceled
	at LanguageClient.makeCancelError (/root/.vscode/extensions/golang.go-0.18.1/dist/goMain.js:13142:24)
	at LanguageClient.handleFailedRequest (/root/.vscode/extensions/golang.go-0.18.1/dist/goMain.js:13132:28)
	at /root/.vscode/extensions/golang.go-0.18.1/dist/goMain.js:11706:39
[2020-11-20 15:31:01.170] [exthost] [error] [golang.go] provider FAILED
[2020-11-20 15:31:01.170] [exthost] [error] Canceled: Canceled
	at LanguageClient.makeCancelError (/root/.vscode/extensions/golang.go-0.18.1/dist/goMain.js:13142:24)
	at LanguageClient.handleFailedRequest (/root/.vscode/extensions/golang.go-0.18.1/dist/goMain.js:13132:28)
	at /root/.vscode/extensions/golang.go-0.18.1/dist/goMain.js:11650:39
	at runMicrotasks (<anonymous>)
	at runNextTicks (internal/process/task_queues.js:59:5)
	at processImmediate (internal/timers.js:412:9)
[2020-11-20 15:31:01.170] [exthost] [error] [golang.go] provider FAILED
[2020-11-20 15:31:01.170] [exthost] [error] Canceled: Canceled
	at LanguageClient.makeCancelError (/root/.vscode/extensions/golang.go-0.18.1/dist/goMain.js:13142:24)
	at LanguageClient.handleFailedRequest (/root/.vscode/extensions/golang.go-0.18.1/dist/goMain.js:13132:28)
	at /root/.vscode/extensions/golang.go-0.18.1/dist/goMain.js:11814:39
[2020-11-20 15:31:01.243] [exthost] [error] [golang.go] provider FAILED
[2020-11-20 15:31:01.243] [exthost] [error] Error: context canceled
	at handleResponse (/root/.vscode/extensions/golang.go-0.18.1/dist/goMain.js:73541:48)
	at processMessageQueue (/root/.vscode/extensions/golang.go-0.18.1/dist/goMain.js:73356:17)
	at Immediate.<anonymous> (/root/.vscode/extensions/golang.go-0.18.1/dist/goMain.js:73340:13)
	at processImmediate (internal/timers.js:439:21)
[2020-11-20 15:33:48.381] [exthost] [error] [golang.go] provider FAILED
[2020-11-20 15:33:48.381] [exthost] [error] Canceled: Canceled
	at LanguageClient.makeCancelError (/root/.vscode/extensions/golang.go-0.18.1/dist/goMain.js:13142:24)
	at LanguageClient.handleFailedRequest (/root/.vscode/extensions/golang.go-0.18.1/dist/goMain.js:13132:28)
	at /root/.vscode/extensions/golang.go-0.18.1/dist/goMain.js:11650:39
[2020-11-20 15:34:03.717] [exthost] [error] [golang.go] provider FAILED
[2020-11-20 15:34:03.717] [exthost] [error] Error: no identifier found
	at handleResponse (/root/.vscode/extensions/golang.go-0.18.1/dist/goMain.js:73541:48)
	at processMessageQueue (/root/.vscode/extensions/golang.go-0.18.1/dist/goMain.js:73356:17)
	at Immediate.<anonymous> (/root/.vscode/extensions/golang.go-0.18.1/dist/goMain.js:73340:13)
	at processImmediate (internal/timers.js:439:21)
[2020-11-20 15:36:15.109] [exthost] [error] [golang.go] provider FAILED
[2020-11-20 15:36:15.109] [exthost] [error] Error: no identifier found
	at handleResponse (/root/.vscode/extensions/golang.go-0.18.1/dist/goMain.js:73541:48)
	at processMessageQueue (/root/.vscode/extensions/golang.go-0.18.1/dist/goMain.js:73356:17)
	at Immediate.<anonymous> (/root/.vscode/extensions/golang.go-0.18.1/dist/goMain.js:73340:13)
	at processImmediate (internal/timers.js:439:21)
[2020-11-20 15:38:54.970] [exthost] [error] [golang.go] provider FAILED
[2020-11-20 15:38:54.970] [exthost] [error] Error: no identifier found
	at handleResponse (/root/.vscode/extensions/golang.go-0.18.1/dist/goMain.js:73541:48)
	at processMessageQueue (/root/.vscode/extensions/golang.go-0.18.1/dist/goMain.js:73356:17)
	at Immediate.<anonymous> (/root/.vscode/extensions/golang.go-0.18.1/dist/goMain.js:73340:13)
	at processImmediate (internal/timers.js:439:21)
[2020-11-20 15:38:55.247] [exthost] [error] [golang.go] provider FAILED
[2020-11-20 15:38:55.247] [exthost] [error] Error: no identifier found
	at handleResponse (/root/.vscode/extensions/golang.go-0.18.1/dist/goMain.js:73541:48)
	at processMessageQueue (/root/.vscode/extensions/golang.go-0.18.1/dist/goMain.js:73356:17)
	at Immediate.<anonymous> (/root/.vscode/extensions/golang.go-0.18.1/dist/goMain.js:73340:13)
	at processImmediate (internal/timers.js:439:21)
[2020-11-20 15:42:07.536] [exthost] [error] [golang.go] provider FAILED
[2020-11-20 15:42:07.536] [exthost] [error] Error: no object found for ident CreateBook: no object found
	at handleResponse (/root/.vscode/extensions/golang.go-0.18.1/dist/goMain.js:73541:48)
	at processMessageQueue (/root/.vscode/extensions/golang.go-0.18.1/dist/goMain.js:73356:17)
	at Immediate.<anonymous> (/root/.vscode/extensions/golang.go-0.18.1/dist/goMain.js:73340:13)
	at processImmediate (internal/timers.js:439:21)
[2020-11-20 15:42:09.081] [exthost] [error] [golang.go] provider FAILED
[2020-11-20 15:42:09.081] [exthost] [error] Error: no identifier found
	at handleResponse (/root/.vscode/extensions/golang.go-0.18.1/dist/goMain.js:73541:48)
	at processMessageQueue (/root/.vscode/extensions/golang.go-0.18.1/dist/goMain.js:73356:17)
	at Immediate.<anonymous> (/root/.vscode/extensions/golang.go-0.18.1/dist/goMain.js:73340:13)
	at processImmediate (internal/timers.js:439:21)
[2020-11-20 15:42:15.958] [exthost] [error] [golang.go] provider FAILED
[2020-11-20 15:42:15.959] [exthost] [error] Error: no identifier found
	at handleResponse (/root/.vscode/extensions/golang.go-0.18.1/dist/goMain.js:73541:48)
	at processMessageQueue (/root/.vscode/extensions/golang.go-0.18.1/dist/goMain.js:73356:17)
	at Immediate.<anonymous> (/root/.vscode/extensions/golang.go-0.18.1/dist/goMain.js:73340:13)
	at processImmediate (internal/timers.js:439:21)
[2020-11-20 15:42:55.175] [exthost] [error] [golang.go] provider FAILED
[2020-11-20 15:42:55.175] [exthost] [error] Error: no identifier found
	at handleResponse (/root/.vscode/extensions/golang.go-0.18.1/dist/goMain.js:73541:48)
	at processMessageQueue (/root/.vscode/extensions/golang.go-0.18.1/dist/goMain.js:73356:17)
	at Immediate.<anonymous> (/root/.vscode/extensions/golang.go-0.18.1/dist/goMain.js:73340:13)
	at processImmediate (internal/timers.js:439:21)
[2020-11-20 15:42:55.475] [exthost] [error] [golang.go] provider FAILED
[2020-11-20 15:42:55.475] [exthost] [error] Error: no identifier found
	at handleResponse (/root/.vscode/extensions/golang.go-0.18.1/dist/goMain.js:73541:48)
	at processMessageQueue (/root/.vscode/extensions/golang.go-0.18.1/dist/goMain.js:73356:17)
	at Immediate.<anonymous> (/root/.vscode/extensions/golang.go-0.18.1/dist/goMain.js:73340:13)
	at processImmediate (internal/timers.js:439:21)
[2020-11-20 15:42:55.676] [exthost] [error] [golang.go] provider FAILED
[2020-11-20 15:42:55.676] [exthost] [error] Error: no identifier found
	at handleResponse (/root/.vscode/extensions/golang.go-0.18.1/dist/goMain.js:73541:48)
	at processMessageQueue (/root/.vscode/extensions/golang.go-0.18.1/dist/goMain.js:73356:17)
	at Immediate.<anonymous> (/root/.vscode/extensions/golang.go-0.18.1/dist/goMain.js:73340:13)
	at processImmediate (internal/timers.js:439:21)
[2020-11-20 15:43:13.284] [exthost] [error] [golang.go] provider FAILED
[2020-11-20 15:43:13.284] [exthost] [error] Error: no identifier found
	at handleResponse (/root/.vscode/extensions/golang.go-0.18.1/dist/goMain.js:73541:48)
	at processMessageQueue (/root/.vscode/extensions/golang.go-0.18.1/dist/goMain.js:73356:17)
	at Immediate.<anonymous> (/root/.vscode/extensions/golang.go-0.18.1/dist/goMain.js:73340:13)
	at processImmediate (internal/timers.js:439:21)
[2020-11-20 15:43:22.610] [exthost] [error] [golang.go] provider FAILED
[2020-11-20 15:43:22.610] [exthost] [error] Error: no identifier found
	at handleResponse (/root/.vscode/extensions/golang.go-0.18.1/dist/goMain.js:73541:48)
	at processMessageQueue (/root/.vscode/extensions/golang.go-0.18.1/dist/goMain.js:73356:17)
	at Immediate.<anonymous> (/root/.vscode/extensions/golang.go-0.18.1/dist/goMain.js:73340:13)
	at processImmediate (internal/timers.js:439:21)
[2020-11-20 15:43:22.913] [exthost] [error] [golang.go] provider FAILED
[2020-11-20 15:43:22.913] [exthost] [error] Error: no identifier found
	at handleResponse (/root/.vscode/extensions/golang.go-0.18.1/dist/goMain.js:73541:48)
	at processMessageQueue (/root/.vscode/extensions/golang.go-0.18.1/dist/goMain.js:73356:17)
	at Immediate.<anonymous> (/root/.vscode/extensions/golang.go-0.18.1/dist/goMain.js:73340:13)
	at processImmediate (internal/timers.js:439:21)
[2020-11-20 15:43:37.677] [exthost] [error] [golang.go] provider FAILED
[2020-11-20 15:43:37.678] [exthost] [error] Error: no identifier found
	at handleResponse (/root/.vscode/extensions/golang.go-0.18.1/dist/goMain.js:73541:48)
	at processMessageQueue (/root/.vscode/extensions/golang.go-0.18.1/dist/goMain.js:73356:17)
	at Immediate.<anonymous> (/root/.vscode/extensions/golang.go-0.18.1/dist/goMain.js:73340:13)
	at processImmediate (internal/timers.js:439:21)
[2020-11-20 15:43:54.557] [exthost] [error] [golang.go] provider FAILED
[2020-11-20 15:43:54.557] [exthost] [error] Error: no identifier found
	at handleResponse (/root/.vscode/extensions/golang.go-0.18.1/dist/goMain.js:73541:48)
	at processMessageQueue (/root/.vscode/extensions/golang.go-0.18.1/dist/goMain.js:73356:17)
	at Immediate.<anonymous> (/root/.vscode/extensions/golang.go-0.18.1/dist/goMain.js:73340:13)
	at processImmediate (internal/timers.js:439:21)
[2020-11-20 15:44:08.794] [exthost] [error] [golang.go] provider FAILED
[2020-11-20 15:44:08.794] [exthost] [error] Error: no identifier found
	at handleResponse (/root/.vscode/extensions/golang.go-0.18.1/dist/goMain.js:73541:48)
	at processMessageQueue (/root/.vscode/extensions/golang.go-0.18.1/dist/goMain.js:73356:17)
	at Immediate.<anonymous> (/root/.vscode/extensions/golang.go-0.18.1/dist/goMain.js:73340:13)
	at processImmediate (internal/timers.js:439:21)
[2020-11-20 15:47:03.301] [exthost] [error] [golang.go] provider FAILED
[2020-11-20 15:47:03.301] [exthost] [error] Error: no identifier found
	at handleResponse (/root/.vscode/extensions/golang.go-0.18.1/dist/goMain.js:73541:48)
	at processMessageQueue (/root/.vscode/extensions/golang.go-0.18.1/dist/goMain.js:73356:17)
	at Immediate.<anonymous> (/root/.vscode/extensions/golang.go-0.18.1/dist/goMain.js:73340:13)
	at processImmediate (internal/timers.js:439:21)
[2020-11-20 15:47:30.856] [exthost] [error] [golang.go] provider FAILED
[2020-11-20 15:47:30.856] [exthost] [error] Error: no identifier found
	at handleResponse (/root/.vscode/extensions/golang.go-0.18.1/dist/goMain.js:73541:48)
	at processMessageQueue (/root/.vscode/extensions/golang.go-0.18.1/dist/goMain.js:73356:17)
	at Immediate.<anonymous> (/root/.vscode/extensions/golang.go-0.18.1/dist/goMain.js:73340:13)
	at processImmediate (internal/timers.js:439:21)
[2020-11-20 15:47:56.054] [exthost] [error] [golang.go] provider FAILED
[2020-11-20 15:47:56.054] [exthost] [error] Error: no identifier found
	at handleResponse (/root/.vscode/extensions/golang.go-0.18.1/dist/goMain.js:73541:48)
	at processMessageQueue (/root/.vscode/extensions/golang.go-0.18.1/dist/goMain.js:73356:17)
	at Immediate.<anonymous> (/root/.vscode/extensions/golang.go-0.18.1/dist/goMain.js:73340:13)
	at processImmediate (internal/timers.js:439:21)
[2020-11-20 15:51:18.545] [exthost] [error] [golang.go] provider FAILED
[2020-11-20 15:51:18.545] [exthost] [error] Error: no identifier found
	at handleResponse (/root/.vscode/extensions/golang.go-0.18.1/dist/goMain.js:73541:48)
	at processMessageQueue (/root/.vscode/extensions/golang.go-0.18.1/dist/goMain.js:73356:17)
	at Immediate.<anonymous> (/root/.vscode/extensions/golang.go-0.18.1/dist/goMain.js:73340:13)
	at processImmediate (internal/timers.js:439:21)
[2020-11-20 15:51:18.643] [exthost] [error] [golang.go] provider FAILED
[2020-11-20 15:51:18.643] [exthost] [error] Error: no identifier found
	at handleResponse (/root/.vscode/extensions/golang.go-0.18.1/dist/goMain.js:73541:48)
	at processMessageQueue (/root/.vscode/extensions/golang.go-0.18.1/dist/goMain.js:73356:17)
	at Immediate.<anonymous> (/root/.vscode/extensions/golang.go-0.18.1/dist/goMain.js:73340:13)
	at processImmediate (internal/timers.js:439:21)
[2020-11-20 15:52:29.825] [exthost] [error] [golang.go] provider FAILED
[2020-11-20 15:52:29.825] [exthost] [error] Error: no identifier found
	at handleResponse (/root/.vscode/extensions/golang.go-0.18.1/dist/goMain.js:73541:48)
	at processMessageQueue (/root/.vscode/extensions/golang.go-0.18.1/dist/goMain.js:73356:17)
	at Immediate.<anonymous> (/root/.vscode/extensions/golang.go-0.18.1/dist/goMain.js:73340:13)
	at processImmediate (internal/timers.js:439:21)
[2020-11-20 15:52:47.594] [exthost] [error] [golang.go] provider FAILED
[2020-11-20 15:52:47.594] [exthost] [error] Error: no object found for ident book: no object found
	at handleResponse (/root/.vscode/extensions/golang.go-0.18.1/dist/goMain.js:73541:48)
	at processMessageQueue (/root/.vscode/extensions/golang.go-0.18.1/dist/goMain.js:73356:17)
	at Immediate.<anonymous> (/root/.vscode/extensions/golang.go-0.18.1/dist/goMain.js:73340:13)
	at processImmediate (internal/timers.js:439:21)
[2020-11-20 15:52:49.547] [exthost] [error] [golang.go] provider FAILED
[2020-11-20 15:52:49.547] [exthost] [error] Canceled: Canceled
	at LanguageClient.makeCancelError (/root/.vscode/extensions/golang.go-0.18.1/dist/goMain.js:13142:24)
	at LanguageClient.handleFailedRequest (/root/.vscode/extensions/golang.go-0.18.1/dist/goMain.js:13132:28)
	at /root/.vscode/extensions/golang.go-0.18.1/dist/goMain.js:11450:39
[2020-11-20 15:54:21.781] [exthost] [error] [golang.go] provider FAILED
[2020-11-20 15:54:21.781] [exthost] [error] Error: no object found for ident d: no object found
	at handleResponse (/root/.vscode/extensions/golang.go-0.18.1/dist/goMain.js:73541:48)
	at processMessageQueue (/root/.vscode/extensions/golang.go-0.18.1/dist/goMain.js:73356:17)
	at Immediate.<anonymous> (/root/.vscode/extensions/golang.go-0.18.1/dist/goMain.js:73340:13)
	at processImmediate (internal/timers.js:439:21)
[2020-11-20 15:54:22.166] [exthost] [error] [golang.go] provider FAILED
[2020-11-20 15:54:22.166] [exthost] [error] Error: no object found for ident d: no object found
	at handleResponse (/root/.vscode/extensions/golang.go-0.18.1/dist/goMain.js:73541:48)
	at processMessageQueue (/root/.vscode/extensions/golang.go-0.18.1/dist/goMain.js:73356:17)
	at Immediate.<anonymous> (/root/.vscode/extensions/golang.go-0.18.1/dist/goMain.js:73340:13)
	at processImmediate (internal/timers.js:439:21)
[2020-11-20 15:59:58.928] [exthost] [error] [golang.go] provider FAILED
[2020-11-20 15:59:58.928] [exthost] [error] Error: no object found for ident CreatBook: no object found
	at handleResponse (/root/.vscode/extensions/golang.go-0.18.1/dist/goMain.js:73541:48)
	at processMessageQueue (/root/.vscode/extensions/golang.go-0.18.1/dist/goMain.js:73356:17)
	at Immediate.<anonymous> (/root/.vscode/extensions/golang.go-0.18.1/dist/goMain.js:73340:13)
	at processImmediate (internal/timers.js:439:21)
[2020-11-20 15:59:59.261] [exthost] [error] [golang.go] provider FAILED
[2020-11-20 15:59:59.261] [exthost] [error] Error: no object found for ident CreatBook: no object found
	at handleResponse (/root/.vscode/extensions/golang.go-0.18.1/dist/goMain.js:73541:48)
	at processMessageQueue (/root/.vscode/extensions/golang.go-0.18.1/dist/goMain.js:73356:17)
	at Immediate.<anonymous> (/root/.vscode/extensions/golang.go-0.18.1/dist/goMain.js:73340:13)
	at processImmediate (internal/timers.js:439:21)
[2020-11-20 16:00:00.614] [exthost] [error] [golang.go] provider FAILED
[2020-11-20 16:00:00.614] [exthost] [error] Error: no object found for ident CreatBook: no object found
	at handleResponse (/root/.vscode/extensions/golang.go-0.18.1/dist/goMain.js:73541:48)
	at processMessageQueue (/root/.vscode/extensions/golang.go-0.18.1/dist/goMain.js:73356:17)
	at Immediate.<anonymous> (/root/.vscode/extensions/golang.go-0.18.1/dist/goMain.js:73340:13)
	at processImmediate (internal/timers.js:439:21)
[2020-11-20 16:05:38.220] [exthost] [error] [golang.go] provider FAILED
[2020-11-20 16:05:38.220] [exthost] [error] Error: no identifier found
	at handleResponse (/root/.vscode/extensions/golang.go-0.18.1/dist/goMain.js:73541:48)
	at processMessageQueue (/root/.vscode/extensions/golang.go-0.18.1/dist/goMain.js:73356:17)
	at Immediate.<anonymous> (/root/.vscode/extensions/golang.go-0.18.1/dist/goMain.js:73340:13)
	at processImmediate (internal/timers.js:439:21)
[2020-11-20 16:05:53.553] [exthost] [error] [golang.go] provider FAILED
[2020-11-20 16:05:53.553] [exthost] [error] Error: no identifier found
	at handleResponse (/root/.vscode/extensions/golang.go-0.18.1/dist/goMain.js:73541:48)
	at processMessageQueue (/root/.vscode/extensions/golang.go-0.18.1/dist/goMain.js:73356:17)
	at Immediate.<anonymous> (/root/.vscode/extensions/golang.go-0.18.1/dist/goMain.js:73340:13)
	at processImmediate (internal/timers.js:439:21)
[2020-11-20 16:07:17.806] [exthost] [error] [golang.go] provider FAILED
[2020-11-20 16:07:17.807] [exthost] [error] Error: no identifier found
	at handleResponse (/root/.vscode/extensions/golang.go-0.18.1/dist/goMain.js:73541:48)
	at processMessageQueue (/root/.vscode/extensions/golang.go-0.18.1/dist/goMain.js:73356:17)
	at Immediate.<anonymous> (/root/.vscode/extensions/golang.go-0.18.1/dist/goMain.js:73340:13)
	at processImmediate (internal/timers.js:439:21)
[2020-11-20 16:07:17.953] [exthost] [error] [golang.go] provider FAILED
[2020-11-20 16:07:17.953] [exthost] [error] Error: no identifier found
	at handleResponse (/root/.vscode/extensions/golang.go-0.18.1/dist/goMain.js:73541:48)
	at processMessageQueue (/root/.vscode/extensions/golang.go-0.18.1/dist/goMain.js:73356:17)
	at Immediate.<anonymous> (/root/.vscode/extensions/golang.go-0.18.1/dist/goMain.js:73340:13)
	at processImmediate (internal/timers.js:439:21)
[2020-11-20 16:07:18.743] [exthost] [error] [golang.go] provider FAILED
[2020-11-20 16:07:18.743] [exthost] [error] Error: no identifier found
	at handleResponse (/root/.vscode/extensions/golang.go-0.18.1/dist/goMain.js:73541:48)
	at processMessageQueue (/root/.vscode/extensions/golang.go-0.18.1/dist/goMain.js:73356:17)
	at Immediate.<anonymous> (/root/.vscode/extensions/golang.go-0.18.1/dist/goMain.js:73340:13)
	at processImmediate (internal/timers.js:439:21)
[2020-11-20 16:10:50.684] [exthost] [error] [golang.go] provider FAILED
[2020-11-20 16:10:50.685] [exthost] [error] Error: no identifier found
	at handleResponse (/root/.vscode/extensions/golang.go-0.18.1/dist/goMain.js:73541:48)
	at processMessageQueue (/root/.vscode/extensions/golang.go-0.18.1/dist/goMain.js:73356:17)
	at Immediate.<anonymous> (/root/.vscode/extensions/golang.go-0.18.1/dist/goMain.js:73340:13)
	at processImmediate (internal/timers.js:439:21)
[2020-11-20 16:10:50.744] [exthost] [error] [golang.go] provider FAILED
[2020-11-20 16:10:50.744] [exthost] [error] Error: no identifier found
	at handleResponse (/root/.vscode/extensions/golang.go-0.18.1/dist/goMain.js:73541:48)
	at processMessageQueue (/root/.vscode/extensions/golang.go-0.18.1/dist/goMain.js:73356:17)
	at Immediate.<anonymous> (/root/.vscode/extensions/golang.go-0.18.1/dist/goMain.js:73340:13)
	at processImmediate (internal/timers.js:439:21)
[2020-11-20 16:10:51.700] [exthost] [error] [golang.go] provider FAILED
[2020-11-20 16:10:51.700] [exthost] [error] Error: no identifier found
	at handleResponse (/root/.vscode/extensions/golang.go-0.18.1/dist/goMain.js:73541:48)
	at processMessageQueue (/root/.vscode/extensions/golang.go-0.18.1/dist/goMain.js:73356:17)
	at Immediate.<anonymous> (/root/.vscode/extensions/golang.go-0.18.1/dist/goMain.js:73340:13)
	at processImmediate (internal/timers.js:439:21)
[2020-11-20 16:10:51.800] [exthost] [error] [golang.go] provider FAILED
[2020-11-20 16:10:51.800] [exthost] [error] Error: no identifier found
	at handleResponse (/root/.vscode/extensions/golang.go-0.18.1/dist/goMain.js:73541:48)
	at processMessageQueue (/root/.vscode/extensions/golang.go-0.18.1/dist/goMain.js:73356:17)
	at Immediate.<anonymous> (/root/.vscode/extensions/golang.go-0.18.1/dist/goMain.js:73340:13)
	at processImmediate (internal/timers.js:439:21)
[2020-11-20 16:15:00.688] [exthost] [error] [golang.go] provider FAILED
[2020-11-20 16:15:00.688] [exthost] [error] Error: no identifier found
	at handleResponse (/root/.vscode/extensions/golang.go-0.18.1/dist/goMain.js:73541:48)
	at processMessageQueue (/root/.vscode/extensions/golang.go-0.18.1/dist/goMain.js:73356:17)
	at Immediate.<anonymous> (/root/.vscode/extensions/golang.go-0.18.1/dist/goMain.js:73340:13)
	at processImmediate (internal/timers.js:439:21)
[2020-11-20 16:15:01.134] [exthost] [error] [golang.go] provider FAILED
[2020-11-20 16:15:01.134] [exthost] [error] Error: no identifier found
	at handleResponse (/root/.vscode/extensions/golang.go-0.18.1/dist/goMain.js:73541:48)
	at processMessageQueue (/root/.vscode/extensions/golang.go-0.18.1/dist/goMain.js:73356:17)
	at Immediate.<anonymous> (/root/.vscode/extensions/golang.go-0.18.1/dist/goMain.js:73340:13)
	at processImmediate (internal/timers.js:439:21)
[2020-11-20 16:15:03.519] [exthost] [error] [golang.go] provider FAILED
[2020-11-20 16:15:03.520] [exthost] [error] Error: no identifier found
	at handleResponse (/root/.vscode/extensions/golang.go-0.18.1/dist/goMain.js:73541:48)
	at processMessageQueue (/root/.vscode/extensions/golang.go-0.18.1/dist/goMain.js:73356:17)
	at Immediate.<anonymous> (/root/.vscode/extensions/golang.go-0.18.1/dist/goMain.js:73340:13)
	at processImmediate (internal/timers.js:439:21)
[2020-11-20 16:15:03.674] [exthost] [error] [golang.go] provider FAILED
[2020-11-20 16:15:03.675] [exthost] [error] Error: no identifier found
	at handleResponse (/root/.vscode/extensions/golang.go-0.18.1/dist/goMain.js:73541:48)
	at processMessageQueue (/root/.vscode/extensions/golang.go-0.18.1/dist/goMain.js:73356:17)
	at Immediate.<anonymous> (/root/.vscode/extensions/golang.go-0.18.1/dist/goMain.js:73340:13)
	at processImmediate (internal/timers.js:439:21)
[2020-11-20 16:15:08.379] [exthost] [error] [golang.go] provider FAILED
[2020-11-20 16:15:08.379] [exthost] [error] Error: no identifier found
	at handleResponse (/root/.vscode/extensions/golang.go-0.18.1/dist/goMain.js:73541:48)
	at processMessageQueue (/root/.vscode/extensions/golang.go-0.18.1/dist/goMain.js:73356:17)
	at Immediate.<anonymous> (/root/.vscode/extensions/golang.go-0.18.1/dist/goMain.js:73340:13)
	at processImmediate (internal/timers.js:439:21)
[2020-11-20 16:15:08.934] [exthost] [error] [golang.go] provider FAILED
[2020-11-20 16:15:08.934] [exthost] [error] Error: no identifier found
	at handleResponse (/root/.vscode/extensions/golang.go-0.18.1/dist/goMain.js:73541:48)
	at processMessageQueue (/root/.vscode/extensions/golang.go-0.18.1/dist/goMain.js:73356:17)
	at Immediate.<anonymous> (/root/.vscode/extensions/golang.go-0.18.1/dist/goMain.js:73340:13)
	at processImmediate (internal/timers.js:439:21)
[2020-11-20 16:15:21.680] [exthost] [error] [golang.go] provider FAILED
[2020-11-20 16:15:21.680] [exthost] [error] Error: no object found for ident Update: no object found
	at handleResponse (/root/.vscode/extensions/golang.go-0.18.1/dist/goMain.js:73541:48)
	at processMessageQueue (/root/.vscode/extensions/golang.go-0.18.1/dist/goMain.js:73356:17)
	at Immediate.<anonymous> (/root/.vscode/extensions/golang.go-0.18.1/dist/goMain.js:73340:13)
	at processImmediate (internal/timers.js:439:21)
[2020-11-20 16:15:21.868] [exthost] [error] [golang.go] provider FAILED
[2020-11-20 16:15:21.868] [exthost] [error] Error: no object found for ident Update: no object found
	at handleResponse (/root/.vscode/extensions/golang.go-0.18.1/dist/goMain.js:73541:48)
	at processMessageQueue (/root/.vscode/extensions/golang.go-0.18.1/dist/goMain.js:73356:17)
	at Immediate.<anonymous> (/root/.vscode/extensions/golang.go-0.18.1/dist/goMain.js:73340:13)
	at processImmediate (internal/timers.js:439:21)
[2020-11-20 16:15:22.306] [exthost] [error] [golang.go] provider FAILED
[2020-11-20 16:15:22.306] [exthost] [error] Error: no object found for ident UpdateBook: no object found
	at handleResponse (/root/.vscode/extensions/golang.go-0.18.1/dist/goMain.js:73541:48)
	at processMessageQueue (/root/.vscode/extensions/golang.go-0.18.1/dist/goMain.js:73356:17)
	at Immediate.<anonymous> (/root/.vscode/extensions/golang.go-0.18.1/dist/goMain.js:73340:13)
	at processImmediate (internal/timers.js:439:21)
[2020-11-20 16:15:22.500] [exthost] [error] [golang.go] provider FAILED
[2020-11-20 16:15:22.501] [exthost] [error] Error: no object found for ident UpdateBook: no object found
	at handleResponse (/root/.vscode/extensions/golang.go-0.18.1/dist/goMain.js:73541:48)
	at processMessageQueue (/root/.vscode/extensions/golang.go-0.18.1/dist/goMain.js:73356:17)
	at Immediate.<anonymous> (/root/.vscode/extensions/golang.go-0.18.1/dist/goMain.js:73340:13)
	at processImmediate (internal/timers.js:439:21)
[2020-11-20 16:17:02.044] [exthost] [error] [golang.go] provider FAILED
[2020-11-20 16:17:02.044] [exthost] [error] Error: no identifier found
	at handleResponse (/root/.vscode/extensions/golang.go-0.18.1/dist/goMain.js:73541:48)
	at processMessageQueue (/root/.vscode/extensions/golang.go-0.18.1/dist/goMain.js:73356:17)
	at Immediate.<anonymous> (/root/.vscode/extensions/golang.go-0.18.1/dist/goMain.js:73340:13)
	at processImmediate (internal/timers.js:439:21)
[2020-11-20 16:17:02.154] [exthost] [error] [golang.go] provider FAILED
[2020-11-20 16:17:02.154] [exthost] [error] Error: no identifier found
	at handleResponse (/root/.vscode/extensions/golang.go-0.18.1/dist/goMain.js:73541:48)
	at processMessageQueue (/root/.vscode/extensions/golang.go-0.18.1/dist/goMain.js:73356:17)
	at Immediate.<anonymous> (/root/.vscode/extensions/golang.go-0.18.1/dist/goMain.js:73340:13)
	at processImmediate (internal/timers.js:439:21)
[2020-11-20 16:20:20.408] [exthost] [error] [golang.go] provider FAILED
[2020-11-20 16:20:20.408] [exthost] [error] Error: invalid pos
	at handleResponse (/root/.vscode/extensions/golang.go-0.18.1/dist/goMain.js:73541:48)
	at processMessageQueue (/root/.vscode/extensions/golang.go-0.18.1/dist/goMain.js:73356:17)
	at Immediate.<anonymous> (/root/.vscode/extensions/golang.go-0.18.1/dist/goMain.js:73340:13)
	at processImmediate (internal/timers.js:439:21)
[2020-11-20 16:20:25.451] [exthost] [error] [golang.go] provider FAILED
[2020-11-20 16:20:25.451] [exthost] [error] Error: invalid pos
	at handleResponse (/root/.vscode/extensions/golang.go-0.18.1/dist/goMain.js:73541:48)
	at processMessageQueue (/root/.vscode/extensions/golang.go-0.18.1/dist/goMain.js:73356:17)
	at Immediate.<anonymous> (/root/.vscode/extensions/golang.go-0.18.1/dist/goMain.js:73340:13)
	at processImmediate (internal/timers.js:439:21)
[2020-11-20 16:20:28.226] [exthost] [error] [golang.go] provider FAILED
[2020-11-20 16:20:28.226] [exthost] [error] Error: invalid pos
	at handleResponse (/root/.vscode/extensions/golang.go-0.18.1/dist/goMain.js:73541:48)
	at processMessageQueue (/root/.vscode/extensions/golang.go-0.18.1/dist/goMain.js:73356:17)
	at Immediate.<anonymous> (/root/.vscode/extensions/golang.go-0.18.1/dist/goMain.js:73340:13)
	at processImmediate (internal/timers.js:439:21)
[2020-11-20 16:20:29.231] [exthost] [error] [golang.go] provider FAILED
[2020-11-20 16:20:29.232] [exthost] [error] Error: invalid pos
	at handleResponse (/root/.vscode/extensions/golang.go-0.18.1/dist/goMain.js:73541:48)
	at processMessageQueue (/root/.vscode/extensions/golang.go-0.18.1/dist/goMain.js:73356:17)
	at Immediate.<anonymous> (/root/.vscode/extensions/golang.go-0.18.1/dist/goMain.js:73340:13)
	at processImmediate (internal/timers.js:439:21)
[2020-11-20 16:20:30.543] [exthost] [error] [golang.go] provider FAILED
[2020-11-20 16:20:30.544] [exthost] [error] Error: invalid pos
	at handleResponse (/root/.vscode/extensions/golang.go-0.18.1/dist/goMain.js:73541:48)
	at processMessageQueue (/root/.vscode/extensions/golang.go-0.18.1/dist/goMain.js:73356:17)
	at Immediate.<anonymous> (/root/.vscode/extensions/golang.go-0.18.1/dist/goMain.js:73340:13)
	at processImmediate (internal/timers.js:439:21)
[2020-11-20 16:20:32.464] [exthost] [error] [golang.go] provider FAILED
[2020-11-20 16:20:32.464] [exthost] [error] Error: invalid pos
	at handleResponse (/root/.vscode/extensions/golang.go-0.18.1/dist/goMain.js:73541:48)
	at processMessageQueue (/root/.vscode/extensions/golang.go-0.18.1/dist/goMain.js:73356:17)
	at Immediate.<anonymous> (/root/.vscode/extensions/golang.go-0.18.1/dist/goMain.js:73340:13)
	at processImmediate (internal/timers.js:439:21)
[2020-11-20 16:21:22.991] [exthost] [error] [golang.go] provider FAILED
[2020-11-20 16:21:22.991] [exthost] [error] Error: invalid pos
	at handleResponse (/root/.vscode/extensions/golang.go-0.18.1/dist/goMain.js:73541:48)
	at processMessageQueue (/root/.vscode/extensions/golang.go-0.18.1/dist/goMain.js:73356:17)
	at Immediate.<anonymous> (/root/.vscode/extensions/golang.go-0.18.1/dist/goMain.js:73340:13)
	at processImmediate (internal/timers.js:439:21)
[2020-11-20 16:21:25.415] [exthost] [error] [golang.go] provider FAILED
[2020-11-20 16:21:25.415] [exthost] [error] Error: invalid pos
	at handleResponse (/root/.vscode/extensions/golang.go-0.18.1/dist/goMain.js:73541:48)
	at processMessageQueue (/root/.vscode/extensions/golang.go-0.18.1/dist/goMain.js:73356:17)
	at Immediate.<anonymous> (/root/.vscode/extensions/golang.go-0.18.1/dist/goMain.js:73340:13)
	at processImmediate (internal/timers.js:439:21)
[2020-11-20 16:21:25.948] [exthost] [error] [golang.go] provider FAILED
[2020-11-20 16:21:25.948] [exthost] [error] Error: invalid pos
	at handleResponse (/root/.vscode/extensions/golang.go-0.18.1/dist/goMain.js:73541:48)
	at processMessageQueue (/root/.vscode/extensions/golang.go-0.18.1/dist/goMain.js:73356:17)
	at Immediate.<anonymous> (/root/.vscode/extensions/golang.go-0.18.1/dist/goMain.js:73340:13)
	at processImmediate (internal/timers.js:439:21)
[2020-11-20 16:22:20.721] [exthost] [error] [golang.go] provider FAILED
[2020-11-20 16:22:20.721] [exthost] [error] Error: invalid pos
	at handleResponse (/root/.vscode/extensions/golang.go-0.18.1/dist/goMain.js:73541:48)
	at processMessageQueue (/root/.vscode/extensions/golang.go-0.18.1/dist/goMain.js:73356:17)
	at Immediate.<anonymous> (/root/.vscode/extensions/golang.go-0.18.1/dist/goMain.js:73340:13)
	at processImmediate (internal/timers.js:439:21)
[2020-11-20 16:22:21.653] [exthost] [error] [golang.go] provider FAILED
[2020-11-20 16:22:21.653] [exthost] [error] Error: invalid pos
	at handleResponse (/root/.vscode/extensions/golang.go-0.18.1/dist/goMain.js:73541:48)
	at processMessageQueue (/root/.vscode/extensions/golang.go-0.18.1/dist/goMain.js:73356:17)
	at Immediate.<anonymous> (/root/.vscode/extensions/golang.go-0.18.1/dist/goMain.js:73340:13)
	at processImmediate (internal/timers.js:439:21)
[2020-11-20 16:24:29.593] [exthost] [error] [golang.go] provider FAILED
[2020-11-20 16:24:29.593] [exthost] [error] Error: no object found for ident UpdateBook: no object found
	at handleResponse (/root/.vscode/extensions/golang.go-0.18.1/dist/goMain.js:73541:48)
	at processMessageQueue (/root/.vscode/extensions/golang.go-0.18.1/dist/goMain.js:73356:17)
	at Immediate.<anonymous> (/root/.vscode/extensions/golang.go-0.18.1/dist/goMain.js:73340:13)
	at processImmediate (internal/timers.js:439:21)
[2020-11-20 16:24:30.094] [exthost] [error] [golang.go] provider FAILED
[2020-11-20 16:24:30.094] [exthost] [error] Error: no identifier found
	at handleResponse (/root/.vscode/extensions/golang.go-0.18.1/dist/goMain.js:73541:48)
	at processMessageQueue (/root/.vscode/extensions/golang.go-0.18.1/dist/goMain.js:73356:17)
	at Immediate.<anonymous> (/root/.vscode/extensions/golang.go-0.18.1/dist/goMain.js:73340:13)
	at processImmediate (internal/timers.js:439:21)
[2020-11-20 16:29:58.318] [exthost] [error] [golang.go] provider FAILED
[2020-11-20 16:29:58.318] [exthost] [error] Error: invalid pos
	at handleResponse (/root/.vscode/extensions/golang.go-0.18.1/dist/goMain.js:73541:48)
	at processMessageQueue (/root/.vscode/extensions/golang.go-0.18.1/dist/goMain.js:73356:17)
	at Immediate.<anonymous> (/root/.vscode/extensions/golang.go-0.18.1/dist/goMain.js:73340:13)
	at processImmediate (internal/timers.js:439:21)
[2020-11-20 16:30:10.876] [exthost] [error] [golang.go] provider FAILED
[2020-11-20 16:30:10.876] [exthost] [error] Error: context canceled
	at handleResponse (/root/.vscode/extensions/golang.go-0.18.1/dist/goMain.js:73541:48)
	at processMessageQueue (/root/.vscode/extensions/golang.go-0.18.1/dist/goMain.js:73356:17)
	at Immediate.<anonymous> (/root/.vscode/extensions/golang.go-0.18.1/dist/goMain.js:73340:13)
	at processImmediate (internal/timers.js:439:21)
[2020-11-20 16:30:16.397] [exthost] [error] [golang.go] provider FAILED
[2020-11-20 16:30:16.397] [exthost] [error] Error: invalid pos
	at handleResponse (/root/.vscode/extensions/golang.go-0.18.1/dist/goMain.js:73541:48)
	at processMessageQueue (/root/.vscode/extensions/golang.go-0.18.1/dist/goMain.js:73356:17)
	at Immediate.<anonymous> (/root/.vscode/extensions/golang.go-0.18.1/dist/goMain.js:73340:13)
	at processImmediate (internal/timers.js:439:21)
[2020-11-20 16:49:20.700] [exthost] [error] [golang.go] provider FAILED
[2020-11-20 16:49:20.700] [exthost] [error] Canceled: Canceled
	at LanguageClient.makeCancelError (/root/.vscode/extensions/golang.go-0.18.1/dist/goMain.js:13142:24)
	at LanguageClient.handleFailedRequest (/root/.vscode/extensions/golang.go-0.18.1/dist/goMain.js:13132:28)
	at /root/.vscode/extensions/golang.go-0.18.1/dist/goMain.js:11450:39
